13.7237 	WARNING 	User requested fullscreen with size [1680 1050], but screen is actually [1920, 1080]. Using actual size
17.7279 	WARNING 	Couldn't measure a consistent frame rate.
  - Is your graphics card set to sync to vertical blank?
  - Are you running other processes on your computer?

17.7288 	EXP 	Created window1 = Window(allowGUI=False, allowStencil=False, args=UNKNOWN, autoLog=True, bitsMode=UNKNOWN, blendMode='avg', color=array([1., 1., 1.]), colorSpace='rgb', fullscr=UNKNOWN, gamma=None, kwargs=UNKNOWN, lms=UNKNOWN, monitor=<psychopy.monitors.calibTools.Monitor object at 0x12ed96828>, multiSample=False, name='window1', numSamples=2, pos=[0.0, 0.0], screen=0, size=array([1920, 1080]), stereo=False, units='norm', useFBO=True, useRetina=False, viewOri=0.0, viewPos=None, viewScale=None, waitBlanking=True, winType='pyglet')
17.7288 	EXP 	window1: recordFrameIntervals = False
17.9862 	EXP 	window1: recordFrameIntervals = True
18.0619 	WARNING 	t of last frame was 29.65ms (=1/33)
18.0834 	WARNING 	t of last frame was 21.48ms (=1/46)
18.1164 	WARNING 	t of last frame was 33.04ms (=1/30)
18.1445 	WARNING 	t of last frame was 28.14ms (=1/35)
18.1999 	WARNING 	Multiple dropped frames have occurred - I'll stop bothering you about them!
20.5949 	WARNING 	Couldn't measure a consistent frame rate.
  - Is your graphics card set to sync to vertical blank?
  - Are you running other processes on your computer?

20.7029 	EXP 	Created text_8 = TextStim(__class__=<class 'psychopy.visual.text.TextStim'>, alignHoriz='center', alignVert='center', antialias=True, autoLog=True, bold=False, color='black', colorSpace='named', contrast=1.0, depth=0.0, flipHoriz=False, flipVert=False, font='Arial', fontFiles=[], height=0.1, italic=False, name='text_8', opacity=1.0, ori=0, pos=array([0., 0.]), rgb=array([0., 0., 0.]), text='Welcome!', units='norm', win=Window(...), wrapWidth=1)
20.7224 	EXP 	Created text_9 = TextStim(__class__=<class 'psychopy.visual.text.TextStim'>, alignHoriz='center', alignVert='center', antialias=True, autoLog=True, bold=False, color='black', colorSpace='named', contrast=1.0, depth=-1.0, flipHoriz=False, flipVert=False, font='Arial', fontFiles=[], height=0.1, italic=False, name='text_9', opacity=1.0, ori=0, pos=array([0., 0.]), rgb=array([0., 0., 0.]), text=str(...), units='norm', win=Window(...), wrapWidth=1)
20.7327 	EXP 	Created text_10 = TextStim(__class__=<class 'psychopy.visual.text.TextStim'>, alignHoriz='center', alignVert='center', antialias=True, autoLog=True, bold=False, color='black', colorSpace='named', contrast=1.0, depth=-2.0, flipHoriz=False, flipVert=False, font='Arial', fontFiles=[], height=0.1, italic=False, name='text_10', opacity=1.0, ori=0, pos=array([0., 0.]), rgb=array([0., 0., 0.]), text=str(...), units='norm', win=Window(...), wrapWidth=1)
20.7394 	EXP 	Created text_13 = TextStim(__class__=<class 'psychopy.visual.text.TextStim'>, alignHoriz='center', alignVert='center', antialias=True, autoLog=True, bold=False, color='black', colorSpace='named', contrast=1.0, depth=-3.0, flipHoriz=False, flipVert=False, font='Arial', fontFiles=[], height=0.1, italic=False, name='text_13', opacity=1.0, ori=0, pos=array([0., 0.]), rgb=array([0., 0., 0.]), text='Each pair will look like this.', units='norm', win=Window(...), wrapWidth=1)
20.7635 	EXP 	Created image_2 = ImageStim(__class__=<class 'psychopy.visual.image.ImageStim'>, autoLog=True, color=array([1., 1., 1.]), colorSpace='rgb', contrast=1.0, depth=0.0, flipHoriz=False, flipVert=False, image='sin', interpolate=True, mask=None, maskParams=None, name='image_2', opacity=1.0, ori=0.0, pos=array([-200.,    0.]), size=array([300., 300.]), texRes=128, units='pix', win=Window(...))
20.7681 	EXP 	Created text_12 = TextStim(__class__=<class 'psychopy.visual.text.TextStim'>, alignHoriz='center', alignVert='center', antialias=True, autoLog=True, bold=False, color='black', colorSpace='named', contrast=1.0, depth=-1.0, flipHoriz=False, flipVert=False, font='Arial', fontFiles=[], height=0.1, italic=False, name='text_12', opacity=1.0, ori=0, pos=array([0.2, 0. ]), rgb=array([0., 0., 0.]), text='default text', units='norm', win=Window(...), wrapWidth=1)
20.7781 	EXP 	Created text_14 = TextStim(__class__=<class 'psychopy.visual.text.TextStim'>, alignHoriz='center', alignVert='center', antialias=True, autoLog=True, bold=False, color='black', colorSpace='named', contrast=1.0, depth=0.0, flipHoriz=False, flipVert=False, font='Arial', fontFiles=[], height=0.1, italic=False, name='text_14', opacity=1.0, ori=0, pos=array([0., 0.]), rgb=array([0., 0., 0.]), text=str(...), units='norm', win=Window(...), wrapWidth=1)
20.7867 	EXP 	Created text_15 = TextStim(__class__=<class 'psychopy.visual.text.TextStim'>, alignHoriz='center', alignVert='center', antialias=True, autoLog=True, bold=False, color='green', colorSpace='named', contrast=1.0, depth=-1.0, flipHoriz=False, flipVert=False, font='Arial', fontFiles=[], height=0.1, italic=False, name='text_15', opacity=1.0, ori=0, pos=array([0., 0.]), rgb=array([  0., 128.,   0.]), text=str(...), units='norm', win=Window(...), wrapWidth=1)
20.7929 	EXP 	Created text_16 = TextStim(__class__=<class 'psychopy.visual.text.TextStim'>, alignHoriz='center', alignVert='center', antialias=True, autoLog=True, bold=False, color='red', colorSpace='named', contrast=1.0, depth=-2.0, flipHoriz=False, flipVert=False, font='Arial', fontFiles=[], height=0.1, italic=False, name='text_16', opacity=1.0, ori=0, pos=array([0., 0.]), rgb=array([255.,   0.,   0.]), text=str(...), units='norm', win=Window(...), wrapWidth=1)
20.7988 	EXP 	Created text_17 = TextStim(__class__=<class 'psychopy.visual.text.TextStim'>, alignHoriz='center', alignVert='center', antialias=True, autoLog=True, bold=False, color='black', colorSpace='named', contrast=1.0, depth=-3.0, flipHoriz=False, flipVert=False, font='Arial', fontFiles=[], height=0.1, italic=False, name='text_17', opacity=1.0, ori=0, pos=array([0., 0.]), rgb=array([0., 0., 0.]), text="Let's do a practice round.", units='norm', win=Window(...), wrapWidth=1)
20.8005 	EXP 	Created image_3 = ImageStim(__class__=<class 'psychopy.visual.image.ImageStim'>, autoLog=True, color=array([1., 1., 1.]), colorSpace='rgb', contrast=1.0, depth=0.0, flipHoriz=False, flipVert=False, image='sin', interpolate=True, mask=None, maskParams=None, name='image_3', opacity=1.0, ori=0.0, pos=array([-200.,    0.]), size=array([300., 300.]), texRes=128, units='pix', win=Window(...))
20.8069 	EXP 	Created text_18 = TextStim(__class__=<class 'psychopy.visual.text.TextStim'>, alignHoriz='center', alignVert='center', antialias=True, autoLog=True, bold=False, color='black', colorSpace='named', contrast=1.0, depth=-1.0, flipHoriz=False, flipVert=False, font='Arial', fontFiles=[], height=0.1, italic=False, name='text_18', opacity=1.0, ori=0, pos=array([0.2, 0. ]), rgb=array([0., 0., 0.]), text='default text', units='norm', win=Window(...), wrapWidth=1)
20.8125 	EXP 	Created text_20 = TextStim(__class__=<class 'psychopy.visual.text.TextStim'>, alignHoriz='center', alignVert='center', antialias=True, autoLog=True, bold=False, color='black', colorSpace='named', contrast=1.0, depth=0.0, flipHoriz=False, flipVert=False, font='Arial', fontFiles=[], height=0.1, italic=False, name='text_20', opacity=1.0, ori=0, pos=array([0., 0.]), rgb=array([0., 0., 0.]), text='Great job!', units='norm', win=Window(...), wrapWidth=1)
20.8215 	EXP 	Created text_22 = TextStim(__class__=<class 'psychopy.visual.text.TextStim'>, alignHoriz='center', alignVert='center', antialias=True, autoLog=True, bold=False, color='black', colorSpace='named', contrast=1.0, depth=-1.0, flipHoriz=False, flipVert=False, font='Arial', fontFiles=[], height=0.1, italic=False, name='text_22', opacity=1.0, ori=0, pos=array([0., 0.]), rgb=array([0., 0., 0.]), text=str(...), units='norm', win=Window(...), wrapWidth=1)
20.8329 	EXP 	Created text_21 = TextStim(__class__=<class 'psychopy.visual.text.TextStim'>, alignHoriz='center', alignVert='center', antialias=True, autoLog=True, bold=False, color='black', colorSpace='named', contrast=1.0, depth=-2.0, flipHoriz=False, flipVert=False, font='Arial', fontFiles=[], height=0.1, italic=False, name='text_21', opacity=1.0, ori=0, pos=array([0., 0.]), rgb=array([0., 0., 0.]), text=str(...), units='norm', win=Window(...), wrapWidth=1)
20.8462 	EXP 	Created text_23 = TextStim(__class__=<class 'psychopy.visual.text.TextStim'>, alignHoriz='center', alignVert='center', antialias=True, autoLog=True, bold=False, color='black', colorSpace='named', contrast=1.0, depth=-3.0, flipHoriz=False, flipVert=False, font='Arial', fontFiles=[], height=0.1, italic=False, name='text_23', opacity=1.0, ori=0, pos=array([0., 0.]), rgb=array([0., 0., 0.]), text=str(...), units='norm', win=Window(...), wrapWidth=1)
20.8517 	EXP 	Created text_24 = TextStim(__class__=<class 'psychopy.visual.text.TextStim'>, alignHoriz='center', alignVert='center', antialias=True, autoLog=True, bold=False, color='black', colorSpace='named', contrast=1.0, depth=-4.0, flipHoriz=False, flipVert=False, font='Arial', fontFiles=[], height=0.1, italic=False, name='text_24', opacity=1.0, ori=0, pos=array([0., 0.]), rgb=array([0., 0., 0.]), text="Okay! Let's get going.", units='norm', win=Window(...), wrapWidth=1)
20.8569 	EXP 	Created text_3 = TextStim(__class__=<class 'psychopy.visual.text.TextStim'>, alignHoriz='center', alignVert='center', antialias=True, autoLog=True, bold=False, color='black', colorSpace='named', contrast=1.0, depth=-1.0, flipHoriz=False, flipVert=False, font='Arial', fontFiles=[], height=0.1, italic=False, name='text_3', opacity=1.0, ori=0, pos=array([0., 0.]), rgb=array([0., 0., 0.]), text='The matching task will begin soon', units='norm', win=Window(...), wrapWidth=1)
20.8588 	EXP 	Created image = ImageStim(__class__=<class 'psychopy.visual.image.ImageStim'>, autoLog=True, color=array([1., 1., 1.]), colorSpace='rgb', contrast=1.0, depth=0.0, flipHoriz=False, flipVert=False, image='sin', interpolate=True, mask=None, maskParams=None, name='image', opacity=1.0, ori=0.0, pos=array([-200.,    0.]), size=array([1., 1.]), texRes=128, units='pix', win=Window(...))
20.8630 	EXP 	Created text = TextStim(__class__=<class 'psychopy.visual.text.TextStim'>, alignHoriz='center', alignVert='center', antialias=True, autoLog=True, bold=False, color='black', colorSpace='named', contrast=1.0, depth=-1.0, flipHoriz=False, flipVert=False, font='Arial', fontFiles=[], height=0.1, italic=False, name='text', opacity=1.0, ori=0, pos=array([0.2, 0. ]), rgb=array([0., 0., 0.]), text='default text', units='norm', win=Window(...), wrapWidth=1)
20.8675 	EXP 	Created text_2 = TextStim(__class__=<class 'psychopy.visual.text.TextStim'>, alignHoriz='center', alignVert='center', antialias=True, autoLog=True, bold=False, color='black', colorSpace='named', contrast=1.0, depth=0.0, flipHoriz=False, flipVert=False, font='Arial', fontFiles=[], height=0.1, italic=False, name='text_2', opacity=1.0, ori=0, pos=array([0., 0.]), rgb=array([0., 0., 0.]), text='default text', units='norm', win=Window(...), wrapWidth=1)
20.8731 	EXP 	Created text_4 = TextStim(__class__=<class 'psychopy.visual.text.TextStim'>, alignHoriz='center', alignVert='center', antialias=True, autoLog=True, bold=False, color='black', colorSpace='named', contrast=1.0, depth=0.0, flipHoriz=False, flipVert=False, font='Arial', fontFiles=[], height=0.1, italic=False, name='text_4', opacity=1.0, ori=0, pos=array([0., 0.]), rgb=array([0., 0., 0.]), text='This round is now complete', units='norm', win=Window(...), wrapWidth=1)
20.8790 	EXP 	Created text_5 = TextStim(__class__=<class 'psychopy.visual.text.TextStim'>, alignHoriz='center', alignVert='center', antialias=True, autoLog=True, bold=False, color='black', colorSpace='named', contrast=1.0, depth=0.0, flipHoriz=False, flipVert=False, font='Arial', fontFiles=[], height=0.1, italic=False, name='text_5', opacity=1.0, ori=0, pos=array([0., 0.]), rgb=array([0., 0., 0.]), text='Thank you for participating!', units='norm', win=Window(...), wrapWidth=1)
20.8885 	EXP 	Created text_6 = TextStim(__class__=<class 'psychopy.visual.text.TextStim'>, alignHoriz='center', alignVert='center', antialias=True, autoLog=True, bold=False, color='black', colorSpace='named', contrast=1.0, depth=-1.0, flipHoriz=False, flipVert=False, font='Arial', fontFiles=[], height=0.1, italic=False, name='text_6', opacity=1.0, ori=0, pos=array([0., 0.]), rgb=array([0., 0., 0.]), text=str(...), units='norm', win=Window(...), wrapWidth=1)
20.8955 	EXP 	Created text_7 = TextStim(__class__=<class 'psychopy.visual.text.TextStim'>, alignHoriz='center', alignVert='center', antialias=True, autoLog=True, bold=False, color='black', colorSpace='named', contrast=1.0, depth=-2.0, flipHoriz=False, flipVert=False, font='Arial', fontFiles=[], height=0.1, italic=False, name='text_7', opacity=1.0, ori=0, pos=array([0., 0.]), rgb=array([0., 0., 0.]), text='An experimenter will come by to assist you', units='norm', win=Window(...), wrapWidth=1)
20.9109 	EXP 	text_8: autoDraw = True
23.9453 	EXP 	text_8: autoDraw = False
23.9453 	EXP 	text_9: autoDraw = True
29.9461 	EXP 	text_9: autoDraw = False
29.9461 	EXP 	text_10: autoDraw = True
35.9274 	EXP 	text_10: autoDraw = False
35.9274 	EXP 	text_13: autoDraw = True
41.9722 	EXP 	Imported images.xlsx as conditions, 1 conditions, 3 params
41.9738 	EXP 	Created sequence: random, trialTypes=1, nReps=1, seed=None
41.9741 	EXP 	New trial (rep=0, index=0): OrderedDict([('images', 'images/volleyball.jpg'), ('name', 'volley ball'), ('corrAns', 'z')])
42.2927 	EXP 	text_8: autoDraw = False
42.2927 	EXP 	text_9: autoDraw = False
42.2927 	EXP 	text_10: autoDraw = False
42.2927 	EXP 	text_13: autoDraw = False
42.2927 	EXP 	image_2: image = 'images/volleyball.jpg'
42.2927 	EXP 	text_12: text = 'volley ball'
42.2927 	EXP 	image_2: autoDraw = True
42.2927 	EXP 	text_12: autoDraw = True
44.9328 	EXP 	image_2: autoDraw = False
44.9328 	EXP 	text_12: autoDraw = False
44.9328 	EXP 	text_14: autoDraw = True
50.9448 	EXP 	text_14: autoDraw = False
50.9448 	EXP 	text_15: autoDraw = True
56.9442 	EXP 	text_15: autoDraw = False
56.9442 	EXP 	text_16: autoDraw = True
62.9450 	EXP 	text_16: autoDraw = False
62.9450 	EXP 	text_17: autoDraw = True
68.9374 	EXP 	Imported images.xlsx as conditions, 1 conditions, 3 params
68.9378 	EXP 	Created sequence: random, trialTypes=1, nReps=1, seed=None
68.9381 	EXP 	New trial (rep=0, index=0): OrderedDict([('images', 'images/puma.jpg'), ('name', 'puma'), ('corrAns', 'z')])
69.1271 	EXP 	text_14: autoDraw = False
69.1271 	EXP 	text_15: autoDraw = False
69.1271 	EXP 	text_16: autoDraw = False
69.1271 	EXP 	text_17: autoDraw = False
69.1271 	EXP 	image_3: image = 'images/puma.jpg'
69.1271 	EXP 	text_18: text = 'puma'
69.1271 	EXP 	image_3: autoDraw = True
69.1271 	EXP 	text_18: autoDraw = True
70.2101 	DATA 	Keypress: z
70.2331 	EXP 	image_3: autoDraw = False
70.2331 	EXP 	text_18: autoDraw = False
70.2331 	EXP 	text_20: autoDraw = True
76.2439 	EXP 	text_20: autoDraw = False
76.2439 	EXP 	text_22: autoDraw = True
82.2665 	EXP 	text_22: autoDraw = False
82.2665 	EXP 	text_21: autoDraw = True
88.2440 	EXP 	text_21: autoDraw = False
88.2440 	EXP 	text_23: autoDraw = True
96.2604 	EXP 	text_23: autoDraw = False
96.2604 	EXP 	text_24: autoDraw = True
102.2421 	EXP 	Imported sounds.xlsx as conditions, 2 conditions, 1 params
102.2428 	EXP 	Created sequence: random, trialTypes=2, nReps=1, seed=None
102.2431 	EXP 	New trial (rep=0, index=0): OrderedDict([('sounds', 'sounds/animalfarm_english.wav')])
102.4200 	EXP 	Set  sound=sounds/animalfarm_english.wav
102.4200 	EXP 	Sound  started
102.4436 	EXP 	text_24: autoDraw = False
102.4436 	EXP 	text_20: autoDraw = False
102.4436 	EXP 	text_22: autoDraw = False
102.4436 	EXP 	text_21: autoDraw = False
102.4436 	EXP 	text_23: autoDraw = False
102.4436 	EXP 	text_24: autoDraw = False
102.4436 	EXP 	text_3: autoDraw = True
112.2736 	EXP 	Imported images.xlsx as conditions, 240 conditions, 3 params
112.2755 	EXP 	Created sequence: random, trialTypes=240, nReps=5, seed=None
112.2759 	EXP 	New trial (rep=0, index=0): OrderedDict([('images', 'images/button07.jpg'), ('name', 'radish'), ('corrAns', 'x')])
112.4912 	EXP 	text_3: autoDraw = False
112.4912 	EXP 	text_3: autoDraw = False
112.4912 	EXP 	image: size = array([300., 300.])
112.4912 	EXP 	image: image = 'images/button07.jpg'
112.4912 	EXP 	text: text = 'radish'
112.4912 	EXP 	image: autoDraw = True
112.4912 	EXP 	text: autoDraw = True
113.3356 	DATA 	Keypress: right
114.6522 	DATA 	Keypress: x
114.6939 	EXP 	image: autoDraw = False
114.6939 	EXP 	text: autoDraw = False
114.6939 	EXP 	text_2: text = 'Correct!'
114.6939 	EXP 	text_2: autoDraw = True
115.6736 	EXP 	New trial (rep=0, index=1): OrderedDict([('images', 'images/bus.jpg'), ('name', 'microphone'), ('corrAns', 'x')])
115.8817 	EXP 	text_2: autoDraw = False
115.8817 	EXP 	text_2: autoDraw = False
115.8817 	EXP 	image: size = array([300., 300.])
115.8817 	EXP 	image: image = 'images/bus.jpg'
115.8817 	EXP 	text: text = 'microphone'
115.8817 	EXP 	image: autoDraw = True
115.8817 	EXP 	text: autoDraw = True
116.8876 	DATA 	Keypress: x
116.8987 	EXP 	image: autoDraw = False
116.8987 	EXP 	text: autoDraw = False
116.8987 	EXP 	text_2: text = 'Correct!'
116.8987 	EXP 	text_2: autoDraw = True
117.8940 	EXP 	New trial (rep=0, index=2): OrderedDict([('images', 'images/desktopcomputer.jpg'), ('name', 'desktop computer'), ('corrAns', 'z')])
118.1315 	EXP 	text_2: autoDraw = False
118.1315 	EXP 	text_2: autoDraw = False
118.1315 	EXP 	image: size = array([300., 300.])
118.1315 	EXP 	image: image = 'images/desktopcomputer.jpg'
118.1315 	EXP 	text: text = 'desktop computer'
118.1315 	EXP 	image: autoDraw = True
118.1315 	EXP 	text: autoDraw = True
119.2855 	DATA 	Keypress: z
119.2998 	EXP 	image: autoDraw = False
119.2998 	EXP 	text: autoDraw = False
119.2998 	EXP 	text_2: text = 'Correct!'
119.2998 	EXP 	text_2: autoDraw = True
120.3013 	EXP 	New trial (rep=0, index=3): OrderedDict([('images', 'images/beachumbrella01.jpg'), ('name', 'beach umbrella'), ('corrAns', 'z')])
120.4809 	EXP 	text_2: autoDraw = False
120.4809 	EXP 	text_2: autoDraw = False
120.4809 	EXP 	image: size = array([300., 300.])
120.4809 	EXP 	image: image = 'images/beachumbrella01.jpg'
120.4809 	EXP 	text: text = 'beach umbrella'
120.4809 	EXP 	image: autoDraw = True
120.4809 	EXP 	text: autoDraw = True
121.1964 	DATA 	Keypress: escape
121.5667 	EXP 	window1: mouseVisible = True
