14.3161 	WARNING 	User requested fullscreen with size [1680 1050], but screen is actually [1920, 1080]. Using actual size
15.6143 	EXP 	Created window1 = Window(allowGUI=False, allowStencil=False, args=UNKNOWN, autoLog=True, bitsMode=UNKNOWN, blendMode='avg', color=array([ 1.,  1.,  1.]), colorSpace='rgb', fullscr=UNKNOWN, gamma=None, kwargs=UNKNOWN, lms=UNKNOWN, monitor=<psychopy.monitors.calibTools.Monitor object at 0x173AAFB0>, multiSample=False, name='window1', numSamples=2, pos=[0, 0], screen=0, size=array([1920, 1080]), stereo=False, units=u'norm', useFBO=True, useRetina=False, viewOri=0.0, viewPos=None, viewScale=None, waitBlanking=True, winType=u'pyglet')
15.6144 	EXP 	window1: recordFrameIntervals = False
15.7806 	EXP 	window1: recordFrameIntervals = True
15.9641 	EXP 	window1: recordFrameIntervals = False
16.1452 	EXP 	Created text_8 = TextStim(alignHoriz='center', alignVert='center', antialias=True, autoLog=True, bold=False, color='black', colorSpace='named', contrast=1.0, depth=0.0, flipHoriz=False, flipVert=False, font='Arial', fontFiles=[], height=0.1, italic=False, name='text_8', opacity=1.0, ori=0, pos=array([ 0.,  0.]), rgb=array([ 0.,  0.,  0.]), text='Welcome!', units=u'norm', win=Window(...), wrapWidth=1)
16.1869 	EXP 	Created text_9 = TextStim(alignHoriz='center', alignVert='center', antialias=True, autoLog=True, bold=False, color='black', colorSpace='named', contrast=1.0, depth=-1.0, flipHoriz=False, flipVert=False, font='Arial', fontFiles=[], height=0.1, italic=False, name='text_9', opacity=1.0, ori=0, pos=array([ 0.,  0.]), rgb=array([ 0.,  0.,  0.]), text=newstr(...), units=u'norm', win=Window(...), wrapWidth=1)
16.2179 	EXP 	Created text_10 = TextStim(alignHoriz='center', alignVert='center', antialias=True, autoLog=True, bold=False, color='black', colorSpace='named', contrast=1.0, depth=-2.0, flipHoriz=False, flipVert=False, font='Arial', fontFiles=[], height=0.1, italic=False, name='text_10', opacity=1.0, ori=0, pos=array([ 0.,  0.]), rgb=array([ 0.,  0.,  0.]), text=newstr(...), units=u'norm', win=Window(...), wrapWidth=1)
16.2347 	EXP 	Created text_13 = TextStim(alignHoriz='center', alignVert='center', antialias=True, autoLog=True, bold=False, color='black', colorSpace='named', contrast=1.0, depth=-3.0, flipHoriz=False, flipVert=False, font='Arial', fontFiles=[], height=0.1, italic=False, name='text_13', opacity=1.0, ori=0, pos=array([ 0.,  0.]), rgb=array([ 0.,  0.,  0.]), text='Each pair will look like this.', units=u'norm', win=Window(...), wrapWidth=1)
16.2366 	EXP 	Created image_2 = ImageStim(autoLog=True, color=array([ 1.,  1.,  1.]), colorSpace='rgb', contrast=1.0, depth=0.0, flipHoriz=False, flipVert=False, image='sin', interpolate=True, mask=None, maskParams=None, name='image_2', opacity=1.0, ori=0.0, pos=array([-200.,    0.]), size=array([ 300.,  300.]), texRes=128, units='pix', win=Window(...))
16.2443 	EXP 	Created text_12 = TextStim(alignHoriz='center', alignVert='center', antialias=True, autoLog=True, bold=False, color='black', colorSpace='named', contrast=1.0, depth=-1.0, flipHoriz=False, flipVert=False, font='Arial', fontFiles=[], height=0.1, italic=False, name='text_12', opacity=1.0, ori=0, pos=array([ 0.2,  0. ]), rgb=array([ 0.,  0.,  0.]), text='default text', units=u'norm', win=Window(...), wrapWidth=1)
16.2719 	EXP 	Created text_14 = TextStim(alignHoriz='center', alignVert='center', antialias=True, autoLog=True, bold=False, color='black', colorSpace='named', contrast=1.0, depth=0.0, flipHoriz=False, flipVert=False, font='Arial', fontFiles=[], height=0.1, italic=False, name='text_14', opacity=1.0, ori=0, pos=array([ 0.,  0.]), rgb=array([ 0.,  0.,  0.]), text=newstr(...), units=u'norm', win=Window(...), wrapWidth=1)
16.2965 	EXP 	Created text_15 = TextStim(alignHoriz='center', alignVert='center', antialias=True, autoLog=True, bold=False, color='green', colorSpace='named', contrast=1.0, depth=-1.0, flipHoriz=False, flipVert=False, font='Arial', fontFiles=[], height=0.1, italic=False, name='text_15', opacity=1.0, ori=0, pos=array([ 0.,  0.]), rgb=array([   0.,  128.,    0.]), text=newstr(...), units=u'norm', win=Window(...), wrapWidth=1)
16.3201 	EXP 	Created text_16 = TextStim(alignHoriz='center', alignVert='center', antialias=True, autoLog=True, bold=False, color='red', colorSpace='named', contrast=1.0, depth=-2.0, flipHoriz=False, flipVert=False, font='Arial', fontFiles=[], height=0.1, italic=False, name='text_16', opacity=1.0, ori=0, pos=array([ 0.,  0.]), rgb=array([ 255.,    0.,    0.]), text=newstr(...), units=u'norm', win=Window(...), wrapWidth=1)
16.3371 	EXP 	Created text_17 = TextStim(alignHoriz='center', alignVert='center', antialias=True, autoLog=True, bold=False, color='black', colorSpace='named', contrast=1.0, depth=-3.0, flipHoriz=False, flipVert=False, font='Arial', fontFiles=[], height=0.1, italic=False, name='text_17', opacity=1.0, ori=0, pos=array([ 0.,  0.]), rgb=array([ 0.,  0.,  0.]), text="Let's do a practice round.", units=u'norm', win=Window(...), wrapWidth=1)
16.3388 	EXP 	Created image_3 = ImageStim(autoLog=True, color=array([ 1.,  1.,  1.]), colorSpace='rgb', contrast=1.0, depth=0.0, flipHoriz=False, flipVert=False, image='sin', interpolate=True, mask=None, maskParams=None, name='image_3', opacity=1.0, ori=0.0, pos=array([-200.,    0.]), size=array([ 300.,  300.]), texRes=128, units='pix', win=Window(...))
16.3465 	EXP 	Created text_18 = TextStim(alignHoriz='center', alignVert='center', antialias=True, autoLog=True, bold=False, color='black', colorSpace='named', contrast=1.0, depth=-1.0, flipHoriz=False, flipVert=False, font='Arial', fontFiles=[], height=0.1, italic=False, name='text_18', opacity=1.0, ori=0, pos=array([ 0.2,  0. ]), rgb=array([ 0.,  0.,  0.]), text='default text', units=u'norm', win=Window(...), wrapWidth=1)
16.3564 	EXP 	Created text_20 = TextStim(alignHoriz='center', alignVert='center', antialias=True, autoLog=True, bold=False, color='black', colorSpace='named', contrast=1.0, depth=0.0, flipHoriz=False, flipVert=False, font='Arial', fontFiles=[], height=0.1, italic=False, name='text_20', opacity=1.0, ori=0, pos=array([ 0.,  0.]), rgb=array([ 0.,  0.,  0.]), text='Great job!', units=u'norm', win=Window(...), wrapWidth=1)
16.3867 	EXP 	Created text_22 = TextStim(alignHoriz='center', alignVert='center', antialias=True, autoLog=True, bold=False, color='black', colorSpace='named', contrast=1.0, depth=-1.0, flipHoriz=False, flipVert=False, font='Arial', fontFiles=[], height=0.1, italic=False, name='text_22', opacity=1.0, ori=0, pos=array([ 0.,  0.]), rgb=array([ 0.,  0.,  0.]), text=newstr(...), units=u'norm', win=Window(...), wrapWidth=1)
16.4164 	EXP 	Created text_21 = TextStim(alignHoriz='center', alignVert='center', antialias=True, autoLog=True, bold=False, color='black', colorSpace='named', contrast=1.0, depth=-2.0, flipHoriz=False, flipVert=False, font='Arial', fontFiles=[], height=0.1, italic=False, name='text_21', opacity=1.0, ori=0, pos=array([ 0.,  0.]), rgb=array([ 0.,  0.,  0.]), text=newstr(...), units=u'norm', win=Window(...), wrapWidth=1)
16.4594 	EXP 	Created text_23 = TextStim(alignHoriz='center', alignVert='center', antialias=True, autoLog=True, bold=False, color='black', colorSpace='named', contrast=1.0, depth=-3.0, flipHoriz=False, flipVert=False, font='Arial', fontFiles=[], height=0.1, italic=False, name='text_23', opacity=1.0, ori=0, pos=array([ 0.,  0.]), rgb=array([ 0.,  0.,  0.]), text=newstr(...), units=u'norm', win=Window(...), wrapWidth=1)
16.4747 	EXP 	Created text_24 = TextStim(alignHoriz='center', alignVert='center', antialias=True, autoLog=True, bold=False, color='black', colorSpace='named', contrast=1.0, depth=-4.0, flipHoriz=False, flipVert=False, font='Arial', fontFiles=[], height=0.1, italic=False, name='text_24', opacity=1.0, ori=0, pos=array([ 0.,  0.]), rgb=array([ 0.,  0.,  0.]), text="Okay! Let's get going.", units=u'norm', win=Window(...), wrapWidth=1)
16.4930 	EXP 	Created text_3 = TextStim(alignHoriz='center', alignVert='center', antialias=True, autoLog=True, bold=False, color='black', colorSpace='named', contrast=1.0, depth=-1.0, flipHoriz=False, flipVert=False, font='Arial', fontFiles=[], height=0.1, italic=False, name='text_3', opacity=1.0, ori=0, pos=array([ 0.,  0.]), rgb=array([ 0.,  0.,  0.]), text='The matching task will begin soon', units=u'norm', win=Window(...), wrapWidth=1)
16.4946 	EXP 	Created image = ImageStim(autoLog=True, color=array([ 1.,  1.,  1.]), colorSpace='rgb', contrast=1.0, depth=0.0, flipHoriz=False, flipVert=False, image='sin', interpolate=True, mask=None, maskParams=None, name='image', opacity=1.0, ori=0.0, pos=array([-200.,    0.]), size=array([ 1.,  1.]), texRes=128, units='pix', win=Window(...))
16.5022 	EXP 	Created text = TextStim(alignHoriz='center', alignVert='center', antialias=True, autoLog=True, bold=False, color='black', colorSpace='named', contrast=1.0, depth=-1.0, flipHoriz=False, flipVert=False, font='Arial', fontFiles=[], height=0.1, italic=False, name='text', opacity=1.0, ori=0, pos=array([ 0.2,  0. ]), rgb=array([ 0.,  0.,  0.]), text='default text', units=u'norm', win=Window(...), wrapWidth=1)
16.5098 	EXP 	Created text_2 = TextStim(alignHoriz='center', alignVert='center', antialias=True, autoLog=True, bold=False, color='black', colorSpace='named', contrast=1.0, depth=0.0, flipHoriz=False, flipVert=False, font='Arial', fontFiles=[], height=0.1, italic=False, name='text_2', opacity=1.0, ori=0, pos=array([ 0.,  0.]), rgb=array([ 0.,  0.,  0.]), text='default text', units=u'norm', win=Window(...), wrapWidth=1)
16.5236 	EXP 	Created text_4 = TextStim(alignHoriz='center', alignVert='center', antialias=True, autoLog=True, bold=False, color='black', colorSpace='named', contrast=1.0, depth=0.0, flipHoriz=False, flipVert=False, font='Arial', fontFiles=[], height=0.1, italic=False, name='text_4', opacity=1.0, ori=0, pos=array([ 0.,  0.]), rgb=array([ 0.,  0.,  0.]), text='This round is now complete', units=u'norm', win=Window(...), wrapWidth=1)
16.5381 	EXP 	Created text_5 = TextStim(alignHoriz='center', alignVert='center', antialias=True, autoLog=True, bold=False, color='black', colorSpace='named', contrast=1.0, depth=0.0, flipHoriz=False, flipVert=False, font='Arial', fontFiles=[], height=0.1, italic=False, name='text_5', opacity=1.0, ori=0, pos=array([ 0.,  0.]), rgb=array([ 0.,  0.,  0.]), text='Thank you for participating!', units=u'norm', win=Window(...), wrapWidth=1)
16.5669 	EXP 	Created text_6 = TextStim(alignHoriz='center', alignVert='center', antialias=True, autoLog=True, bold=False, color='black', colorSpace='named', contrast=1.0, depth=-1.0, flipHoriz=False, flipVert=False, font='Arial', fontFiles=[], height=0.1, italic=False, name='text_6', opacity=1.0, ori=0, pos=array([ 0.,  0.]), rgb=array([ 0.,  0.,  0.]), text=newstr(...), units=u'norm', win=Window(...), wrapWidth=1)
16.5886 	EXP 	Created text_7 = TextStim(alignHoriz='center', alignVert='center', antialias=True, autoLog=True, bold=False, color='black', colorSpace='named', contrast=1.0, depth=-2.0, flipHoriz=False, flipVert=False, font='Arial', fontFiles=[], height=0.1, italic=False, name='text_7', opacity=1.0, ori=0, pos=array([ 0.,  0.]), rgb=array([ 0.,  0.,  0.]), text='An experimenter will come by to assist you', units=u'norm', win=Window(...), wrapWidth=1)
16.5977 	EXP 	text_8: autoDraw = True
19.5982 	EXP 	text_8: autoDraw = False
19.6149 	EXP 	text_9: autoDraw = True
25.5998 	EXP 	text_9: autoDraw = False
25.6164 	EXP 	text_10: autoDraw = True
31.6013 	EXP 	text_10: autoDraw = False
31.6180 	EXP 	text_13: autoDraw = True
37.6139 	EXP 	Imported images.xlsx as conditions, 1 conditions, 3 params
37.6143 	EXP 	Created sequence: random, trialTypes=1, nReps=1, seed=None
37.6145 	EXP 	New trial (rep=0, index=0): OrderedDict([('images', u'images/volleyball.jpg'), ('name', u'volley ball'), ('corrAns', u'z')])
37.9029 	EXP 	text_13: autoDraw = False
37.9029 	EXP 	text_8: autoDraw = False
37.9029 	EXP 	text_9: autoDraw = False
37.9029 	EXP 	text_10: autoDraw = False
37.9029 	EXP 	text_13: autoDraw = False
37.9029 	EXP 	image_2: image = u'images/volleyball.jpg'
37.9029 	EXP 	text_12: text = u'volley ball'
37.9029 	EXP 	image_2: autoDraw = True
37.9029 	EXP 	text_12: autoDraw = True
40.6203 	EXP 	image_2: autoDraw = False
40.6203 	EXP 	text_12: autoDraw = False
40.6203 	EXP 	text_14: autoDraw = True
46.6219 	EXP 	text_14: autoDraw = False
46.6219 	EXP 	text_15: autoDraw = True
52.6234 	EXP 	text_15: autoDraw = False
52.6234 	EXP 	text_16: autoDraw = True
58.6083 	EXP 	text_16: autoDraw = False
58.6250 	EXP 	text_17: autoDraw = True
64.6130 	EXP 	Imported images.xlsx as conditions, 1 conditions, 3 params
64.6133 	EXP 	Created sequence: random, trialTypes=1, nReps=1, seed=None
64.6135 	EXP 	New trial (rep=0, index=0): OrderedDict([('images', u'images/puma.jpg'), ('name', u'puma'), ('corrAns', u'z')])
64.8599 	EXP 	text_14: autoDraw = False
64.8599 	EXP 	text_15: autoDraw = False
64.8599 	EXP 	text_16: autoDraw = False
64.8599 	EXP 	text_17: autoDraw = False
64.8599 	EXP 	image_3: image = u'images/puma.jpg'
64.8599 	EXP 	text_18: text = u'puma'
64.8599 	EXP 	image_3: autoDraw = True
64.8599 	EXP 	text_18: autoDraw = True
67.6106 	EXP 	image_3: autoDraw = False
67.6106 	EXP 	text_18: autoDraw = False
67.6106 	EXP 	text_20: autoDraw = True
73.6122 	EXP 	text_20: autoDraw = False
73.6122 	EXP 	text_22: autoDraw = True
79.6138 	EXP 	text_22: autoDraw = False
79.6138 	EXP 	text_21: autoDraw = True
85.5986 	EXP 	text_21: autoDraw = False
85.6153 	EXP 	text_23: autoDraw = True
93.6007 	EXP 	text_23: autoDraw = False
93.6174 	EXP 	text_24: autoDraw = True
99.5904 	EXP 	Imported sounds.xlsx as conditions, 2 conditions, 1 params
99.5907 	EXP 	Created sequence: random, trialTypes=2, nReps=1, seed=None
99.5909 	EXP 	New trial (rep=0, index=0): OrderedDict([('sounds', u'sounds/animalfarm_spanish.wav')])
100.5359 	EXP 	text_24: autoDraw = False
100.5359 	EXP 	text_20: autoDraw = False
100.5359 	EXP 	text_22: autoDraw = False
100.5359 	EXP 	text_21: autoDraw = False
100.5359 	EXP 	text_23: autoDraw = False
100.5359 	EXP 	text_24: autoDraw = False
100.5359 	EXP 	text_3: autoDraw = True
109.6085 	EXP 	Imported images.xlsx as conditions, 240 conditions, 3 params
109.6095 	EXP 	Created sequence: random, trialTypes=240, nReps=5, seed=None
109.6098 	EXP 	New trial (rep=0, index=0): OrderedDict([('images', u'images/coin01b.jpg'), ('name', u'arrow'), ('corrAns', u'x')])
109.8716 	EXP 	text_3: autoDraw = False
109.8716 	EXP 	text_3: autoDraw = False
109.8716 	EXP 	image: image = u'images/coin01b.jpg'
109.8716 	EXP 	image: size = array([ 300.,  300.])
109.8716 	EXP 	text: text = u'arrow'
109.8716 	EXP 	image: autoDraw = True
109.8716 	EXP 	text: autoDraw = True
111.8056 	DATA 	Keypress: x
111.8221 	EXP 	image: autoDraw = False
111.8221 	EXP 	text: autoDraw = False
111.8221 	EXP 	text_2: text = 'Correct!'
111.8221 	EXP 	text_2: autoDraw = True
112.8061 	EXP 	New trial (rep=0, index=1): OrderedDict([('images', u'images/lantern03.jpg'), ('name', u'lantern'), ('corrAns', u'z')])
113.0057 	EXP 	text_2: autoDraw = False
113.0057 	EXP 	text_2: autoDraw = False
113.0057 	EXP 	image: image = u'images/lantern03.jpg'
113.0057 	EXP 	image: size = array([ 300.,  300.])
113.0057 	EXP 	text: text = u'lantern'
113.0057 	EXP 	image: autoDraw = True
113.0057 	EXP 	text: autoDraw = True
114.4563 	DATA 	Keypress: z
114.4728 	EXP 	image: autoDraw = False
114.4728 	EXP 	text: autoDraw = False
114.4728 	EXP 	text_2: text = 'Correct!'
114.4728 	EXP 	text_2: autoDraw = True
115.4568 	EXP 	New trial (rep=0, index=2): OrderedDict([('images', u'images/bandaid01.jpg'), ('name', u'door handle'), ('corrAns', u'x')])
115.6731 	EXP 	text_2: autoDraw = False
115.6731 	EXP 	text_2: autoDraw = False
115.6731 	EXP 	image: image = u'images/bandaid01.jpg'
115.6731 	EXP 	image: size = array([ 300.,  300.])
115.6731 	EXP 	text: text = u'door handle'
115.6731 	EXP 	image: autoDraw = True
115.6731 	EXP 	text: autoDraw = True
117.0736 	DATA 	Keypress: z
117.0901 	EXP 	image: autoDraw = False
117.0901 	EXP 	text: autoDraw = False
117.0901 	EXP 	text_2: text = 'Wrong.'
117.0901 	EXP 	text_2: autoDraw = True
118.0741 	EXP 	New trial (rep=0, index=3): OrderedDict([('images', u'images/seagull.jpg'), ('name', u'seagull'), ('corrAns', u'z')])
118.2738 	EXP 	text_2: autoDraw = False
118.2738 	EXP 	text_2: autoDraw = False
118.2738 	EXP 	image: image = u'images/seagull.jpg'
118.2738 	EXP 	image: size = array([ 300.,  300.])
118.2738 	EXP 	text: text = u'seagull'
118.2738 	EXP 	image: autoDraw = True
118.2738 	EXP 	text: autoDraw = True
120.3078 	DATA 	Keypress: z
120.3243 	EXP 	image: autoDraw = False
120.3243 	EXP 	text: autoDraw = False
120.3243 	EXP 	text_2: text = 'Correct!'
120.3243 	EXP 	text_2: autoDraw = True
121.3083 	EXP 	New trial (rep=0, index=4): OrderedDict([('images', u'images/worldmap.jpg'), ('name', u'scooter'), ('corrAns', u'x')])
121.5246 	EXP 	text_2: autoDraw = False
121.5246 	EXP 	text_2: autoDraw = False
121.5246 	EXP 	image: image = u'images/worldmap.jpg'
121.5246 	EXP 	image: size = array([ 300.,  300.])
121.5246 	EXP 	text: text = u'scooter'
121.5246 	EXP 	image: autoDraw = True
121.5246 	EXP 	text: autoDraw = True
122.6584 	DATA 	Keypress: x
122.6749 	EXP 	image: autoDraw = False
122.6749 	EXP 	text: autoDraw = False
122.6749 	EXP 	text_2: text = 'Correct!'
122.6749 	EXP 	text_2: autoDraw = True
123.6589 	EXP 	New trial (rep=0, index=5): OrderedDict([('images', u'images/handfan01b.jpg'), ('name', u'handfan'), ('corrAns', u'z')])
123.8419 	EXP 	text_2: autoDraw = False
123.8419 	EXP 	text_2: autoDraw = False
123.8419 	EXP 	image: image = u'images/handfan01b.jpg'
123.8419 	EXP 	image: size = array([ 300.,  300.])
123.8419 	EXP 	text: text = u'handfan'
123.8419 	EXP 	image: autoDraw = True
123.8419 	EXP 	text: autoDraw = True
124.9423 	DATA 	Keypress: z
124.9588 	EXP 	image: autoDraw = False
124.9588 	EXP 	text: autoDraw = False
124.9588 	EXP 	text_2: text = 'Correct!'
124.9588 	EXP 	text_2: autoDraw = True
125.9428 	EXP 	New trial (rep=0, index=6): OrderedDict([('images', u'images/ostrich.jpg'), ('name', u'ostrich'), ('corrAns', u'z')])
126.0758 	EXP 	text_2: autoDraw = False
126.0758 	EXP 	text_2: autoDraw = False
126.0758 	EXP 	image: image = u'images/ostrich.jpg'
126.0758 	EXP 	image: size = array([ 300.,  300.])
126.0758 	EXP 	text: text = u'ostrich'
126.0758 	EXP 	image: autoDraw = True
126.0758 	EXP 	text: autoDraw = True
127.4430 	DATA 	Keypress: z
127.4595 	EXP 	image: autoDraw = False
127.4595 	EXP 	text: autoDraw = False
127.4595 	EXP 	text_2: text = 'Correct!'
127.4595 	EXP 	text_2: autoDraw = True
128.4435 	EXP 	New trial (rep=0, index=7): OrderedDict([('images', u'images/djmixer01.jpg'), ('name', u'light bulb'), ('corrAns', u'x')])
128.6765 	EXP 	text_2: autoDraw = False
128.6765 	EXP 	text_2: autoDraw = False
128.6765 	EXP 	image: image = u'images/djmixer01.jpg'
128.6765 	EXP 	image: size = array([ 300.,  300.])
128.6765 	EXP 	text: text = u'light bulb'
128.6765 	EXP 	image: autoDraw = True
128.6765 	EXP 	text: autoDraw = True
130.2104 	DATA 	Keypress: x
130.2269 	EXP 	image: autoDraw = False
130.2269 	EXP 	text: autoDraw = False
130.2269 	EXP 	text_2: text = 'Correct!'
130.2269 	EXP 	text_2: autoDraw = True
131.2109 	EXP 	New trial (rep=0, index=8): OrderedDict([('images', u'images/pictureframe04.jpg'), ('name', u'picture frame'), ('corrAns', u'z')])
131.4272 	EXP 	text_2: autoDraw = False
131.4272 	EXP 	text_2: autoDraw = False
131.4272 	EXP 	image: image = u'images/pictureframe04.jpg'
131.4272 	EXP 	image: size = array([ 300.,  300.])
131.4272 	EXP 	text: text = u'picture frame'
131.4272 	EXP 	image: autoDraw = True
131.4272 	EXP 	text: autoDraw = True
132.3609 	DATA 	Keypress: z
132.3774 	EXP 	image: autoDraw = False
132.3774 	EXP 	text: autoDraw = False
132.3774 	EXP 	text_2: text = 'Correct!'
132.3774 	EXP 	text_2: autoDraw = True
133.3614 	EXP 	New trial (rep=0, index=9): OrderedDict([('images', u'images/rubberglove02a.jpg'), ('name', u'lady bug'), ('corrAns', u'x')])
133.5444 	EXP 	text_2: autoDraw = False
133.5444 	EXP 	text_2: autoDraw = False
133.5444 	EXP 	image: image = u'images/rubberglove02a.jpg'
133.5444 	EXP 	image: size = array([ 300.,  300.])
133.5444 	EXP 	text: text = u'lady bug'
133.5444 	EXP 	image: autoDraw = True
133.5444 	EXP 	text: autoDraw = True
134.8616 	DATA 	Keypress: x
134.8781 	EXP 	image: autoDraw = False
134.8781 	EXP 	text: autoDraw = False
134.8781 	EXP 	text_2: text = 'Correct!'
134.8781 	EXP 	text_2: autoDraw = True
135.8621 	EXP 	New trial (rep=0, index=10): OrderedDict([('images', u'images/banana04a.jpg'), ('name', u'banana'), ('corrAns', u'z')])
136.0117 	EXP 	text_2: autoDraw = False
136.0117 	EXP 	text_2: autoDraw = False
136.0117 	EXP 	image: image = u'images/banana04a.jpg'
136.0117 	EXP 	image: size = array([ 300.,  300.])
136.0117 	EXP 	text: text = u'banana'
136.0117 	EXP 	image: autoDraw = True
136.0117 	EXP 	text: autoDraw = True
137.2622 	DATA 	Keypress: z
137.2787 	EXP 	image: autoDraw = False
137.2787 	EXP 	text: autoDraw = False
137.2787 	EXP 	text_2: text = 'Correct!'
137.2787 	EXP 	text_2: autoDraw = True
138.2627 	EXP 	New trial (rep=0, index=11): OrderedDict([('images', u'images/axe01.jpg'), ('name', u'axe'), ('corrAns', u'z')])
138.4457 	EXP 	text_2: autoDraw = False
138.4457 	EXP 	text_2: autoDraw = False
138.4457 	EXP 	image: image = u'images/axe01.jpg'
138.4457 	EXP 	image: size = array([ 300.,  300.])
138.4457 	EXP 	text: text = u'axe'
138.4457 	EXP 	image: autoDraw = True
138.4457 	EXP 	text: autoDraw = True
139.5628 	DATA 	Keypress: z
139.5793 	EXP 	image: autoDraw = False
139.5793 	EXP 	text: autoDraw = False
139.5793 	EXP 	text_2: text = 'Correct!'
139.5793 	EXP 	text_2: autoDraw = True
140.5633 	EXP 	New trial (rep=0, index=12): OrderedDict([('images', u'images/grasshopper.jpg'), ('name', u'cauliflower'), ('corrAns', u'x')])
140.7463 	EXP 	text_2: autoDraw = False
140.7463 	EXP 	text_2: autoDraw = False
140.7463 	EXP 	image: image = u'images/grasshopper.jpg'
140.7463 	EXP 	image: size = array([ 300.,  300.])
140.7463 	EXP 	text: text = u'cauliflower'
140.7463 	EXP 	image: autoDraw = True
140.7463 	EXP 	text: autoDraw = True
141.8967 	DATA 	Keypress: x
141.9132 	EXP 	image: autoDraw = False
141.9132 	EXP 	text: autoDraw = False
141.9132 	EXP 	text_2: text = 'Correct!'
141.9132 	EXP 	text_2: autoDraw = True
142.8972 	EXP 	New trial (rep=0, index=13): OrderedDict([('images', u'images/mushroom01.jpg'), ('name', u'shower head'), ('corrAns', u'x')])
143.0969 	EXP 	text_2: autoDraw = False
143.0969 	EXP 	text_2: autoDraw = False
143.0969 	EXP 	image: image = u'images/mushroom01.jpg'
143.0969 	EXP 	image: size = array([ 300.,  300.])
143.0969 	EXP 	text: text = u'shower head'
143.0969 	EXP 	image: autoDraw = True
143.0969 	EXP 	text: autoDraw = True
144.2474 	DATA 	Keypress: x
144.2639 	EXP 	image: autoDraw = False
144.2639 	EXP 	text: autoDraw = False
144.2639 	EXP 	text_2: text = 'Correct!'
144.2639 	EXP 	text_2: autoDraw = True
145.2478 	EXP 	New trial (rep=0, index=14): OrderedDict([('images', u'images/fork01.jpg'), ('name', u'cooking pot'), ('corrAns', u'x')])
145.3642 	EXP 	text_2: autoDraw = False
145.3642 	EXP 	text_2: autoDraw = False
145.3642 	EXP 	image: image = u'images/fork01.jpg'
145.3642 	EXP 	image: size = array([ 300.,  300.])
145.3642 	EXP 	text: text = u'cooking pot'
145.3642 	EXP 	image: autoDraw = True
145.3642 	EXP 	text: autoDraw = True
146.5313 	DATA 	Keypress: x
146.5478 	EXP 	image: autoDraw = False
146.5478 	EXP 	text: autoDraw = False
146.5478 	EXP 	text_2: text = 'Correct!'
146.5478 	EXP 	text_2: autoDraw = True
147.5318 	EXP 	New trial (rep=0, index=15): OrderedDict([('images', u'images/flashlight05.jpg'), ('name', u'flash light'), ('corrAns', u'z')])
147.7648 	EXP 	text_2: autoDraw = False
147.7648 	EXP 	text_2: autoDraw = False
147.7648 	EXP 	image: image = u'images/flashlight05.jpg'
147.7648 	EXP 	image: size = array([ 300.,  300.])
147.7648 	EXP 	text: text = u'flash light'
147.7648 	EXP 	image: autoDraw = True
147.7648 	EXP 	text: autoDraw = True
148.8319 	DATA 	Keypress: z
148.8484 	EXP 	image: autoDraw = False
148.8484 	EXP 	text: autoDraw = False
148.8484 	EXP 	text_2: text = 'Correct!'
148.8484 	EXP 	text_2: autoDraw = True
149.8323 	EXP 	New trial (rep=0, index=16): OrderedDict([('images', u'images/flamingo.jpg'), ('name', u'flamingo'), ('corrAns', u'z')])
149.9653 	EXP 	text_2: autoDraw = False
149.9653 	EXP 	text_2: autoDraw = False
149.9653 	EXP 	image: image = u'images/flamingo.jpg'
149.9653 	EXP 	image: size = array([ 300.,  300.])
149.9653 	EXP 	text: text = u'flamingo'
149.9653 	EXP 	image: autoDraw = True
149.9653 	EXP 	text: autoDraw = True
150.9658 	DATA 	Keypress: z
150.9823 	EXP 	image: autoDraw = False
150.9823 	EXP 	text: autoDraw = False
150.9823 	EXP 	text_2: text = 'Correct!'
150.9823 	EXP 	text_2: autoDraw = True
151.9662 	EXP 	New trial (rep=0, index=17): OrderedDict([('images', u'images/triangleruler02.jpg'), ('name', u'bottle of red wine'), ('corrAns', u'x')])
152.1492 	EXP 	text_2: autoDraw = False
152.1492 	EXP 	text_2: autoDraw = False
152.1492 	EXP 	image: image = u'images/triangleruler02.jpg'
152.1492 	EXP 	image: size = array([ 300.,  300.])
152.1492 	EXP 	text: text = u'bottle of red wine'
152.1492 	EXP 	image: autoDraw = True
152.1492 	EXP 	text: autoDraw = True
153.4497 	DATA 	Keypress: x
153.4662 	EXP 	image: autoDraw = False
153.4662 	EXP 	text: autoDraw = False
153.4662 	EXP 	text_2: text = 'Correct!'
153.4662 	EXP 	text_2: autoDraw = True
154.4502 	EXP 	New trial (rep=0, index=18): OrderedDict([('images', u'images/treadmill.jpg'), ('name', u'lily'), ('corrAns', u'x')])
154.5999 	EXP 	text_2: autoDraw = False
154.5999 	EXP 	text_2: autoDraw = False
154.5999 	EXP 	image: image = u'images/treadmill.jpg'
154.5999 	EXP 	image: size = array([ 300.,  300.])
154.5999 	EXP 	text: text = u'lily'
154.5999 	EXP 	image: autoDraw = True
154.5999 	EXP 	text: autoDraw = True
155.7170 	DATA 	Keypress: x
155.7335 	EXP 	image: autoDraw = False
155.7335 	EXP 	text: autoDraw = False
155.7335 	EXP 	text_2: text = 'Correct!'
155.7335 	EXP 	text_2: autoDraw = True
156.7175 	EXP 	New trial (rep=0, index=19): OrderedDict([('images', u'images/icecube02 (2).jpg'), ('name', u'aloe'), ('corrAns', u'x')])
156.8838 	EXP 	text_2: autoDraw = False
156.8838 	EXP 	text_2: autoDraw = False
156.8838 	EXP 	image: image = u'images/icecube02 (2).jpg'
156.8838 	EXP 	image: size = array([ 300.,  300.])
156.8838 	EXP 	text: text = u'aloe'
156.8838 	EXP 	image: autoDraw = True
156.8838 	EXP 	text: autoDraw = True
158.1509 	DATA 	Keypress: x
158.1674 	EXP 	image: autoDraw = False
158.1674 	EXP 	text: autoDraw = False
158.1674 	EXP 	text_2: text = 'Correct!'
158.1674 	EXP 	text_2: autoDraw = True
159.1515 	EXP 	New trial (rep=0, index=20): OrderedDict([('images', u'images/key03b.jpg'), ('name', u'cigar'), ('corrAns', u'x')])
159.3511 	EXP 	text_2: autoDraw = False
159.3511 	EXP 	text_2: autoDraw = False
159.3511 	EXP 	image: image = u'images/key03b.jpg'
159.3511 	EXP 	image: size = array([ 300.,  300.])
159.3511 	EXP 	text: text = u'cigar'
159.3511 	EXP 	image: autoDraw = True
159.3511 	EXP 	text: autoDraw = True
160.6016 	DATA 	Keypress: x
160.6181 	EXP 	image: autoDraw = False
160.6181 	EXP 	text: autoDraw = False
160.6181 	EXP 	text_2: text = 'Correct!'
160.6181 	EXP 	text_2: autoDraw = True
161.6021 	EXP 	New trial (rep=0, index=21): OrderedDict([('images', u'images/highlighter03b.jpg'), ('name', u'coin'), ('corrAns', u'x')])
161.7350 	EXP 	text_2: autoDraw = False
161.7350 	EXP 	text_2: autoDraw = False
161.7350 	EXP 	image: image = u'images/highlighter03b.jpg'
161.7350 	EXP 	image: size = array([ 300.,  300.])
161.7350 	EXP 	text: text = u'coin'
161.7350 	EXP 	image: autoDraw = True
161.7350 	EXP 	text: autoDraw = True
162.5854 	DATA 	Keypress: x
162.6019 	EXP 	image: autoDraw = False
162.6019 	EXP 	text: autoDraw = False
162.6019 	EXP 	text_2: text = 'Correct!'
162.6019 	EXP 	text_2: autoDraw = True
163.5859 	EXP 	New trial (rep=0, index=22): OrderedDict([('images', u'images/paintbrush03a.jpg'), ('name', u'paint brush'), ('corrAns', u'z')])
163.7689 	EXP 	text_2: autoDraw = False
163.7689 	EXP 	text_2: autoDraw = False
163.7689 	EXP 	image: image = u'images/paintbrush03a.jpg'
163.7689 	EXP 	image: size = array([ 300.,  300.])
163.7689 	EXP 	text: text = u'paint brush'
163.7689 	EXP 	image: autoDraw = True
163.7689 	EXP 	text: autoDraw = True
164.7860 	DATA 	Keypress: z
164.8025 	EXP 	image: autoDraw = False
164.8025 	EXP 	text: autoDraw = False
164.8025 	EXP 	text_2: text = 'Correct!'
164.8025 	EXP 	text_2: autoDraw = True
165.7865 	EXP 	New trial (rep=0, index=23): OrderedDict([('images', u'images/crocodile.jpg'), ('name', u'triangle ruler'), ('corrAns', u'x')])
165.9528 	EXP 	text_2: autoDraw = False
165.9528 	EXP 	text_2: autoDraw = False
165.9528 	EXP 	image: image = u'images/crocodile.jpg'
165.9528 	EXP 	image: size = array([ 300.,  300.])
165.9528 	EXP 	text: text = u'triangle ruler'
165.9528 	EXP 	image: autoDraw = True
165.9528 	EXP 	text: autoDraw = True
167.3535 	DATA 	Keypress: x
167.3698 	EXP 	image: autoDraw = False
167.3698 	EXP 	text: autoDraw = False
167.3698 	EXP 	text_2: text = 'Correct!'
167.3698 	EXP 	text_2: autoDraw = True
168.3538 	EXP 	New trial (rep=0, index=24): OrderedDict([('images', u'images/umbrella01.jpg'), ('name', u'umbrella'), ('corrAns', u'z')])
168.5701 	EXP 	text_2: autoDraw = False
168.5701 	EXP 	text_2: autoDraw = False
168.5701 	EXP 	image: image = u'images/umbrella01.jpg'
168.5701 	EXP 	image: size = array([ 300.,  300.])
168.5701 	EXP 	text: text = u'umbrella'
168.5701 	EXP 	image: autoDraw = True
168.5701 	EXP 	text: autoDraw = True
169.7210 	DATA 	Keypress: z
169.7538 	EXP 	image: autoDraw = False
169.7538 	EXP 	text: autoDraw = False
169.7538 	EXP 	text_2: text = 'Correct!'
169.7538 	EXP 	text_2: autoDraw = True
170.7378 	EXP 	New trial (rep=0, index=25): OrderedDict([('images', u'images/gorilla.jpg'), ('name', u'gorilla'), ('corrAns', u'z')])
170.9041 	EXP 	text_2: autoDraw = False
170.9041 	EXP 	text_2: autoDraw = False
170.9041 	EXP 	image: image = u'images/gorilla.jpg'
170.9041 	EXP 	image: size = array([ 300.,  300.])
170.9041 	EXP 	text: text = u'gorilla'
170.9041 	EXP 	image: autoDraw = True
170.9041 	EXP 	text: autoDraw = True
171.8378 	DATA 	Keypress: z
171.8543 	EXP 	image: autoDraw = False
171.8543 	EXP 	text: autoDraw = False
171.8543 	EXP 	text_2: text = 'Correct!'
171.8543 	EXP 	text_2: autoDraw = True
172.8383 	EXP 	New trial (rep=0, index=26): OrderedDict([('images', u'images/diploma01.jpg'), ('name', u'glasses'), ('corrAns', u'x')])
173.0046 	EXP 	text_2: autoDraw = False
173.0046 	EXP 	text_2: autoDraw = False
173.0046 	EXP 	image: image = u'images/diploma01.jpg'
173.0046 	EXP 	image: size = array([ 300.,  300.])
173.0046 	EXP 	text: text = u'glasses'
173.0046 	EXP 	image: autoDraw = True
173.0046 	EXP 	text: autoDraw = True
174.0888 	DATA 	Keypress: x
174.1216 	EXP 	image: autoDraw = False
174.1216 	EXP 	text: autoDraw = False
174.1216 	EXP 	text_2: text = 'Correct!'
174.1216 	EXP 	text_2: autoDraw = True
175.1056 	EXP 	New trial (rep=0, index=27): OrderedDict([('images', u'images/computermouse02a.jpg'), ('name', u'world map'), ('corrAns', u'x')])
175.2886 	EXP 	text_2: autoDraw = False
175.2886 	EXP 	text_2: autoDraw = False
175.2886 	EXP 	image: image = u'images/computermouse02a.jpg'
175.2886 	EXP 	image: size = array([ 300.,  300.])
175.2886 	EXP 	text: text = u'world map'
175.2886 	EXP 	image: autoDraw = True
175.2886 	EXP 	text: autoDraw = True
176.7558 	DATA 	Keypress: x
176.7723 	EXP 	image: autoDraw = False
176.7723 	EXP 	text: autoDraw = False
176.7723 	EXP 	text_2: text = 'Correct!'
176.7723 	EXP 	text_2: autoDraw = True
177.7563 	EXP 	New trial (rep=0, index=28): OrderedDict([('images', u'images/lock02a.jpg'), ('name', u'lock'), ('corrAns', u'z')])
177.9559 	EXP 	text_2: autoDraw = False
177.9559 	EXP 	text_2: autoDraw = False
177.9559 	EXP 	image: image = u'images/lock02a.jpg'
177.9559 	EXP 	image: size = array([ 300.,  300.])
177.9559 	EXP 	text: text = u'lock'
177.9559 	EXP 	image: autoDraw = True
177.9559 	EXP 	text: autoDraw = True
179.0397 	DATA 	Keypress: z
179.0562 	EXP 	image: autoDraw = False
179.0562 	EXP 	text: autoDraw = False
179.0562 	EXP 	text_2: text = 'Correct!'
179.0562 	EXP 	text_2: autoDraw = True
180.0402 	EXP 	New trial (rep=0, index=29): OrderedDict([('images', u'images/toothbrush03a.jpg'), ('name', u'parrot'), ('corrAns', u'x')])
180.1732 	EXP 	text_2: autoDraw = False
180.1732 	EXP 	text_2: autoDraw = False
180.1732 	EXP 	image: image = u'images/toothbrush03a.jpg'
180.1732 	EXP 	image: size = array([ 300.,  300.])
180.1732 	EXP 	text: text = u'parrot'
180.1732 	EXP 	image: autoDraw = True
180.1732 	EXP 	text: autoDraw = True
181.2236 	DATA 	Keypress: x
181.2401 	EXP 	image: autoDraw = False
181.2401 	EXP 	text: autoDraw = False
181.2401 	EXP 	text_2: text = 'Correct!'
181.2401 	EXP 	text_2: autoDraw = True
182.2241 	EXP 	New trial (rep=0, index=30): OrderedDict([('images', u'images/arrow02.jpg'), ('name', u'hammer'), ('corrAns', u'x')])
182.3571 	EXP 	text_2: autoDraw = False
182.3571 	EXP 	text_2: autoDraw = False
182.3571 	EXP 	image: image = u'images/arrow02.jpg'
182.3571 	EXP 	image: size = array([ 300.,  300.])
182.3571 	EXP 	text: text = u'hammer'
182.3571 	EXP 	image: autoDraw = True
182.3571 	EXP 	text: autoDraw = True
183.3908 	DATA 	Keypress: x
183.4073 	EXP 	image: autoDraw = False
183.4073 	EXP 	text: autoDraw = False
183.4073 	EXP 	text_2: text = 'Correct!'
183.4073 	EXP 	text_2: autoDraw = True
184.3913 	EXP 	New trial (rep=0, index=31): OrderedDict([('images', u'images/peach01.jpg'), ('name', u'peach'), ('corrAns', u'z')])
184.5576 	EXP 	text_2: autoDraw = False
184.5576 	EXP 	text_2: autoDraw = False
184.5576 	EXP 	image: image = u'images/peach01.jpg'
184.5576 	EXP 	image: size = array([ 300.,  300.])
184.5576 	EXP 	text: text = u'peach'
184.5576 	EXP 	image: autoDraw = True
184.5576 	EXP 	text: autoDraw = True
185.8581 	DATA 	Keypress: z
185.8746 	EXP 	image: autoDraw = False
185.8746 	EXP 	text: autoDraw = False
185.8746 	EXP 	text_2: text = 'Correct!'
185.8746 	EXP 	text_2: autoDraw = True
186.8586 	EXP 	New trial (rep=0, index=32): OrderedDict([('images', u'images/parkbench03.jpg'), ('name', u'park bench'), ('corrAns', u'z')])
187.0083 	EXP 	text_2: autoDraw = False
187.0083 	EXP 	text_2: autoDraw = False
187.0083 	EXP 	image: image = u'images/parkbench03.jpg'
187.0083 	EXP 	image: size = array([ 300.,  300.])
187.0083 	EXP 	text: text = u'park bench'
187.0083 	EXP 	image: autoDraw = True
187.0083 	EXP 	text: autoDraw = True
188.0920 	DATA 	Keypress: z
188.1085 	EXP 	image: autoDraw = False
188.1085 	EXP 	text: autoDraw = False
188.1085 	EXP 	text_2: text = 'Correct!'
188.1085 	EXP 	text_2: autoDraw = True
189.0928 	EXP 	New trial (rep=0, index=33): OrderedDict([('images', u'images/sunglasses03a.jpg'), ('name', u'sun glasses'), ('corrAns', u'z')])
189.2422 	EXP 	text_2: autoDraw = False
189.2422 	EXP 	text_2: autoDraw = False
189.2422 	EXP 	image: image = u'images/sunglasses03a.jpg'
189.2422 	EXP 	image: size = array([ 300.,  300.])
189.2422 	EXP 	text: text = u'sun glasses'
189.2422 	EXP 	image: autoDraw = True
189.2422 	EXP 	text: autoDraw = True
190.0259 	DATA 	Keypress: z
190.0424 	EXP 	image: autoDraw = False
190.0424 	EXP 	text: autoDraw = False
190.0424 	EXP 	text_2: text = 'Correct!'
190.0424 	EXP 	text_2: autoDraw = True
191.0264 	EXP 	New trial (rep=0, index=34): OrderedDict([('images', u'images/lipstick04.jpg'), ('name', u'lipstick'), ('corrAns', u'z')])
191.2093 	EXP 	text_2: autoDraw = False
191.2093 	EXP 	text_2: autoDraw = False
191.2093 	EXP 	image: image = u'images/lipstick04.jpg'
191.2093 	EXP 	image: size = array([ 300.,  300.])
191.2093 	EXP 	text: text = u'lipstick'
191.2093 	EXP 	image: autoDraw = True
191.2093 	EXP 	text: autoDraw = True
191.9597 	DATA 	Keypress: z
191.9762 	EXP 	image: autoDraw = False
191.9762 	EXP 	text: autoDraw = False
191.9762 	EXP 	text_2: text = 'Correct!'
191.9762 	EXP 	text_2: autoDraw = True
192.9602 	EXP 	New trial (rep=0, index=35): OrderedDict([('images', u'images/candy.jpg'), ('name', u'candy'), ('corrAns', u'z')])
193.1599 	EXP 	text_2: autoDraw = False
193.1599 	EXP 	text_2: autoDraw = False
193.1599 	EXP 	image: image = u'images/candy.jpg'
193.1599 	EXP 	image: size = array([ 300.,  300.])
193.1599 	EXP 	text: text = u'candy'
193.1599 	EXP 	image: autoDraw = True
193.1599 	EXP 	text: autoDraw = True
193.9936 	DATA 	Keypress: z
194.0101 	EXP 	image: autoDraw = False
194.0101 	EXP 	text: autoDraw = False
194.0101 	EXP 	text_2: text = 'Correct!'
194.0101 	EXP 	text_2: autoDraw = True
194.9941 	EXP 	New trial (rep=0, index=36): OrderedDict([('images', u'images/tulip02.jpg'), ('name', u'sport shorts'), ('corrAns', u'x')])
195.1770 	EXP 	text_2: autoDraw = False
195.1770 	EXP 	text_2: autoDraw = False
195.1770 	EXP 	image: image = u'images/tulip02.jpg'
195.1770 	EXP 	image: size = array([ 300.,  300.])
195.1770 	EXP 	text: text = u'sport shorts'
195.1770 	EXP 	image: autoDraw = True
195.1770 	EXP 	text: autoDraw = True
196.0441 	DATA 	Keypress: x
196.0606 	EXP 	image: autoDraw = False
196.0606 	EXP 	text: autoDraw = False
196.0606 	EXP 	text_2: text = 'Correct!'
196.0606 	EXP 	text_2: autoDraw = True
197.0446 	EXP 	New trial (rep=0, index=37): OrderedDict([('images', u'images/nailclipper03a.jpg'), ('name', u'aquarium'), ('corrAns', u'x')])
197.2276 	EXP 	text_2: autoDraw = False
197.2276 	EXP 	text_2: autoDraw = False
197.2276 	EXP 	image: image = u'images/nailclipper03a.jpg'
197.2276 	EXP 	image: size = array([ 300.,  300.])
197.2276 	EXP 	text: text = u'aquarium'
197.2276 	EXP 	image: autoDraw = True
197.2276 	EXP 	text: autoDraw = True
198.4947 	DATA 	Keypress: x
198.5112 	EXP 	image: autoDraw = False
198.5112 	EXP 	text: autoDraw = False
198.5112 	EXP 	text_2: text = 'Correct!'
198.5112 	EXP 	text_2: autoDraw = True
199.4952 	EXP 	New trial (rep=0, index=38): OrderedDict([('images', u'images/ashtray02b.jpg'), ('name', u'ashtray'), ('corrAns', u'z')])
199.7116 	EXP 	text_2: autoDraw = False
199.7116 	EXP 	text_2: autoDraw = False
199.7116 	EXP 	image: image = u'images/ashtray02b.jpg'
199.7116 	EXP 	image: size = array([ 300.,  300.])
199.7116 	EXP 	text: text = u'ashtray'
199.7116 	EXP 	image: autoDraw = True
199.7116 	EXP 	text: autoDraw = True
200.9120 	DATA 	Keypress: z
200.9285 	EXP 	image: autoDraw = False
200.9285 	EXP 	text: autoDraw = False
200.9285 	EXP 	text_2: text = 'Correct!'
200.9285 	EXP 	text_2: autoDraw = True
201.9125 	EXP 	New trial (rep=0, index=39): OrderedDict([('images', u'images/cocktailshrimp01.jpg'), ('name', u'cocktail shrimp'), ('corrAns', u'z')])
202.1288 	EXP 	text_2: autoDraw = False
202.1288 	EXP 	text_2: autoDraw = False
202.1288 	EXP 	image: image = u'images/cocktailshrimp01.jpg'
202.1288 	EXP 	image: size = array([ 300.,  300.])
202.1288 	EXP 	text: text = u'cocktail shrimp'
202.1288 	EXP 	image: autoDraw = True
202.1288 	EXP 	text: autoDraw = True
203.8961 	DATA 	Keypress: z
203.9126 	EXP 	image: autoDraw = False
203.9126 	EXP 	text: autoDraw = False
203.9126 	EXP 	text_2: text = 'Correct!'
203.9126 	EXP 	text_2: autoDraw = True
204.8966 	EXP 	New trial (rep=0, index=40): OrderedDict([('images', u'images/thumbtack02a.jpg'), ('name', u'thumb tack'), ('corrAns', u'z')])
205.0963 	EXP 	text_2: autoDraw = False
205.0963 	EXP 	text_2: autoDraw = False
205.0963 	EXP 	image: image = u'images/thumbtack02a.jpg'
205.0963 	EXP 	image: size = array([ 300.,  300.])
205.0963 	EXP 	text: text = u'thumb tack'
205.0963 	EXP 	image: autoDraw = True
205.0963 	EXP 	text: autoDraw = True
205.9967 	DATA 	Keypress: z
206.0132 	EXP 	image: autoDraw = False
206.0132 	EXP 	text: autoDraw = False
206.0132 	EXP 	text_2: text = 'Correct!'
206.0132 	EXP 	text_2: autoDraw = True
206.9972 	EXP 	New trial (rep=0, index=41): OrderedDict([('images', u'images/wallet01.jpg'), ('name', u'lamp'), ('corrAns', u'x')])
207.1968 	EXP 	text_2: autoDraw = False
207.1968 	EXP 	text_2: autoDraw = False
207.1968 	EXP 	image: image = u'images/wallet01.jpg'
207.1968 	EXP 	image: size = array([ 300.,  300.])
207.1968 	EXP 	text: text = u'lamp'
207.1968 	EXP 	image: autoDraw = True
207.1968 	EXP 	text: autoDraw = True
208.0972 	DATA 	Keypress: x
208.1137 	EXP 	image: autoDraw = False
208.1137 	EXP 	text: autoDraw = False
208.1137 	EXP 	text_2: text = 'Correct!'
208.1137 	EXP 	text_2: autoDraw = True
209.0977 	EXP 	New trial (rep=0, index=42): OrderedDict([('images', u'images/charcoalbarbecue.jpg'), ('name', u'charcoal barbecue'), ('corrAns', u'z')])
209.2974 	EXP 	text_2: autoDraw = False
209.2974 	EXP 	text_2: autoDraw = False
209.2974 	EXP 	image: image = u'images/charcoalbarbecue.jpg'
209.2974 	EXP 	image: size = array([ 300.,  300.])
209.2974 	EXP 	text: text = u'charcoal barbecue'
209.2974 	EXP 	image: autoDraw = True
209.2974 	EXP 	text: autoDraw = True
210.4149 	DATA 	Keypress: z
210.4477 	EXP 	image: autoDraw = False
210.4477 	EXP 	text: autoDraw = False
210.4477 	EXP 	text_2: text = 'Correct!'
210.4477 	EXP 	text_2: autoDraw = True
211.4317 	EXP 	New trial (rep=0, index=43): OrderedDict([('images', u'images/parkfountain.jpg'), ('name', u'park fountain'), ('corrAns', u'z')])
211.5813 	EXP 	text_2: autoDraw = False
211.5813 	EXP 	text_2: autoDraw = False
211.5813 	EXP 	image: image = u'images/parkfountain.jpg'
211.5813 	EXP 	image: size = array([ 300.,  300.])
211.5813 	EXP 	text: text = u'park fountain'
211.5813 	EXP 	image: autoDraw = True
211.5813 	EXP 	text: autoDraw = True
212.6317 	DATA 	Keypress: z
212.6482 	EXP 	image: autoDraw = False
212.6482 	EXP 	text: autoDraw = False
212.6482 	EXP 	text_2: text = 'Correct!'
212.6482 	EXP 	text_2: autoDraw = True
213.6322 	EXP 	New trial (rep=0, index=44): OrderedDict([('images', u'images/binder03b.jpg'), ('name', u'dj mixer'), ('corrAns', u'x')])
213.7985 	EXP 	text_2: autoDraw = False
213.7985 	EXP 	text_2: autoDraw = False
213.7985 	EXP 	image: image = u'images/binder03b.jpg'
213.7985 	EXP 	image: size = array([ 300.,  300.])
213.7985 	EXP 	text: text = u'dj mixer'
213.7985 	EXP 	image: autoDraw = True
213.7985 	EXP 	text: autoDraw = True
214.9990 	DATA 	Keypress: x
215.0155 	EXP 	image: autoDraw = False
215.0155 	EXP 	text: autoDraw = False
215.0155 	EXP 	text_2: text = 'Correct!'
215.0155 	EXP 	text_2: autoDraw = True
215.9995 	EXP 	New trial (rep=0, index=45): OrderedDict([('images', u'images/hairpin.jpg'), ('name', u'hair pin'), ('corrAns', u'z')])
216.1325 	EXP 	text_2: autoDraw = False
216.1325 	EXP 	text_2: autoDraw = False
216.1325 	EXP 	image: image = u'images/hairpin.jpg'
216.1325 	EXP 	image: size = array([ 300.,  300.])
216.1325 	EXP 	text: text = u'hair pin'
216.1325 	EXP 	image: autoDraw = True
216.1325 	EXP 	text: autoDraw = True
217.5663 	DATA 	Keypress: z
217.5828 	EXP 	image: autoDraw = False
217.5828 	EXP 	text: autoDraw = False
217.5828 	EXP 	text_2: text = 'Correct!'
217.5828 	EXP 	text_2: autoDraw = True
218.5668 	EXP 	New trial (rep=0, index=46): OrderedDict([('images', u'images/atm.jpg'), ('name', u'atm'), ('corrAns', u'z')])
218.7832 	EXP 	text_2: autoDraw = False
218.7832 	EXP 	text_2: autoDraw = False
218.7832 	EXP 	image: image = u'images/atm.jpg'
218.7832 	EXP 	image: size = array([ 300.,  300.])
218.7832 	EXP 	text: text = u'atm'
218.7832 	EXP 	image: autoDraw = True
218.7832 	EXP 	text: autoDraw = True
219.9336 	DATA 	Keypress: z
219.9501 	EXP 	image: autoDraw = False
219.9501 	EXP 	text: autoDraw = False
219.9501 	EXP 	text_2: text = 'Correct!'
219.9501 	EXP 	text_2: autoDraw = True
220.9341 	EXP 	New trial (rep=0, index=47): OrderedDict([('images', u'images/rhinoceros01.jpg'), ('name', u'envelope'), ('corrAns', u'x')])
221.1504 	EXP 	text_2: autoDraw = False
221.1504 	EXP 	text_2: autoDraw = False
221.1504 	EXP 	image: image = u'images/rhinoceros01.jpg'
221.1504 	EXP 	image: size = array([ 300.,  300.])
221.1504 	EXP 	text: text = u'envelope'
221.1504 	EXP 	image: autoDraw = True
221.1504 	EXP 	text: autoDraw = True
222.1175 	DATA 	Keypress: x
222.1340 	EXP 	image: autoDraw = False
222.1340 	EXP 	text: autoDraw = False
222.1340 	EXP 	text_2: text = 'Correct!'
222.1340 	EXP 	text_2: autoDraw = True
223.1180 	EXP 	New trial (rep=0, index=48): OrderedDict([('images', u'images/calculator02b.jpg'), ('name', u'dice'), ('corrAns', u'x')])
223.3343 	EXP 	text_2: autoDraw = False
223.3343 	EXP 	text_2: autoDraw = False
223.3343 	EXP 	image: image = u'images/calculator02b.jpg'
223.3343 	EXP 	image: size = array([ 300.,  300.])
223.3343 	EXP 	text: text = u'dice'
223.3343 	EXP 	image: autoDraw = True
223.3343 	EXP 	text: autoDraw = True
224.3514 	DATA 	Keypress: x
224.3679 	EXP 	image: autoDraw = False
224.3679 	EXP 	text: autoDraw = False
224.3679 	EXP 	text_2: text = 'Correct!'
224.3679 	EXP 	text_2: autoDraw = True
225.3519 	EXP 	New trial (rep=0, index=49): OrderedDict([('images', u'images/lightswitch02a.jpg'), ('name', u'fork'), ('corrAns', u'x')])
225.5516 	EXP 	text_2: autoDraw = False
225.5516 	EXP 	text_2: autoDraw = False
225.5516 	EXP 	image: image = u'images/lightswitch02a.jpg'
225.5516 	EXP 	image: size = array([ 300.,  300.])
225.5516 	EXP 	text: text = u'fork'
225.5516 	EXP 	image: autoDraw = True
225.5516 	EXP 	text: autoDraw = True
226.4853 	DATA 	Keypress: z
226.5018 	EXP 	image: autoDraw = False
226.5018 	EXP 	text: autoDraw = False
226.5018 	EXP 	text_2: text = 'Wrong.'
226.5018 	EXP 	text_2: autoDraw = True
227.4858 	EXP 	New trial (rep=0, index=50): OrderedDict([('images', u'images/scooter.jpg'), ('name', u'pen'), ('corrAns', u'x')])
227.6855 	EXP 	text_2: autoDraw = False
227.6855 	EXP 	text_2: autoDraw = False
227.6855 	EXP 	image: image = u'images/scooter.jpg'
227.6855 	EXP 	image: size = array([ 300.,  300.])
227.6855 	EXP 	text: text = u'pen'
227.6855 	EXP 	image: autoDraw = True
227.6855 	EXP 	text: autoDraw = True
229.0026 	DATA 	Keypress: x
229.0192 	EXP 	image: autoDraw = False
229.0192 	EXP 	text: autoDraw = False
229.0192 	EXP 	text_2: text = 'Correct!'
229.0192 	EXP 	text_2: autoDraw = True
230.0031 	EXP 	New trial (rep=0, index=51): OrderedDict([('images', u'images/comb02a.jpg'), ('name', u'diploma'), ('corrAns', u'x')])
230.1361 	EXP 	text_2: autoDraw = False
230.1361 	EXP 	text_2: autoDraw = False
230.1361 	EXP 	image: image = u'images/comb02a.jpg'
230.1361 	EXP 	image: size = array([ 300.,  300.])
230.1361 	EXP 	text: text = u'diploma'
230.1361 	EXP 	image: autoDraw = True
230.1361 	EXP 	text: autoDraw = True
231.0032 	DATA 	Keypress: x
231.0197 	EXP 	image: autoDraw = False
231.0197 	EXP 	text: autoDraw = False
231.0197 	EXP 	text_2: text = 'Correct!'
231.0197 	EXP 	text_2: autoDraw = True
232.0037 	EXP 	New trial (rep=0, index=52): OrderedDict([('images', u'images/tank.jpg'), ('name', u'wallet'), ('corrAns', u'x')])
232.1866 	EXP 	text_2: autoDraw = False
232.1866 	EXP 	text_2: autoDraw = False
232.1866 	EXP 	image: image = u'images/tank.jpg'
232.1866 	EXP 	image: size = array([ 300.,  300.])
232.1866 	EXP 	text: text = u'wallet'
232.1866 	EXP 	image: autoDraw = True
232.1866 	EXP 	text: autoDraw = True
233.4038 	DATA 	Keypress: z
233.4203 	EXP 	image: autoDraw = False
233.4203 	EXP 	text: autoDraw = False
233.4203 	EXP 	text_2: text = 'Wrong.'
233.4203 	EXP 	text_2: autoDraw = True
234.4043 	EXP 	New trial (rep=0, index=53): OrderedDict([('images', u'images/computerkeyboard01a.jpg'), ('name', u'computer keyboard'), ('corrAns', u'z')])
234.5706 	EXP 	text_2: autoDraw = False
234.5706 	EXP 	text_2: autoDraw = False
234.5706 	EXP 	image: image = u'images/computerkeyboard01a.jpg'
234.5706 	EXP 	image: size = array([ 300.,  300.])
234.5706 	EXP 	text: text = u'computer keyboard'
234.5706 	EXP 	image: autoDraw = True
234.5706 	EXP 	text: autoDraw = True
235.5877 	DATA 	Keypress: z
235.6042 	EXP 	image: autoDraw = False
235.6042 	EXP 	text: autoDraw = False
235.6042 	EXP 	text_2: text = 'Correct!'
235.6042 	EXP 	text_2: autoDraw = True
236.5882 	EXP 	New trial (rep=0, index=54): OrderedDict([('images', u'images/mirror02.jpg'), ('name', u'8 ball'), ('corrAns', u'x')])
236.8045 	EXP 	text_2: autoDraw = False
236.8045 	EXP 	text_2: autoDraw = False
236.8045 	EXP 	image: image = u'images/mirror02.jpg'
236.8045 	EXP 	image: size = array([ 300.,  300.])
236.8045 	EXP 	text: text = u'8 ball'
236.8045 	EXP 	image: autoDraw = True
236.8045 	EXP 	text: autoDraw = True
238.0383 	DATA 	Keypress: x
238.0548 	EXP 	image: autoDraw = False
238.0548 	EXP 	text: autoDraw = False
238.0548 	EXP 	text_2: text = 'Correct!'
238.0548 	EXP 	text_2: autoDraw = True
239.0388 	EXP 	New trial (rep=0, index=55): OrderedDict([('images', u'images/bullet (2).jpg'), ('name', u'rubber glove'), ('corrAns', u'x')])
239.2218 	EXP 	text_2: autoDraw = False
239.2218 	EXP 	text_2: autoDraw = False
239.2218 	EXP 	image: image = u'images/bullet (2).jpg'
239.2218 	EXP 	image: size = array([ 300.,  300.])
239.2218 	EXP 	text: text = u'rubber glove'
239.2218 	EXP 	image: autoDraw = True
239.2218 	EXP 	text: autoDraw = True
240.0722 	DATA 	Keypress: x
240.0887 	EXP 	image: autoDraw = False
240.0887 	EXP 	text: autoDraw = False
240.0887 	EXP 	text_2: text = 'Correct!'
240.0887 	EXP 	text_2: autoDraw = True
241.0727 	EXP 	New trial (rep=0, index=56): OrderedDict([('images', u'images/saltshaker03c.jpg'), ('name', u'salt shaker'), ('corrAns', u'z')])
241.2723 	EXP 	text_2: autoDraw = False
241.2723 	EXP 	text_2: autoDraw = False
241.2723 	EXP 	image: image = u'images/saltshaker03c.jpg'
241.2723 	EXP 	image: size = array([ 300.,  300.])
241.2723 	EXP 	text: text = u'salt shaker'
241.2723 	EXP 	image: autoDraw = True
241.2723 	EXP 	text: autoDraw = True
242.5228 	DATA 	Keypress: z
242.5393 	EXP 	image: autoDraw = False
242.5393 	EXP 	text: autoDraw = False
242.5393 	EXP 	text_2: text = 'Correct!'
242.5393 	EXP 	text_2: autoDraw = True
243.5233 	EXP 	New trial (rep=0, index=57): OrderedDict([('images', u'images/razor04a.jpg'), ('name', u'razor'), ('corrAns', u'z')])
243.6729 	EXP 	text_2: autoDraw = False
243.6729 	EXP 	text_2: autoDraw = False
243.6729 	EXP 	image: image = u'images/razor04a.jpg'
243.6729 	EXP 	image: size = array([ 300.,  300.])
243.6729 	EXP 	text: text = u'razor'
243.6729 	EXP 	image: autoDraw = True
243.6729 	EXP 	text: autoDraw = True
244.6234 	DATA 	Keypress: z
244.6399 	EXP 	image: autoDraw = False
244.6399 	EXP 	text: autoDraw = False
244.6399 	EXP 	text_2: text = 'Correct!'
244.6399 	EXP 	text_2: autoDraw = True
245.6239 	EXP 	New trial (rep=0, index=58): OrderedDict([('images', u'images/straw.jpg'), ('name', u'straw'), ('corrAns', u'z')])
245.8068 	EXP 	text_2: autoDraw = False
245.8068 	EXP 	text_2: autoDraw = False
245.8068 	EXP 	image: image = u'images/straw.jpg'
245.8068 	EXP 	image: size = array([ 300.,  300.])
245.8068 	EXP 	text: text = u'straw'
245.8068 	EXP 	image: autoDraw = True
245.8068 	EXP 	text: autoDraw = True
246.7739 	DATA 	Keypress: z
246.7904 	EXP 	image: autoDraw = False
246.7904 	EXP 	text: autoDraw = False
246.7904 	EXP 	text_2: text = 'Correct!'
246.7904 	EXP 	text_2: autoDraw = True
247.7744 	EXP 	New trial (rep=0, index=59): OrderedDict([('images', u'images/flower01.jpg'), ('name', u'bus'), ('corrAns', u'x')])
247.9907 	EXP 	text_2: autoDraw = False
247.9907 	EXP 	text_2: autoDraw = False
247.9907 	EXP 	image: image = u'images/flower01.jpg'
247.9907 	EXP 	image: size = array([ 300.,  300.])
247.9907 	EXP 	text: text = u'bus'
247.9907 	EXP 	image: autoDraw = True
247.9907 	EXP 	text: autoDraw = True
249.0412 	DATA 	Keypress: x
249.0577 	EXP 	image: autoDraw = False
249.0577 	EXP 	text: autoDraw = False
249.0577 	EXP 	text_2: text = 'Correct!'
249.0577 	EXP 	text_2: autoDraw = True
250.0417 	EXP 	New trial (rep=0, index=60): OrderedDict([('images', u'images/sportshorts02.jpg'), ('name', u'tape'), ('corrAns', u'x')])
250.1913 	EXP 	text_2: autoDraw = False
250.1913 	EXP 	text_2: autoDraw = False
250.1913 	EXP 	image: image = u'images/sportshorts02.jpg'
250.1913 	EXP 	image: size = array([ 300.,  300.])
250.1913 	EXP 	text: text = u'tape'
250.1913 	EXP 	image: autoDraw = True
250.1913 	EXP 	text: autoDraw = True
251.6419 	DATA 	Keypress: x
251.6584 	EXP 	image: autoDraw = False
251.6584 	EXP 	text: autoDraw = False
251.6584 	EXP 	text_2: text = 'Correct!'
251.6584 	EXP 	text_2: autoDraw = True
252.6423 	EXP 	New trial (rep=0, index=61): OrderedDict([('images', u'images/cherry01.jpg'), ('name', u'highlighter'), ('corrAns', u'x')])
252.8420 	EXP 	text_2: autoDraw = False
252.8420 	EXP 	text_2: autoDraw = False
252.8420 	EXP 	image: image = u'images/cherry01.jpg'
252.8420 	EXP 	image: size = array([ 300.,  300.])
252.8420 	EXP 	text: text = u'highlighter'
252.8420 	EXP 	image: autoDraw = True
252.8420 	EXP 	text: autoDraw = True
254.1925 	DATA 	Keypress: x
254.2090 	EXP 	image: autoDraw = False
254.2090 	EXP 	text: autoDraw = False
254.2090 	EXP 	text_2: text = 'Correct!'
254.2090 	EXP 	text_2: autoDraw = True
255.1930 	EXP 	New trial (rep=0, index=62): OrderedDict([('images', u'images/candle08a.jpg'), ('name', u'screw driver'), ('corrAns', u'x')])
255.3927 	EXP 	text_2: autoDraw = False
255.3927 	EXP 	text_2: autoDraw = False
255.3927 	EXP 	image: image = u'images/candle08a.jpg'
255.3927 	EXP 	image: size = array([ 300.,  300.])
255.3927 	EXP 	text: text = u'screw driver'
255.3927 	EXP 	image: autoDraw = True
255.3927 	EXP 	text: autoDraw = True
256.3764 	DATA 	Keypress: x
256.3929 	EXP 	image: autoDraw = False
256.3929 	EXP 	text: autoDraw = False
256.3929 	EXP 	text_2: text = 'Correct!'
256.3929 	EXP 	text_2: autoDraw = True
257.3770 	EXP 	New trial (rep=0, index=63): OrderedDict([('images', u'images/broom02.jpg'), ('name', u'broom'), ('corrAns', u'z')])
257.5432 	EXP 	text_2: autoDraw = False
257.5432 	EXP 	text_2: autoDraw = False
257.5432 	EXP 	image: image = u'images/broom02.jpg'
257.5432 	EXP 	image: size = array([ 300.,  300.])
257.5432 	EXP 	text: text = u'broom'
257.5432 	EXP 	image: autoDraw = True
257.5432 	EXP 	text: autoDraw = True
258.4436 	DATA 	Keypress: z
258.4601 	EXP 	image: autoDraw = False
258.4601 	EXP 	text: autoDraw = False
258.4601 	EXP 	text_2: text = 'Correct!'
258.4601 	EXP 	text_2: autoDraw = True
259.4441 	EXP 	New trial (rep=0, index=64): OrderedDict([('images', u'images/paperclip04.jpg'), ('name', u'eye drops'), ('corrAns', u'x')])
259.6271 	EXP 	text_2: autoDraw = False
259.6271 	EXP 	text_2: autoDraw = False
259.6271 	EXP 	image: image = u'images/paperclip04.jpg'
259.6271 	EXP 	image: size = array([ 300.,  300.])
259.6271 	EXP 	text: text = u'eye drops'
259.6271 	EXP 	image: autoDraw = True
259.6271 	EXP 	text: autoDraw = True
260.5942 	DATA 	Keypress: x
260.6107 	EXP 	image: autoDraw = False
260.6107 	EXP 	text: autoDraw = False
260.6107 	EXP 	text_2: text = 'Correct!'
260.6107 	EXP 	text_2: autoDraw = True
261.5946 	EXP 	New trial (rep=0, index=65): OrderedDict([('images', u'images/lightbulb03b.jpg'), ('name', u'treadmill'), ('corrAns', u'x')])
261.7777 	EXP 	text_2: autoDraw = False
261.7777 	EXP 	text_2: autoDraw = False
261.7777 	EXP 	image: image = u'images/lightbulb03b.jpg'
261.7777 	EXP 	image: size = array([ 300.,  300.])
261.7777 	EXP 	text: text = u'treadmill'
261.7777 	EXP 	image: autoDraw = True
261.7777 	EXP 	text: autoDraw = True
262.8781 	DATA 	Keypress: x
262.8946 	EXP 	image: autoDraw = False
262.8946 	EXP 	text: autoDraw = False
262.8946 	EXP 	text_2: text = 'Correct!'
262.8946 	EXP 	text_2: autoDraw = True
263.8786 	EXP 	New trial (rep=0, index=66): OrderedDict([('images', u'images/pineapple01a.jpg'), ('name', u'pineapple'), ('corrAns', u'z')])
264.0616 	EXP 	text_2: autoDraw = False
264.0616 	EXP 	text_2: autoDraw = False
264.0616 	EXP 	image: image = u'images/pineapple01a.jpg'
264.0616 	EXP 	image: size = array([ 300.,  300.])
264.0616 	EXP 	text: text = u'pineapple'
264.0616 	EXP 	image: autoDraw = True
264.0616 	EXP 	text: autoDraw = True
264.8119 	DATA 	Keypress: z
264.8284 	EXP 	image: autoDraw = False
264.8284 	EXP 	text: autoDraw = False
264.8284 	EXP 	text_2: text = 'Correct!'
264.8284 	EXP 	text_2: autoDraw = True
265.8124 	EXP 	New trial (rep=0, index=67): OrderedDict([('images', u'images/glasses01b.jpg'), ('name', u'calculator'), ('corrAns', u'x')])
265.9787 	EXP 	text_2: autoDraw = False
265.9787 	EXP 	text_2: autoDraw = False
265.9787 	EXP 	image: image = u'images/glasses01b.jpg'
265.9787 	EXP 	image: size = array([ 300.,  300.])
265.9787 	EXP 	text: text = u'calculator'
265.9787 	EXP 	image: autoDraw = True
265.9787 	EXP 	text: autoDraw = True
266.8958 	DATA 	Keypress: x
266.9123 	EXP 	image: autoDraw = False
266.9123 	EXP 	text: autoDraw = False
266.9123 	EXP 	text_2: text = 'Correct!'
266.9123 	EXP 	text_2: autoDraw = True
267.8963 	EXP 	New trial (rep=0, index=68): OrderedDict([('images', u'images/bench02.jpg'), ('name', u'electric toothbrush'), ('corrAns', u'x')])
268.1126 	EXP 	text_2: autoDraw = False
268.1126 	EXP 	text_2: autoDraw = False
268.1126 	EXP 	image: image = u'images/bench02.jpg'
268.1126 	EXP 	image: size = array([ 300.,  300.])
268.1126 	EXP 	text: text = u'electric toothbrush'
268.1126 	EXP 	image: autoDraw = True
268.1126 	EXP 	text: autoDraw = True
269.3464 	DATA 	Keypress: x
269.3629 	EXP 	image: autoDraw = False
269.3629 	EXP 	text: autoDraw = False
269.3629 	EXP 	text_2: text = 'Correct!'
269.3629 	EXP 	text_2: autoDraw = True
270.3469 	EXP 	New trial (rep=0, index=69): OrderedDict([('images', u'images/mitten01.jpg'), ('name', u'mitten'), ('corrAns', u'z')])
270.5132 	EXP 	text_2: autoDraw = False
270.5132 	EXP 	text_2: autoDraw = False
270.5132 	EXP 	image: image = u'images/mitten01.jpg'
270.5132 	EXP 	image: size = array([ 300.,  300.])
270.5132 	EXP 	text: text = u'mitten'
270.5132 	EXP 	image: autoDraw = True
270.5132 	EXP 	text: autoDraw = True
271.6637 	DATA 	Keypress: z
271.6802 	EXP 	image: autoDraw = False
271.6802 	EXP 	text: autoDraw = False
271.6802 	EXP 	text_2: text = 'Correct!'
271.6802 	EXP 	text_2: autoDraw = True
272.6642 	EXP 	New trial (rep=0, index=70): OrderedDict([('images', u'images/orange.jpg'), ('name', u'bat'), ('corrAns', u'x')])
272.8472 	EXP 	text_2: autoDraw = False
272.8472 	EXP 	text_2: autoDraw = False
272.8472 	EXP 	image: image = u'images/orange.jpg'
272.8472 	EXP 	image: size = array([ 300.,  300.])
272.8472 	EXP 	text: text = u'bat'
272.8472 	EXP 	image: autoDraw = True
272.8472 	EXP 	text: autoDraw = True
273.9643 	DATA 	Keypress: x
273.9808 	EXP 	image: autoDraw = False
273.9808 	EXP 	text: autoDraw = False
273.9808 	EXP 	text_2: text = 'Correct!'
273.9808 	EXP 	text_2: autoDraw = True
274.9648 	EXP 	New trial (rep=0, index=71): OrderedDict([('images', u'images/daisy.jpg'), ('name', u'daisy'), ('corrAns', u'z')])
275.1144 	EXP 	text_2: autoDraw = False
275.1144 	EXP 	text_2: autoDraw = False
275.1144 	EXP 	image: image = u'images/daisy.jpg'
275.1144 	EXP 	image: size = array([ 300.,  300.])
275.1144 	EXP 	text: text = u'daisy'
275.1144 	EXP 	image: autoDraw = True
275.1144 	EXP 	text: autoDraw = True
276.1649 	DATA 	Keypress: z
276.1814 	EXP 	image: autoDraw = False
276.1814 	EXP 	text: autoDraw = False
276.1814 	EXP 	text_2: text = 'Correct!'
276.1814 	EXP 	text_2: autoDraw = True
277.1653 	EXP 	New trial (rep=0, index=72): OrderedDict([('images', u'images/desktopcomputer.jpg'), ('name', u'desktop computer'), ('corrAns', u'z')])
277.3650 	EXP 	text_2: autoDraw = False
277.3650 	EXP 	text_2: autoDraw = False
277.3650 	EXP 	image: image = u'images/desktopcomputer.jpg'
277.3650 	EXP 	image: size = array([ 300.,  300.])
277.3650 	EXP 	text: text = u'desktop computer'
277.3650 	EXP 	image: autoDraw = True
277.3650 	EXP 	text: autoDraw = True
278.3321 	DATA 	Keypress: z
278.3486 	EXP 	image: autoDraw = False
278.3486 	EXP 	text: autoDraw = False
278.3486 	EXP 	text_2: text = 'Correct!'
278.3486 	EXP 	text_2: autoDraw = True
279.3326 	EXP 	New trial (rep=0, index=73): OrderedDict([('images', u'images/elbow.jpg'), ('name', u'elbow'), ('corrAns', u'z')])
279.5656 	EXP 	text_2: autoDraw = False
279.5656 	EXP 	text_2: autoDraw = False
279.5656 	EXP 	image: image = u'images/elbow.jpg'
279.5656 	EXP 	image: size = array([ 300.,  300.])
279.5656 	EXP 	text: text = u'elbow'
279.5656 	EXP 	image: autoDraw = True
279.5656 	EXP 	text: autoDraw = True
280.7827 	DATA 	Keypress: z
280.7992 	EXP 	image: autoDraw = False
280.7992 	EXP 	text: autoDraw = False
280.7992 	EXP 	text_2: text = 'Correct!'
280.7992 	EXP 	text_2: autoDraw = True
281.7832 	EXP 	New trial (rep=0, index=74): OrderedDict([('images', u'images/backpack01b.jpg'), ('name', u'swallow'), ('corrAns', u'x')])
281.9495 	EXP 	text_2: autoDraw = False
281.9495 	EXP 	text_2: autoDraw = False
281.9495 	EXP 	image: image = u'images/backpack01b.jpg'
281.9495 	EXP 	image: size = array([ 300.,  300.])
281.9495 	EXP 	text: text = u'swallow'
281.9495 	EXP 	image: autoDraw = True
281.9495 	EXP 	text: autoDraw = True
283.1833 	DATA 	Keypress: x
283.1999 	EXP 	image: autoDraw = False
283.1999 	EXP 	text: autoDraw = False
283.1999 	EXP 	text_2: text = 'Correct!'
283.1999 	EXP 	text_2: autoDraw = True
284.1839 	EXP 	New trial (rep=0, index=75): OrderedDict([('images', u'images/lamp04b.jpg'), ('name', u'parking meter'), ('corrAns', u'x')])
284.3502 	EXP 	text_2: autoDraw = False
284.3502 	EXP 	text_2: autoDraw = False
284.3502 	EXP 	image: image = u'images/lamp04b.jpg'
284.3502 	EXP 	image: size = array([ 300.,  300.])
284.3502 	EXP 	text: text = u'parking meter'
284.3502 	EXP 	image: autoDraw = True
284.3502 	EXP 	text: autoDraw = True
285.6340 	DATA 	Keypress: x
285.6505 	EXP 	image: autoDraw = False
285.6505 	EXP 	text: autoDraw = False
285.6505 	EXP 	text_2: text = 'Correct!'
285.6505 	EXP 	text_2: autoDraw = True
286.6345 	EXP 	New trial (rep=0, index=76): OrderedDict([('images', u'images/giraffe.jpg'), ('name', u'lettuce'), ('corrAns', u'x')])
286.7675 	EXP 	text_2: autoDraw = False
286.7675 	EXP 	text_2: autoDraw = False
286.7675 	EXP 	image: image = u'images/giraffe.jpg'
286.7675 	EXP 	image: size = array([ 300.,  300.])
286.7675 	EXP 	text: text = u'lettuce'
286.7675 	EXP 	image: autoDraw = True
286.7675 	EXP 	text: autoDraw = True
287.5178 	DATA 	Keypress: x
287.5343 	EXP 	image: autoDraw = False
287.5343 	EXP 	text: autoDraw = False
287.5343 	EXP 	text_2: text = 'Correct!'
287.5343 	EXP 	text_2: autoDraw = True
288.5183 	EXP 	New trial (rep=0, index=77): OrderedDict([('images', u'images/pen03c.jpg'), ('name', u'pepper'), ('corrAns', u'x')])
288.6346 	EXP 	text_2: autoDraw = False
288.6346 	EXP 	text_2: autoDraw = False
288.6346 	EXP 	image: image = u'images/pen03c.jpg'
288.6346 	EXP 	image: size = array([ 300.,  300.])
288.6346 	EXP 	text: text = u'pepper'
288.6346 	EXP 	image: autoDraw = True
288.6346 	EXP 	text: autoDraw = True
289.6350 	DATA 	Keypress: x
289.6515 	EXP 	image: autoDraw = False
289.6515 	EXP 	text: autoDraw = False
289.6515 	EXP 	text_2: text = 'Correct!'
289.6515 	EXP 	text_2: autoDraw = True
290.6357 	EXP 	New trial (rep=0, index=78): OrderedDict([('images', u'images/bottleofredwine02.jpg'), ('name', u'pipe'), ('corrAns', u'x')])
290.8185 	EXP 	text_2: autoDraw = False
290.8185 	EXP 	text_2: autoDraw = False
290.8185 	EXP 	image: image = u'images/bottleofredwine02.jpg'
290.8185 	EXP 	image: size = array([ 300.,  300.])
290.8185 	EXP 	text: text = u'pipe'
290.8185 	EXP 	image: autoDraw = True
290.8185 	EXP 	text: autoDraw = True
291.6189 	DATA 	Keypress: x
291.6354 	EXP 	image: autoDraw = False
291.6354 	EXP 	text: autoDraw = False
291.6354 	EXP 	text_2: text = 'Correct!'
291.6354 	EXP 	text_2: autoDraw = True
292.6194 	EXP 	New trial (rep=0, index=79): OrderedDict([('images', u'images/magnifyingglass01b.jpg'), ('name', u'magnifying glass'), ('corrAns', u'z')])
292.8190 	EXP 	text_2: autoDraw = False
292.8190 	EXP 	text_2: autoDraw = False
292.8190 	EXP 	image: image = u'images/magnifyingglass01b.jpg'
292.8190 	EXP 	image: size = array([ 300.,  300.])
292.8190 	EXP 	text: text = u'magnifying glass'
292.8190 	EXP 	image: autoDraw = True
292.8190 	EXP 	text: autoDraw = True
293.7862 	DATA 	Keypress: z
293.8026 	EXP 	image: autoDraw = False
293.8026 	EXP 	text: autoDraw = False
293.8026 	EXP 	text_2: text = 'Correct!'
293.8026 	EXP 	text_2: autoDraw = True
294.7866 	EXP 	New trial (rep=0, index=80): OrderedDict([('images', u'images/feather03b.jpg'), ('name', u'feather'), ('corrAns', u'z')])
294.9362 	EXP 	text_2: autoDraw = False
294.9362 	EXP 	text_2: autoDraw = False
294.9362 	EXP 	image: image = u'images/feather03b.jpg'
294.9362 	EXP 	image: size = array([ 300.,  300.])
294.9362 	EXP 	text: text = u'feather'
294.9362 	EXP 	image: autoDraw = True
294.9362 	EXP 	text: autoDraw = True
295.6532 	DATA 	Keypress: z
295.6698 	EXP 	image: autoDraw = False
295.6698 	EXP 	text: autoDraw = False
295.6698 	EXP 	text_2: text = 'Correct!'
295.6698 	EXP 	text_2: autoDraw = True
296.6537 	EXP 	New trial (rep=0, index=81): OrderedDict([('images', u'images/shotglass.jpg'), ('name', u'shot glass'), ('corrAns', u'z')])
296.8534 	EXP 	text_2: autoDraw = False
296.8534 	EXP 	text_2: autoDraw = False
296.8534 	EXP 	image: image = u'images/shotglass.jpg'
296.8534 	EXP 	image: size = array([ 300.,  300.])
296.8534 	EXP 	text: text = u'shot glass'
296.8534 	EXP 	image: autoDraw = True
296.8534 	EXP 	text: autoDraw = True
297.9205 	DATA 	Keypress: z
297.9370 	EXP 	image: autoDraw = False
297.9370 	EXP 	text: autoDraw = False
297.9370 	EXP 	text_2: text = 'Correct!'
297.9370 	EXP 	text_2: autoDraw = True
298.9210 	EXP 	New trial (rep=0, index=82): OrderedDict([('images', u'images/aloe02.jpg'), ('name', u'broad sword'), ('corrAns', u'x')])
299.0873 	EXP 	text_2: autoDraw = False
299.0873 	EXP 	text_2: autoDraw = False
299.0873 	EXP 	image: image = u'images/aloe02.jpg'
299.0873 	EXP 	image: size = array([ 300.,  300.])
299.0873 	EXP 	text: text = u'broad sword'
299.0873 	EXP 	image: autoDraw = True
299.0873 	EXP 	text: autoDraw = True
300.3045 	DATA 	Keypress: x
300.3210 	EXP 	image: autoDraw = False
300.3210 	EXP 	text: autoDraw = False
300.3210 	EXP 	text_2: text = 'Correct!'
300.3210 	EXP 	text_2: autoDraw = True
301.3051 	EXP 	New trial (rep=0, index=83): OrderedDict([('images', u'images/hat05.jpg'), ('name', u'hat'), ('corrAns', u'z')])
301.5046 	EXP 	text_2: autoDraw = False
301.5046 	EXP 	text_2: autoDraw = False
301.5046 	EXP 	image: image = u'images/hat05.jpg'
301.5046 	EXP 	image: size = array([ 300.,  300.])
301.5046 	EXP 	text: text = u'hat'
301.5046 	EXP 	image: autoDraw = True
301.5046 	EXP 	text: autoDraw = True
302.5384 	DATA 	Keypress: z
302.5549 	EXP 	image: autoDraw = False
302.5549 	EXP 	text: autoDraw = False
302.5549 	EXP 	text_2: text = 'Correct!'
302.5549 	EXP 	text_2: autoDraw = True
303.5389 	EXP 	New trial (rep=0, index=84): OrderedDict([('images', u'images/lip.jpg'), ('name', u'boxing glove'), ('corrAns', u'x')])
303.6885 	EXP 	text_2: autoDraw = False
303.6885 	EXP 	text_2: autoDraw = False
303.6885 	EXP 	image: image = u'images/lip.jpg'
303.6885 	EXP 	image: size = array([ 300.,  300.])
303.6885 	EXP 	text: text = u'boxing glove'
303.6885 	EXP 	image: autoDraw = True
303.6885 	EXP 	text: autoDraw = True
304.8890 	DATA 	Keypress: x
304.9055 	EXP 	image: autoDraw = False
304.9055 	EXP 	text: autoDraw = False
304.9055 	EXP 	text_2: text = 'Correct!'
304.9055 	EXP 	text_2: autoDraw = True
305.8895 	EXP 	New trial (rep=0, index=85): OrderedDict([('images', u'images/pingpongpaddle01c (1).jpg'), ('name', u'ping pong paddle'), ('corrAns', u'z')])
306.0391 	EXP 	text_2: autoDraw = False
306.0391 	EXP 	text_2: autoDraw = False
306.0391 	EXP 	image: image = u'images/pingpongpaddle01c (1).jpg'
306.0391 	EXP 	image: size = array([ 300.,  300.])
306.0391 	EXP 	text: text = u'ping pong paddle'
306.0391 	EXP 	image: autoDraw = True
306.0391 	EXP 	text: autoDraw = True
307.0062 	DATA 	Keypress: x
307.0227 	EXP 	image: autoDraw = False
307.0227 	EXP 	text: autoDraw = False
307.0227 	EXP 	text_2: text = 'Wrong.'
307.0227 	EXP 	text_2: autoDraw = True
308.0067 	EXP 	New trial (rep=0, index=86): OrderedDict([('images', u'images/mattress.jpg'), ('name', u'cat'), ('corrAns', u'x')])
308.1897 	EXP 	text_2: autoDraw = False
308.1897 	EXP 	text_2: autoDraw = False
308.1897 	EXP 	image: image = u'images/mattress.jpg'
308.1897 	EXP 	image: size = array([ 300.,  300.])
308.1897 	EXP 	text: text = u'cat'
308.1897 	EXP 	image: autoDraw = True
308.1897 	EXP 	text: autoDraw = True
309.1401 	DATA 	Keypress: x
309.1566 	EXP 	image: autoDraw = False
309.1566 	EXP 	text: autoDraw = False
309.1566 	EXP 	text_2: text = 'Correct!'
309.1566 	EXP 	text_2: autoDraw = True
310.1406 	EXP 	New trial (rep=0, index=87): OrderedDict([('images', u'images/electricguitar02.jpg'), ('name', u'electric guitar'), ('corrAns', u'z')])
310.3736 	EXP 	text_2: autoDraw = False
310.3736 	EXP 	text_2: autoDraw = False
310.3736 	EXP 	image: image = u'images/electricguitar02.jpg'
310.3736 	EXP 	image: size = array([ 300.,  300.])
310.3736 	EXP 	text: text = u'electric guitar'
310.3736 	EXP 	image: autoDraw = True
310.3736 	EXP 	text: autoDraw = True
311.3240 	DATA 	Keypress: x
311.3405 	EXP 	image: autoDraw = False
311.3405 	EXP 	text: autoDraw = False
311.3405 	EXP 	text_2: text = 'Wrong.'
311.3405 	EXP 	text_2: autoDraw = True
312.3245 	EXP 	New trial (rep=0, index=88): OrderedDict([('images', u'images/bull.jpg'), ('name', u'button'), ('corrAns', u'x')])
312.5074 	EXP 	text_2: autoDraw = False
312.5074 	EXP 	text_2: autoDraw = False
312.5074 	EXP 	image: image = u'images/bull.jpg'
312.5074 	EXP 	image: size = array([ 300.,  300.])
312.5074 	EXP 	text: text = u'button'
312.5074 	EXP 	image: autoDraw = True
312.5074 	EXP 	text: autoDraw = True
313.6246 	DATA 	Keypress: x
313.6411 	EXP 	image: autoDraw = False
313.6411 	EXP 	text: autoDraw = False
313.6411 	EXP 	text_2: text = 'Correct!'
313.6411 	EXP 	text_2: autoDraw = True
314.6251 	EXP 	New trial (rep=0, index=89): OrderedDict([('images', u'images/hairdryer03a.jpg'), ('name', u'hairdryer'), ('corrAns', u'z')])
314.7580 	EXP 	text_2: autoDraw = False
314.7580 	EXP 	text_2: autoDraw = False
314.7580 	EXP 	image: image = u'images/hairdryer03a.jpg'
314.7580 	EXP 	image: size = array([ 300.,  300.])
314.7580 	EXP 	text: text = u'hairdryer'
314.7580 	EXP 	image: autoDraw = True
314.7580 	EXP 	text: autoDraw = True
315.9919 	DATA 	Keypress: z
316.0084 	EXP 	image: autoDraw = False
316.0084 	EXP 	text: autoDraw = False
316.0084 	EXP 	text_2: text = 'Correct!'
316.0084 	EXP 	text_2: autoDraw = True
316.9924 	EXP 	New trial (rep=0, index=90): OrderedDict([('images', u'images/basketball01.jpg'), ('name', u'basket ball'), ('corrAns', u'z')])
317.2254 	EXP 	text_2: autoDraw = False
317.2254 	EXP 	text_2: autoDraw = False
317.2254 	EXP 	image: image = u'images/basketball01.jpg'
317.2254 	EXP 	image: size = array([ 300.,  300.])
317.2254 	EXP 	text: text = u'basket ball'
317.2254 	EXP 	image: autoDraw = True
317.2254 	EXP 	text: autoDraw = True
318.1424 	DATA 	Keypress: z
318.1589 	EXP 	image: autoDraw = False
318.1589 	EXP 	text: autoDraw = False
318.1589 	EXP 	text_2: text = 'Correct!'
318.1589 	EXP 	text_2: autoDraw = True
319.1429 	EXP 	New trial (rep=0, index=91): OrderedDict([('images', u'images/showerhead01.jpg'), ('name', u'skateboard'), ('corrAns', u'x')])
319.3259 	EXP 	text_2: autoDraw = False
319.3259 	EXP 	text_2: autoDraw = False
319.3259 	EXP 	image: image = u'images/showerhead01.jpg'
319.3259 	EXP 	image: size = array([ 300.,  300.])
319.3259 	EXP 	text: text = u'skateboard'
319.3259 	EXP 	image: autoDraw = True
319.3259 	EXP 	text: autoDraw = True
320.3768 	DATA 	Keypress: x
320.4095 	EXP 	image: autoDraw = False
320.4095 	EXP 	text: autoDraw = False
320.4095 	EXP 	text_2: text = 'Correct!'
320.4095 	EXP 	text_2: autoDraw = True
321.3935 	EXP 	New trial (rep=0, index=92): OrderedDict([('images', u'images/acousticguitar02.jpg'), ('name', u'acoustic guitar'), ('corrAns', u'z')])
321.5598 	EXP 	text_2: autoDraw = False
321.5598 	EXP 	text_2: autoDraw = False
321.5598 	EXP 	image: image = u'images/acousticguitar02.jpg'
321.5598 	EXP 	image: size = array([ 300.,  300.])
321.5598 	EXP 	text: text = u'acoustic guitar'
321.5598 	EXP 	image: autoDraw = True
321.5598 	EXP 	text: autoDraw = True
322.6436 	DATA 	Keypress: z
322.6601 	EXP 	image: autoDraw = False
322.6601 	EXP 	text: autoDraw = False
322.6601 	EXP 	text_2: text = 'Correct!'
322.6601 	EXP 	text_2: autoDraw = True
323.6441 	EXP 	New trial (rep=0, index=93): OrderedDict([('images', u'images/safe.jpg'), ('name', u'safe'), ('corrAns', u'z')])
323.8271 	EXP 	text_2: autoDraw = False
323.8271 	EXP 	text_2: autoDraw = False
323.8271 	EXP 	image: image = u'images/safe.jpg'
323.8271 	EXP 	image: size = array([ 300.,  300.])
323.8271 	EXP 	text: text = u'safe'
323.8271 	EXP 	image: autoDraw = True
323.8271 	EXP 	text: autoDraw = True
324.6941 	DATA 	Keypress: z
324.7106 	EXP 	image: autoDraw = False
324.7106 	EXP 	text: autoDraw = False
324.7106 	EXP 	text_2: text = 'Correct!'
324.7106 	EXP 	text_2: autoDraw = True
325.6946 	EXP 	New trial (rep=0, index=94): OrderedDict([('images', u'images/parkingmeter.jpg'), ('name', u'ear'), ('corrAns', u'x')])
325.8776 	EXP 	text_2: autoDraw = False
325.8776 	EXP 	text_2: autoDraw = False
325.8776 	EXP 	image: image = u'images/parkingmeter.jpg'
325.8776 	EXP 	image: size = array([ 300.,  300.])
325.8776 	EXP 	text: text = u'ear'
325.8776 	EXP 	image: autoDraw = True
325.8776 	EXP 	text: autoDraw = True
327.4115 	DATA 	Keypress: x
327.4280 	EXP 	image: autoDraw = False
327.4280 	EXP 	text: autoDraw = False
327.4280 	EXP 	text_2: text = 'Correct!'
327.4280 	EXP 	text_2: autoDraw = True
328.4120 	EXP 	New trial (rep=0, index=95): OrderedDict([('images', u'images/lemon02.jpg'), ('name', u'lemon'), ('corrAns', u'z')])
328.6116 	EXP 	text_2: autoDraw = False
328.6116 	EXP 	text_2: autoDraw = False
328.6116 	EXP 	image: image = u'images/lemon02.jpg'
328.6116 	EXP 	image: size = array([ 300.,  300.])
328.6116 	EXP 	text: text = u'lemon'
328.6116 	EXP 	image: autoDraw = True
328.6116 	EXP 	text: autoDraw = True
329.6287 	DATA 	Keypress: z
329.6452 	EXP 	image: autoDraw = False
329.6452 	EXP 	text: autoDraw = False
329.6452 	EXP 	text_2: text = 'Correct!'
329.6452 	EXP 	text_2: autoDraw = True
330.6292 	EXP 	New trial (rep=0, index=96): OrderedDict([('images', u'images/corn01.jpg'), ('name', u'corn'), ('corrAns', u'z')])
330.8122 	EXP 	text_2: autoDraw = False
330.8122 	EXP 	text_2: autoDraw = False
330.8122 	EXP 	image: image = u'images/corn01.jpg'
330.8122 	EXP 	image: size = array([ 300.,  300.])
330.8122 	EXP 	text: text = u'corn'
330.8122 	EXP 	image: autoDraw = True
330.8122 	EXP 	text: autoDraw = True
333.8296 	EXP 	image: autoDraw = False
333.8296 	EXP 	text: autoDraw = False
333.8296 	EXP 	image: autoDraw = False
333.8296 	EXP 	text: autoDraw = False
333.8296 	EXP 	text_2: text = 'Failed to respond'
333.8296 	EXP 	text_2: autoDraw = True
334.7970 	EXP 	New trial (rep=0, index=97): OrderedDict([('images', u'images/weight01.jpg'), ('name', u'weight'), ('corrAns', u'z')])
334.9967 	EXP 	text_2: autoDraw = False
334.9967 	EXP 	text_2: autoDraw = False
334.9967 	EXP 	image: image = u'images/weight01.jpg'
334.9967 	EXP 	image: size = array([ 300.,  300.])
334.9967 	EXP 	text: text = u'weight'
334.9967 	EXP 	image: autoDraw = True
334.9967 	EXP 	text: autoDraw = True
337.9974 	EXP 	image: autoDraw = False
337.9974 	EXP 	text: autoDraw = False
337.9974 	EXP 	image: autoDraw = False
337.9974 	EXP 	text: autoDraw = False
337.9974 	EXP 	text_2: text = 'Failed to respond'
337.9974 	EXP 	text_2: autoDraw = True
338.9814 	EXP 	New trial (rep=0, index=98): OrderedDict([('images', u'images/tissuebox03.jpg'), ('name', u'tissue box'), ('corrAns', u'z')])
339.1977 	EXP 	text_2: autoDraw = False
339.1977 	EXP 	text_2: autoDraw = False
339.1977 	EXP 	image: image = u'images/tissuebox03.jpg'
339.1977 	EXP 	image: size = array([ 300.,  300.])
339.1977 	EXP 	text: text = u'tissue box'
339.1977 	EXP 	image: autoDraw = True
339.1977 	EXP 	text: autoDraw = True
340.6983 	DATA 	Keypress: z
340.7148 	EXP 	image: autoDraw = False
340.7148 	EXP 	text: autoDraw = False
340.7148 	EXP 	text_2: text = 'Correct!'
340.7148 	EXP 	text_2: autoDraw = True
341.6987 	EXP 	New trial (rep=0, index=99): OrderedDict([('images', u'images/button07.jpg'), ('name', u'radish'), ('corrAns', u'x')])
341.8984 	EXP 	text_2: autoDraw = False
341.8984 	EXP 	text_2: autoDraw = False
341.8984 	EXP 	image: image = u'images/button07.jpg'
341.8984 	EXP 	image: size = array([ 300.,  300.])
341.8984 	EXP 	text: text = u'radish'
341.8984 	EXP 	image: autoDraw = True
341.8984 	EXP 	text: autoDraw = True
344.8992 	EXP 	image: autoDraw = False
344.8992 	EXP 	text: autoDraw = False
344.8992 	EXP 	image: autoDraw = False
344.8992 	EXP 	text: autoDraw = False
344.8992 	EXP 	text_2: text = 'Failed to respond'
344.8992 	EXP 	text_2: autoDraw = True
345.8832 	EXP 	New trial (rep=0, index=100): OrderedDict([('images', u'images/swallow.jpg'), ('name', u'mattress'), ('corrAns', u'x')])
346.0661 	EXP 	text_2: autoDraw = False
346.0661 	EXP 	text_2: autoDraw = False
346.0661 	EXP 	image: image = u'images/swallow.jpg'
346.0661 	EXP 	image: size = array([ 300.,  300.])
346.0661 	EXP 	text: text = u'mattress'
346.0661 	EXP 	image: autoDraw = True
346.0661 	EXP 	text: autoDraw = True
349.0669 	EXP 	image: autoDraw = False
349.0669 	EXP 	text: autoDraw = False
349.0669 	EXP 	image: autoDraw = False
349.0669 	EXP 	text: autoDraw = False
349.0669 	EXP 	text_2: text = 'Failed to respond'
349.0669 	EXP 	text_2: autoDraw = True
350.0509 	EXP 	New trial (rep=0, index=101): OrderedDict([('images', u'images/radio03a.jpg'), ('name', u'radio'), ('corrAns', u'z')])
350.2006 	EXP 	text_2: autoDraw = False
350.2006 	EXP 	text_2: autoDraw = False
350.2006 	EXP 	image: image = u'images/radio03a.jpg'
350.2006 	EXP 	image: size = array([ 300.,  300.])
350.2006 	EXP 	text: text = u'radio'
350.2006 	EXP 	image: autoDraw = True
350.2006 	EXP 	text: autoDraw = True
353.2013 	EXP 	image: autoDraw = False
353.2013 	EXP 	text: autoDraw = False
353.2013 	EXP 	image: autoDraw = False
353.2013 	EXP 	text: autoDraw = False
353.2013 	EXP 	text_2: text = 'Failed to respond'
353.2013 	EXP 	text_2: autoDraw = True
354.1853 	EXP 	New trial (rep=0, index=102): OrderedDict([('images', u'images/birthdaycandle.jpg'), ('name', u'birthday candle'), ('corrAns', u'z')])
354.3683 	EXP 	text_2: autoDraw = False
354.3683 	EXP 	text_2: autoDraw = False
354.3683 	EXP 	image: image = u'images/birthdaycandle.jpg'
354.3683 	EXP 	image: size = array([ 300.,  300.])
354.3683 	EXP 	text: text = u'birthday candle'
354.3683 	EXP 	image: autoDraw = True
354.3683 	EXP 	text: autoDraw = True
355.9856 	DATA 	Keypress: escape
356.0435 	EXP 	window1: mouseVisible = True
