1231.1027 	WARNING 	User requested fullscreen with size [1680 1050], but screen is actually [1920, 1080]. Using actual size
1231.9772 	EXP 	Created window1 = Window(allowGUI=False, allowStencil=False, args=UNKNOWN, autoLog=True, bitsMode=UNKNOWN, blendMode='avg', color=array([ 1.,  1.,  1.]), colorSpace='rgb', fullscr=UNKNOWN, gamma=None, kwargs=UNKNOWN, lms=UNKNOWN, monitor=<psychopy.monitors.calibTools.Monitor object at 0x17785FB0>, multiSample=False, name='window1', numSamples=2, pos=[0, 0], screen=0, size=array([1920, 1080]), stereo=False, units=u'norm', useFBO=True, useRetina=False, viewOri=0.0, viewPos=None, viewScale=None, waitBlanking=True, winType=u'pyglet')
1231.9772 	EXP 	window1: recordFrameIntervals = False
1232.1434 	EXP 	window1: recordFrameIntervals = True
1232.3269 	EXP 	window1: recordFrameIntervals = False
1232.4437 	EXP 	Created text_8 = TextStim(alignHoriz='center', alignVert='center', antialias=True, autoLog=True, bold=False, color='black', colorSpace='named', contrast=1.0, depth=0.0, flipHoriz=False, flipVert=False, font='Arial', fontFiles=[], height=0.1, italic=False, name='text_8', opacity=1.0, ori=0, pos=array([ 0.,  0.]), rgb=array([ 0.,  0.,  0.]), text='Welcome!', units=u'norm', win=Window(...), wrapWidth=1)
1232.4855 	EXP 	Created text_9 = TextStim(alignHoriz='center', alignVert='center', antialias=True, autoLog=True, bold=False, color='black', colorSpace='named', contrast=1.0, depth=-1.0, flipHoriz=False, flipVert=False, font='Arial', fontFiles=[], height=0.1, italic=False, name='text_9', opacity=1.0, ori=0, pos=array([ 0.,  0.]), rgb=array([ 0.,  0.,  0.]), text=newstr(...), units=u'norm', win=Window(...), wrapWidth=1)
1232.5159 	EXP 	Created text_10 = TextStim(alignHoriz='center', alignVert='center', antialias=True, autoLog=True, bold=False, color='black', colorSpace='named', contrast=1.0, depth=-2.0, flipHoriz=False, flipVert=False, font='Arial', fontFiles=[], height=0.1, italic=False, name='text_10', opacity=1.0, ori=0, pos=array([ 0.,  0.]), rgb=array([ 0.,  0.,  0.]), text=newstr(...), units=u'norm', win=Window(...), wrapWidth=1)
1232.5324 	EXP 	Created text_13 = TextStim(alignHoriz='center', alignVert='center', antialias=True, autoLog=True, bold=False, color='black', colorSpace='named', contrast=1.0, depth=-3.0, flipHoriz=False, flipVert=False, font='Arial', fontFiles=[], height=0.1, italic=False, name='text_13', opacity=1.0, ori=0, pos=array([ 0.,  0.]), rgb=array([ 0.,  0.,  0.]), text='Each pair will look like this.', units=u'norm', win=Window(...), wrapWidth=1)
1232.5344 	EXP 	Created image_2 = ImageStim(autoLog=True, color=array([ 1.,  1.,  1.]), colorSpace='rgb', contrast=1.0, depth=0.0, flipHoriz=False, flipVert=False, image='sin', interpolate=True, mask=None, maskParams=None, name='image_2', opacity=1.0, ori=0.0, pos=array([-200.,    0.]), size=array([ 300.,  300.]), texRes=128, units='pix', win=Window(...))
1232.5421 	EXP 	Created text_12 = TextStim(alignHoriz='center', alignVert='center', antialias=True, autoLog=True, bold=False, color='black', colorSpace='named', contrast=1.0, depth=-1.0, flipHoriz=False, flipVert=False, font='Arial', fontFiles=[], height=0.1, italic=False, name='text_12', opacity=1.0, ori=0, pos=array([ 0.2,  0. ]), rgb=array([ 0.,  0.,  0.]), text='default text', units=u'norm', win=Window(...), wrapWidth=1)
1232.5706 	EXP 	Created text_14 = TextStim(alignHoriz='center', alignVert='center', antialias=True, autoLog=True, bold=False, color='black', colorSpace='named', contrast=1.0, depth=0.0, flipHoriz=False, flipVert=False, font='Arial', fontFiles=[], height=0.1, italic=False, name='text_14', opacity=1.0, ori=0, pos=array([ 0.,  0.]), rgb=array([ 0.,  0.,  0.]), text=newstr(...), units=u'norm', win=Window(...), wrapWidth=1)
1232.5949 	EXP 	Created text_15 = TextStim(alignHoriz='center', alignVert='center', antialias=True, autoLog=True, bold=False, color='green', colorSpace='named', contrast=1.0, depth=-1.0, flipHoriz=False, flipVert=False, font='Arial', fontFiles=[], height=0.1, italic=False, name='text_15', opacity=1.0, ori=0, pos=array([ 0.,  0.]), rgb=array([   0.,  128.,    0.]), text=newstr(...), units=u'norm', win=Window(...), wrapWidth=1)
1232.6188 	EXP 	Created text_16 = TextStim(alignHoriz='center', alignVert='center', antialias=True, autoLog=True, bold=False, color='red', colorSpace='named', contrast=1.0, depth=-2.0, flipHoriz=False, flipVert=False, font='Arial', fontFiles=[], height=0.1, italic=False, name='text_16', opacity=1.0, ori=0, pos=array([ 0.,  0.]), rgb=array([ 255.,    0.,    0.]), text=newstr(...), units=u'norm', win=Window(...), wrapWidth=1)
1232.6352 	EXP 	Created text_17 = TextStim(alignHoriz='center', alignVert='center', antialias=True, autoLog=True, bold=False, color='black', colorSpace='named', contrast=1.0, depth=-3.0, flipHoriz=False, flipVert=False, font='Arial', fontFiles=[], height=0.1, italic=False, name='text_17', opacity=1.0, ori=0, pos=array([ 0.,  0.]), rgb=array([ 0.,  0.,  0.]), text="Let's do a practice round.", units=u'norm', win=Window(...), wrapWidth=1)
1232.6369 	EXP 	Created image_3 = ImageStim(autoLog=True, color=array([ 1.,  1.,  1.]), colorSpace='rgb', contrast=1.0, depth=0.0, flipHoriz=False, flipVert=False, image='sin', interpolate=True, mask=None, maskParams=None, name='image_3', opacity=1.0, ori=0.0, pos=array([-200.,    0.]), size=array([ 300.,  300.]), texRes=128, units='pix', win=Window(...))
1232.6445 	EXP 	Created text_18 = TextStim(alignHoriz='center', alignVert='center', antialias=True, autoLog=True, bold=False, color='black', colorSpace='named', contrast=1.0, depth=-1.0, flipHoriz=False, flipVert=False, font='Arial', fontFiles=[], height=0.1, italic=False, name='text_18', opacity=1.0, ori=0, pos=array([ 0.2,  0. ]), rgb=array([ 0.,  0.,  0.]), text='default text', units=u'norm', win=Window(...), wrapWidth=1)
1232.6544 	EXP 	Created text_20 = TextStim(alignHoriz='center', alignVert='center', antialias=True, autoLog=True, bold=False, color='black', colorSpace='named', contrast=1.0, depth=0.0, flipHoriz=False, flipVert=False, font='Arial', fontFiles=[], height=0.1, italic=False, name='text_20', opacity=1.0, ori=0, pos=array([ 0.,  0.]), rgb=array([ 0.,  0.,  0.]), text='Great job!', units=u'norm', win=Window(...), wrapWidth=1)
1232.6844 	EXP 	Created text_22 = TextStim(alignHoriz='center', alignVert='center', antialias=True, autoLog=True, bold=False, color='black', colorSpace='named', contrast=1.0, depth=-1.0, flipHoriz=False, flipVert=False, font='Arial', fontFiles=[], height=0.1, italic=False, name='text_22', opacity=1.0, ori=0, pos=array([ 0.,  0.]), rgb=array([ 0.,  0.,  0.]), text=newstr(...), units=u'norm', win=Window(...), wrapWidth=1)
1232.7215 	EXP 	Created text_21 = TextStim(alignHoriz='center', alignVert='center', antialias=True, autoLog=True, bold=False, color='black', colorSpace='named', contrast=1.0, depth=-2.0, flipHoriz=False, flipVert=False, font='Arial', fontFiles=[], height=0.1, italic=False, name='text_21', opacity=1.0, ori=0, pos=array([ 0.,  0.]), rgb=array([ 0.,  0.,  0.]), text=newstr(...), units=u'norm', win=Window(...), wrapWidth=1)
1232.7636 	EXP 	Created text_23 = TextStim(alignHoriz='center', alignVert='center', antialias=True, autoLog=True, bold=False, color='black', colorSpace='named', contrast=1.0, depth=-3.0, flipHoriz=False, flipVert=False, font='Arial', fontFiles=[], height=0.1, italic=False, name='text_23', opacity=1.0, ori=0, pos=array([ 0.,  0.]), rgb=array([ 0.,  0.,  0.]), text=newstr(...), units=u'norm', win=Window(...), wrapWidth=1)
1232.7788 	EXP 	Created text_24 = TextStim(alignHoriz='center', alignVert='center', antialias=True, autoLog=True, bold=False, color='black', colorSpace='named', contrast=1.0, depth=-4.0, flipHoriz=False, flipVert=False, font='Arial', fontFiles=[], height=0.1, italic=False, name='text_24', opacity=1.0, ori=0, pos=array([ 0.,  0.]), rgb=array([ 0.,  0.,  0.]), text="Okay! Let's get going.", units=u'norm', win=Window(...), wrapWidth=1)
1232.7960 	EXP 	Created text_3 = TextStim(alignHoriz='center', alignVert='center', antialias=True, autoLog=True, bold=False, color='black', colorSpace='named', contrast=1.0, depth=-1.0, flipHoriz=False, flipVert=False, font='Arial', fontFiles=[], height=0.1, italic=False, name='text_3', opacity=1.0, ori=0, pos=array([ 0.,  0.]), rgb=array([ 0.,  0.,  0.]), text='The matching task will begin soon', units=u'norm', win=Window(...), wrapWidth=1)
1232.7977 	EXP 	Created image = ImageStim(autoLog=True, color=array([ 1.,  1.,  1.]), colorSpace='rgb', contrast=1.0, depth=0.0, flipHoriz=False, flipVert=False, image='sin', interpolate=True, mask=None, maskParams=None, name='image', opacity=1.0, ori=0.0, pos=array([-200.,    0.]), size=array([ 1.,  1.]), texRes=128, units='pix', win=Window(...))
1232.8053 	EXP 	Created text = TextStim(alignHoriz='center', alignVert='center', antialias=True, autoLog=True, bold=False, color='black', colorSpace='named', contrast=1.0, depth=-1.0, flipHoriz=False, flipVert=False, font='Arial', fontFiles=[], height=0.1, italic=False, name='text', opacity=1.0, ori=0, pos=array([ 0.2,  0. ]), rgb=array([ 0.,  0.,  0.]), text='default text', units=u'norm', win=Window(...), wrapWidth=1)
1232.8127 	EXP 	Created text_2 = TextStim(alignHoriz='center', alignVert='center', antialias=True, autoLog=True, bold=False, color='black', colorSpace='named', contrast=1.0, depth=0.0, flipHoriz=False, flipVert=False, font='Arial', fontFiles=[], height=0.1, italic=False, name='text_2', opacity=1.0, ori=0, pos=array([ 0.,  0.]), rgb=array([ 0.,  0.,  0.]), text='default text', units=u'norm', win=Window(...), wrapWidth=1)
1232.8263 	EXP 	Created text_4 = TextStim(alignHoriz='center', alignVert='center', antialias=True, autoLog=True, bold=False, color='black', colorSpace='named', contrast=1.0, depth=0.0, flipHoriz=False, flipVert=False, font='Arial', fontFiles=[], height=0.1, italic=False, name='text_4', opacity=1.0, ori=0, pos=array([ 0.,  0.]), rgb=array([ 0.,  0.,  0.]), text='This round is now complete', units=u'norm', win=Window(...), wrapWidth=1)
1232.8410 	EXP 	Created text_5 = TextStim(alignHoriz='center', alignVert='center', antialias=True, autoLog=True, bold=False, color='black', colorSpace='named', contrast=1.0, depth=0.0, flipHoriz=False, flipVert=False, font='Arial', fontFiles=[], height=0.1, italic=False, name='text_5', opacity=1.0, ori=0, pos=array([ 0.,  0.]), rgb=array([ 0.,  0.,  0.]), text='Thank you for participating!', units=u'norm', win=Window(...), wrapWidth=1)
1232.8697 	EXP 	Created text_6 = TextStim(alignHoriz='center', alignVert='center', antialias=True, autoLog=True, bold=False, color='black', colorSpace='named', contrast=1.0, depth=-1.0, flipHoriz=False, flipVert=False, font='Arial', fontFiles=[], height=0.1, italic=False, name='text_6', opacity=1.0, ori=0, pos=array([ 0.,  0.]), rgb=array([ 0.,  0.,  0.]), text=newstr(...), units=u'norm', win=Window(...), wrapWidth=1)
1232.8913 	EXP 	Created text_7 = TextStim(alignHoriz='center', alignVert='center', antialias=True, autoLog=True, bold=False, color='black', colorSpace='named', contrast=1.0, depth=-2.0, flipHoriz=False, flipVert=False, font='Arial', fontFiles=[], height=0.1, italic=False, name='text_7', opacity=1.0, ori=0, pos=array([ 0.,  0.]), rgb=array([ 0.,  0.,  0.]), text='An experimenter will come by to assist you', units=u'norm', win=Window(...), wrapWidth=1)
1232.9105 	EXP 	text_8: autoDraw = True
1235.9110 	EXP 	text_8: autoDraw = False
1235.9110 	EXP 	text_9: autoDraw = True
1241.8959 	EXP 	text_9: autoDraw = False
1241.9125 	EXP 	text_10: autoDraw = True
1247.8974 	EXP 	text_10: autoDraw = False
1247.9141 	EXP 	text_13: autoDraw = True
1253.9102 	EXP 	Imported images.xlsx as conditions, 1 conditions, 3 params
1253.9105 	EXP 	Created sequence: random, trialTypes=1, nReps=1, seed=None
1253.9108 	EXP 	New trial (rep=0, index=0): OrderedDict([('images', u'images/volleyball.jpg'), ('name', u'volley ball'), ('corrAns', u'z')])
1254.1323 	EXP 	text_13: autoDraw = False
1254.1323 	EXP 	text_8: autoDraw = False
1254.1323 	EXP 	text_9: autoDraw = False
1254.1323 	EXP 	text_10: autoDraw = False
1254.1323 	EXP 	text_13: autoDraw = False
1254.1323 	EXP 	image_2: image = u'images/volleyball.jpg'
1254.1323 	EXP 	text_12: text = u'volley ball'
1254.1323 	EXP 	image_2: autoDraw = True
1254.1323 	EXP 	text_12: autoDraw = True
1256.9164 	EXP 	image_2: autoDraw = False
1256.9164 	EXP 	text_12: autoDraw = False
1256.9164 	EXP 	text_14: autoDraw = True
1262.9179 	EXP 	text_14: autoDraw = False
1262.9179 	EXP 	text_15: autoDraw = True
1268.9195 	EXP 	text_15: autoDraw = False
1268.9195 	EXP 	text_16: autoDraw = True
1274.9043 	EXP 	text_16: autoDraw = False
1274.9210 	EXP 	text_17: autoDraw = True
1280.9091 	EXP 	Imported images.xlsx as conditions, 1 conditions, 3 params
1280.9094 	EXP 	Created sequence: random, trialTypes=1, nReps=1, seed=None
1280.9097 	EXP 	New trial (rep=0, index=0): OrderedDict([('images', u'images/puma.jpg'), ('name', u'puma'), ('corrAns', u'z')])
1281.0892 	EXP 	text_17: autoDraw = False
1281.0892 	EXP 	text_14: autoDraw = False
1281.0892 	EXP 	text_15: autoDraw = False
1281.0892 	EXP 	text_16: autoDraw = False
1281.0892 	EXP 	text_17: autoDraw = False
1281.0892 	EXP 	image_3: image = u'images/puma.jpg'
1281.0892 	EXP 	text_18: text = u'puma'
1281.0892 	EXP 	image_3: autoDraw = True
1281.0892 	EXP 	text_18: autoDraw = True
1283.9233 	EXP 	image_3: autoDraw = False
1283.9233 	EXP 	text_18: autoDraw = False
1283.9233 	EXP 	text_20: autoDraw = True
1289.9248 	EXP 	text_20: autoDraw = False
1289.9248 	EXP 	text_22: autoDraw = True
1295.9264 	EXP 	text_22: autoDraw = False
1295.9264 	EXP 	text_21: autoDraw = True
1301.9112 	EXP 	text_21: autoDraw = False
1301.9279 	EXP 	text_23: autoDraw = True
1309.9133 	EXP 	text_23: autoDraw = False
1309.9300 	EXP 	text_24: autoDraw = True
1315.9030 	EXP 	Imported sounds.xlsx as conditions, 2 conditions, 1 params
1315.9033 	EXP 	Created sequence: random, trialTypes=2, nReps=1, seed=None
1315.9035 	EXP 	New trial (rep=0, index=0): OrderedDict([('sounds', u'sounds/greatgatsby_english.wav')])
1316.3650 	EXP 	text_20: autoDraw = False
1316.3650 	EXP 	text_22: autoDraw = False
1316.3650 	EXP 	text_21: autoDraw = False
1316.3650 	EXP 	text_23: autoDraw = False
1316.3650 	EXP 	text_24: autoDraw = False
1316.3650 	EXP 	text_3: autoDraw = True
1325.9207 	EXP 	Imported images.xlsx as conditions, 240 conditions, 3 params
1325.9217 	EXP 	Created sequence: random, trialTypes=240, nReps=5, seed=None
1325.9220 	EXP 	New trial (rep=0, index=0): OrderedDict([('images', u'images/showerhead01.jpg'), ('name', u'skateboard'), ('corrAns', u'x')])
1326.1008 	EXP 	text_3: autoDraw = False
1326.1008 	EXP 	image: image = u'images/showerhead01.jpg'
1326.1008 	EXP 	image: size = array([ 300.,  300.])
1326.1008 	EXP 	text: text = u'skateboard'
1326.1008 	EXP 	image: autoDraw = True
1326.1008 	EXP 	text: autoDraw = True
1328.9348 	EXP 	image: autoDraw = False
1328.9348 	EXP 	text: autoDraw = False
1328.9348 	EXP 	text_2: text = 'Failed to respond'
1328.9348 	EXP 	text_2: autoDraw = True
1329.9021 	EXP 	New trial (rep=0, index=1): OrderedDict([('images', u'images/rhinoceros01.jpg'), ('name', u'envelope'), ('corrAns', u'x')])
1330.0351 	EXP 	text_2: autoDraw = False
1330.0351 	EXP 	image: image = u'images/rhinoceros01.jpg'
1330.0351 	EXP 	image: size = array([ 300.,  300.])
1330.0351 	EXP 	text: text = u'envelope'
1330.0351 	EXP 	image: autoDraw = True
1330.0351 	EXP 	text: autoDraw = True
1332.9192 	EXP 	image: autoDraw = False
1332.9192 	EXP 	text: autoDraw = False
1332.9192 	EXP 	text_2: text = 'Failed to respond'
1332.9192 	EXP 	text_2: autoDraw = True
1333.4029 	DATA 	Keypress: x
1333.9031 	EXP 	New trial (rep=0, index=2): OrderedDict([('images', u'images/kiwi03.jpg'), ('name', u'backpack'), ('corrAns', u'x')])
1334.0528 	EXP 	text_2: autoDraw = False
1334.0528 	EXP 	image: image = u'images/kiwi03.jpg'
1334.0528 	EXP 	image: size = array([ 300.,  300.])
1334.0528 	EXP 	text: text = u'backpack'
1334.0528 	EXP 	image: autoDraw = True
1334.0528 	EXP 	text: autoDraw = True
1335.7034 	DATA 	Keypress: x
1335.7199 	EXP 	image: autoDraw = False
1335.7199 	EXP 	text: autoDraw = False
1335.7199 	EXP 	text_2: text = 'Correct!'
1335.7199 	EXP 	text_2: autoDraw = True
1336.7039 	EXP 	New trial (rep=0, index=3): OrderedDict([('images', u'images/lion.jpg'), ('name', u'lion'), ('corrAns', u'z')])
1336.8369 	EXP 	text_2: autoDraw = False
1336.8369 	EXP 	text_2: autoDraw = False
1336.8369 	EXP 	image: image = u'images/lion.jpg'
1336.8369 	EXP 	image: size = array([ 300.,  300.])
1336.8369 	EXP 	text: text = u'lion'
1336.8369 	EXP 	image: autoDraw = True
1336.8369 	EXP 	text: autoDraw = True
1339.5211 	DATA 	Keypress: t
1339.8376 	EXP 	image: autoDraw = False
1339.8376 	EXP 	text: autoDraw = False
1339.8376 	EXP 	image: autoDraw = False
1339.8376 	EXP 	text: autoDraw = False
1339.8376 	EXP 	text_2: text = 'Failed to respond'
1339.8376 	EXP 	text_2: autoDraw = True
1340.8216 	EXP 	New trial (rep=0, index=4): OrderedDict([('images', u'images/cactus.jpg'), ('name', u'cactus'), ('corrAns', u'z')])
1340.9546 	EXP 	text_2: autoDraw = False
1340.9546 	EXP 	text_2: autoDraw = False
1340.9546 	EXP 	image: image = u'images/cactus.jpg'
1340.9546 	EXP 	image: size = array([ 300.,  300.])
1340.9546 	EXP 	text: text = u'cactus'
1340.9546 	EXP 	image: autoDraw = True
1340.9546 	EXP 	text: autoDraw = True
1343.9554 	EXP 	image: autoDraw = False
1343.9554 	EXP 	text: autoDraw = False
1343.9554 	EXP 	image: autoDraw = False
1343.9554 	EXP 	text: autoDraw = False
1343.9554 	EXP 	text_2: text = 'Failed to respond'
1343.9554 	EXP 	text_2: autoDraw = True
1344.9394 	EXP 	New trial (rep=0, index=5): OrderedDict([('images', u'images/parkingmeter.jpg'), ('name', u'ear'), ('corrAns', u'x')])
1345.0557 	EXP 	text_2: autoDraw = False
1345.0557 	EXP 	text_2: autoDraw = False
1345.0557 	EXP 	image: image = u'images/parkingmeter.jpg'
1345.0557 	EXP 	image: size = array([ 300.,  300.])
1345.0557 	EXP 	text: text = u'ear'
1345.0557 	EXP 	image: autoDraw = True
1345.0557 	EXP 	text: autoDraw = True
1348.0564 	EXP 	image: autoDraw = False
1348.0564 	EXP 	text: autoDraw = False
1348.0564 	EXP 	image: autoDraw = False
1348.0564 	EXP 	text: autoDraw = False
1348.0564 	EXP 	text_2: text = 'Failed to respond'
1348.0564 	EXP 	text_2: autoDraw = True
1349.0404 	EXP 	New trial (rep=0, index=6): OrderedDict([('images', u'images/globe.jpg'), ('name', u'cloud'), ('corrAns', u'x')])
1349.1900 	EXP 	text_2: autoDraw = False
1349.1900 	EXP 	text_2: autoDraw = False
1349.1900 	EXP 	image: image = u'images/globe.jpg'
1349.1900 	EXP 	image: size = array([ 300.,  300.])
1349.1900 	EXP 	text: text = u'cloud'
1349.1900 	EXP 	image: autoDraw = True
1349.1900 	EXP 	text: autoDraw = True
1352.1741 	EXP 	image: autoDraw = False
1352.1741 	EXP 	text: autoDraw = False
1352.1741 	EXP 	image: autoDraw = False
1352.1741 	EXP 	text: autoDraw = False
1352.1741 	EXP 	text_2: text = 'Failed to respond'
1352.1741 	EXP 	text_2: autoDraw = True
1353.1581 	EXP 	New trial (rep=0, index=7): OrderedDict([('images', u'images/camera01a.jpg'), ('name', u'bull'), ('corrAns', u'x')])
1353.2911 	EXP 	text_2: autoDraw = False
1353.2911 	EXP 	text_2: autoDraw = False
1353.2911 	EXP 	image: image = u'images/camera01a.jpg'
1353.2911 	EXP 	image: size = array([ 300.,  300.])
1353.2911 	EXP 	text: text = u'bull'
1353.2911 	EXP 	image: autoDraw = True
1353.2911 	EXP 	text: autoDraw = True
1356.2752 	EXP 	image: autoDraw = False
1356.2752 	EXP 	text: autoDraw = False
1356.2752 	EXP 	image: autoDraw = False
1356.2752 	EXP 	text: autoDraw = False
1356.2752 	EXP 	text_2: text = 'Failed to respond'
1356.2752 	EXP 	text_2: autoDraw = True
1357.2592 	EXP 	New trial (rep=0, index=8): OrderedDict([('images', u'images/birthdaycandle.jpg'), ('name', u'birthday candle'), ('corrAns', u'z')])
1357.3755 	EXP 	text_2: autoDraw = False
1357.3755 	EXP 	text_2: autoDraw = False
1357.3755 	EXP 	image: image = u'images/birthdaycandle.jpg'
1357.3755 	EXP 	image: size = array([ 300.,  300.])
1357.3755 	EXP 	text: text = u'birthday candle'
1357.3755 	EXP 	image: autoDraw = True
1357.3755 	EXP 	text: autoDraw = True
1360.3762 	EXP 	image: autoDraw = False
1360.3762 	EXP 	text: autoDraw = False
1360.3762 	EXP 	image: autoDraw = False
1360.3762 	EXP 	text: autoDraw = False
1360.3762 	EXP 	text_2: text = 'Failed to respond'
1360.3762 	EXP 	text_2: autoDraw = True
1361.3602 	EXP 	New trial (rep=0, index=9): OrderedDict([('images', u'images/cherry01.jpg'), ('name', u'highlighter'), ('corrAns', u'x')])
1361.4932 	EXP 	text_2: autoDraw = False
1361.4932 	EXP 	text_2: autoDraw = False
1361.4932 	EXP 	image: image = u'images/cherry01.jpg'
1361.4932 	EXP 	image: size = array([ 300.,  300.])
1361.4932 	EXP 	text: text = u'highlighter'
1361.4932 	EXP 	image: autoDraw = True
1361.4932 	EXP 	text: autoDraw = True
1364.4773 	EXP 	image: autoDraw = False
1364.4773 	EXP 	text: autoDraw = False
1364.4773 	EXP 	image: autoDraw = False
1364.4773 	EXP 	text: autoDraw = False
1364.4773 	EXP 	text_2: text = 'Failed to respond'
1364.4773 	EXP 	text_2: autoDraw = True
1365.4613 	EXP 	New trial (rep=0, index=10): OrderedDict([('images', u'images/handfan01b.jpg'), ('name', u'handfan'), ('corrAns', u'z')])
1365.5942 	EXP 	text_2: autoDraw = False
1365.5942 	EXP 	text_2: autoDraw = False
1365.5942 	EXP 	image: image = u'images/handfan01b.jpg'
1365.5942 	EXP 	image: size = array([ 300.,  300.])
1365.5942 	EXP 	text: text = u'handfan'
1365.5942 	EXP 	image: autoDraw = True
1365.5942 	EXP 	text: autoDraw = True
1368.5950 	EXP 	image: autoDraw = False
1368.5950 	EXP 	text: autoDraw = False
1368.5950 	EXP 	image: autoDraw = False
1368.5950 	EXP 	text: autoDraw = False
1368.5950 	EXP 	text_2: text = 'Failed to respond'
1368.5950 	EXP 	text_2: autoDraw = True
1368.7285 	DATA 	Keypress: escape
1368.7685 	EXP 	window1: mouseVisible = True
