3690.1080 	WARNING 	User requested fullscreen with size [1680 1050], but screen is actually [1920, 1080]. Using actual size
3691.7790 	EXP 	Created window1 = Window(allowGUI=False, allowStencil=False, args=UNKNOWN, autoLog=True, bitsMode=UNKNOWN, blendMode='avg', color=array([ 1.,  1.,  1.]), colorSpace='rgb', fullscr=UNKNOWN, gamma=None, kwargs=UNKNOWN, lms=UNKNOWN, monitor=<psychopy.monitors.calibTools.Monitor object at 0x18687FB0>, multiSample=False, name='window1', numSamples=2, pos=[0, 0], screen=0, size=array([1920, 1080]), stereo=False, units=u'norm', useFBO=True, useRetina=False, viewOri=0.0, viewPos=None, viewScale=None, waitBlanking=True, winType=u'pyglet')
3691.7790 	EXP 	window1: recordFrameIntervals = False
3691.9452 	EXP 	window1: recordFrameIntervals = True
3692.1287 	EXP 	window1: recordFrameIntervals = False
3692.3598 	EXP 	Created text_8 = TextStim(alignHoriz='center', alignVert='center', antialias=True, autoLog=True, bold=False, color='black', colorSpace='named', contrast=1.0, depth=0.0, flipHoriz=False, flipVert=False, font='Arial', fontFiles=[], height=0.1, italic=False, name='text_8', opacity=1.0, ori=0, pos=array([ 0.,  0.]), rgb=array([ 0.,  0.,  0.]), text='Welcome!', units=u'norm', win=Window(...), wrapWidth=1)
3692.4027 	EXP 	Created text_9 = TextStim(alignHoriz='center', alignVert='center', antialias=True, autoLog=True, bold=False, color='black', colorSpace='named', contrast=1.0, depth=-1.0, flipHoriz=False, flipVert=False, font='Arial', fontFiles=[], height=0.1, italic=False, name='text_9', opacity=1.0, ori=0, pos=array([ 0.,  0.]), rgb=array([ 0.,  0.,  0.]), text=newstr(...), units=u'norm', win=Window(...), wrapWidth=1)
3692.4331 	EXP 	Created text_10 = TextStim(alignHoriz='center', alignVert='center', antialias=True, autoLog=True, bold=False, color='black', colorSpace='named', contrast=1.0, depth=-2.0, flipHoriz=False, flipVert=False, font='Arial', fontFiles=[], height=0.1, italic=False, name='text_10', opacity=1.0, ori=0, pos=array([ 0.,  0.]), rgb=array([ 0.,  0.,  0.]), text=newstr(...), units=u'norm', win=Window(...), wrapWidth=1)
3692.4497 	EXP 	Created text_13 = TextStim(alignHoriz='center', alignVert='center', antialias=True, autoLog=True, bold=False, color='black', colorSpace='named', contrast=1.0, depth=-3.0, flipHoriz=False, flipVert=False, font='Arial', fontFiles=[], height=0.1, italic=False, name='text_13', opacity=1.0, ori=0, pos=array([ 0.,  0.]), rgb=array([ 0.,  0.,  0.]), text='Each pair will look like this.', units=u'norm', win=Window(...), wrapWidth=1)
3692.4517 	EXP 	Created image_2 = ImageStim(autoLog=True, color=array([ 1.,  1.,  1.]), colorSpace='rgb', contrast=1.0, depth=0.0, flipHoriz=False, flipVert=False, image='sin', interpolate=True, mask=None, maskParams=None, name='image_2', opacity=1.0, ori=0.0, pos=array([-200.,    0.]), size=array([ 300.,  300.]), texRes=128, units='pix', win=Window(...))
3692.4594 	EXP 	Created text_12 = TextStim(alignHoriz='center', alignVert='center', antialias=True, autoLog=True, bold=False, color='black', colorSpace='named', contrast=1.0, depth=-1.0, flipHoriz=False, flipVert=False, font='Arial', fontFiles=[], height=0.1, italic=False, name='text_12', opacity=1.0, ori=0, pos=array([ 0.2,  0. ]), rgb=array([ 0.,  0.,  0.]), text='default text', units=u'norm', win=Window(...), wrapWidth=1)
3692.4875 	EXP 	Created text_14 = TextStim(alignHoriz='center', alignVert='center', antialias=True, autoLog=True, bold=False, color='black', colorSpace='named', contrast=1.0, depth=0.0, flipHoriz=False, flipVert=False, font='Arial', fontFiles=[], height=0.1, italic=False, name='text_14', opacity=1.0, ori=0, pos=array([ 0.,  0.]), rgb=array([ 0.,  0.,  0.]), text=newstr(...), units=u'norm', win=Window(...), wrapWidth=1)
3692.5116 	EXP 	Created text_15 = TextStim(alignHoriz='center', alignVert='center', antialias=True, autoLog=True, bold=False, color='green', colorSpace='named', contrast=1.0, depth=-1.0, flipHoriz=False, flipVert=False, font='Arial', fontFiles=[], height=0.1, italic=False, name='text_15', opacity=1.0, ori=0, pos=array([ 0.,  0.]), rgb=array([   0.,  128.,    0.]), text=newstr(...), units=u'norm', win=Window(...), wrapWidth=1)
3692.5349 	EXP 	Created text_16 = TextStim(alignHoriz='center', alignVert='center', antialias=True, autoLog=True, bold=False, color='red', colorSpace='named', contrast=1.0, depth=-2.0, flipHoriz=False, flipVert=False, font='Arial', fontFiles=[], height=0.1, italic=False, name='text_16', opacity=1.0, ori=0, pos=array([ 0.,  0.]), rgb=array([ 255.,    0.,    0.]), text=newstr(...), units=u'norm', win=Window(...), wrapWidth=1)
3692.5507 	EXP 	Created text_17 = TextStim(alignHoriz='center', alignVert='center', antialias=True, autoLog=True, bold=False, color='black', colorSpace='named', contrast=1.0, depth=-3.0, flipHoriz=False, flipVert=False, font='Arial', fontFiles=[], height=0.1, italic=False, name='text_17', opacity=1.0, ori=0, pos=array([ 0.,  0.]), rgb=array([ 0.,  0.,  0.]), text="Let's do a practice round.", units=u'norm', win=Window(...), wrapWidth=1)
3692.5524 	EXP 	Created image_3 = ImageStim(autoLog=True, color=array([ 1.,  1.,  1.]), colorSpace='rgb', contrast=1.0, depth=0.0, flipHoriz=False, flipVert=False, image='sin', interpolate=True, mask=None, maskParams=None, name='image_3', opacity=1.0, ori=0.0, pos=array([-200.,    0.]), size=array([ 300.,  300.]), texRes=128, units='pix', win=Window(...))
3692.5600 	EXP 	Created text_18 = TextStim(alignHoriz='center', alignVert='center', antialias=True, autoLog=True, bold=False, color='black', colorSpace='named', contrast=1.0, depth=-1.0, flipHoriz=False, flipVert=False, font='Arial', fontFiles=[], height=0.1, italic=False, name='text_18', opacity=1.0, ori=0, pos=array([ 0.2,  0. ]), rgb=array([ 0.,  0.,  0.]), text='default text', units=u'norm', win=Window(...), wrapWidth=1)
3692.5699 	EXP 	Created text_20 = TextStim(alignHoriz='center', alignVert='center', antialias=True, autoLog=True, bold=False, color='black', colorSpace='named', contrast=1.0, depth=0.0, flipHoriz=False, flipVert=False, font='Arial', fontFiles=[], height=0.1, italic=False, name='text_20', opacity=1.0, ori=0, pos=array([ 0.,  0.]), rgb=array([ 0.,  0.,  0.]), text='Great job!', units=u'norm', win=Window(...), wrapWidth=1)
3692.5997 	EXP 	Created text_22 = TextStim(alignHoriz='center', alignVert='center', antialias=True, autoLog=True, bold=False, color='black', colorSpace='named', contrast=1.0, depth=-1.0, flipHoriz=False, flipVert=False, font='Arial', fontFiles=[], height=0.1, italic=False, name='text_22', opacity=1.0, ori=0, pos=array([ 0.,  0.]), rgb=array([ 0.,  0.,  0.]), text=newstr(...), units=u'norm', win=Window(...), wrapWidth=1)
3692.6348 	EXP 	Created text_21 = TextStim(alignHoriz='center', alignVert='center', antialias=True, autoLog=True, bold=False, color='black', colorSpace='named', contrast=1.0, depth=-2.0, flipHoriz=False, flipVert=False, font='Arial', fontFiles=[], height=0.1, italic=False, name='text_21', opacity=1.0, ori=0, pos=array([ 0.,  0.]), rgb=array([ 0.,  0.,  0.]), text=newstr(...), units=u'norm', win=Window(...), wrapWidth=1)
3692.6802 	EXP 	Created text_23 = TextStim(alignHoriz='center', alignVert='center', antialias=True, autoLog=True, bold=False, color='black', colorSpace='named', contrast=1.0, depth=-3.0, flipHoriz=False, flipVert=False, font='Arial', fontFiles=[], height=0.1, italic=False, name='text_23', opacity=1.0, ori=0, pos=array([ 0.,  0.]), rgb=array([ 0.,  0.,  0.]), text=newstr(...), units=u'norm', win=Window(...), wrapWidth=1)
3692.6947 	EXP 	Created text_24 = TextStim(alignHoriz='center', alignVert='center', antialias=True, autoLog=True, bold=False, color='black', colorSpace='named', contrast=1.0, depth=-4.0, flipHoriz=False, flipVert=False, font='Arial', fontFiles=[], height=0.1, italic=False, name='text_24', opacity=1.0, ori=0, pos=array([ 0.,  0.]), rgb=array([ 0.,  0.,  0.]), text="Okay! Let's get going.", units=u'norm', win=Window(...), wrapWidth=1)
3692.7123 	EXP 	Created text_3 = TextStim(alignHoriz='center', alignVert='center', antialias=True, autoLog=True, bold=False, color='black', colorSpace='named', contrast=1.0, depth=-1.0, flipHoriz=False, flipVert=False, font='Arial', fontFiles=[], height=0.1, italic=False, name='text_3', opacity=1.0, ori=0, pos=array([ 0.,  0.]), rgb=array([ 0.,  0.,  0.]), text='The matching task will begin soon', units=u'norm', win=Window(...), wrapWidth=1)
3692.7141 	EXP 	Created image = ImageStim(autoLog=True, color=array([ 1.,  1.,  1.]), colorSpace='rgb', contrast=1.0, depth=0.0, flipHoriz=False, flipVert=False, image='sin', interpolate=True, mask=None, maskParams=None, name='image', opacity=1.0, ori=0.0, pos=array([-200.,    0.]), size=array([ 1.,  1.]), texRes=128, units='pix', win=Window(...))
3692.7216 	EXP 	Created text = TextStim(alignHoriz='center', alignVert='center', antialias=True, autoLog=True, bold=False, color='black', colorSpace='named', contrast=1.0, depth=-1.0, flipHoriz=False, flipVert=False, font='Arial', fontFiles=[], height=0.1, italic=False, name='text', opacity=1.0, ori=0, pos=array([ 0.2,  0. ]), rgb=array([ 0.,  0.,  0.]), text='default text', units=u'norm', win=Window(...), wrapWidth=1)
3692.7291 	EXP 	Created text_2 = TextStim(alignHoriz='center', alignVert='center', antialias=True, autoLog=True, bold=False, color='black', colorSpace='named', contrast=1.0, depth=0.0, flipHoriz=False, flipVert=False, font='Arial', fontFiles=[], height=0.1, italic=False, name='text_2', opacity=1.0, ori=0, pos=array([ 0.,  0.]), rgb=array([ 0.,  0.,  0.]), text='default text', units=u'norm', win=Window(...), wrapWidth=1)
3692.7427 	EXP 	Created text_4 = TextStim(alignHoriz='center', alignVert='center', antialias=True, autoLog=True, bold=False, color='black', colorSpace='named', contrast=1.0, depth=0.0, flipHoriz=False, flipVert=False, font='Arial', fontFiles=[], height=0.1, italic=False, name='text_4', opacity=1.0, ori=0, pos=array([ 0.,  0.]), rgb=array([ 0.,  0.,  0.]), text='This round is now complete', units=u'norm', win=Window(...), wrapWidth=1)
3692.7571 	EXP 	Created text_5 = TextStim(alignHoriz='center', alignVert='center', antialias=True, autoLog=True, bold=False, color='black', colorSpace='named', contrast=1.0, depth=0.0, flipHoriz=False, flipVert=False, font='Arial', fontFiles=[], height=0.1, italic=False, name='text_5', opacity=1.0, ori=0, pos=array([ 0.,  0.]), rgb=array([ 0.,  0.,  0.]), text='Thank you for participating!', units=u'norm', win=Window(...), wrapWidth=1)
3692.7856 	EXP 	Created text_6 = TextStim(alignHoriz='center', alignVert='center', antialias=True, autoLog=True, bold=False, color='black', colorSpace='named', contrast=1.0, depth=-1.0, flipHoriz=False, flipVert=False, font='Arial', fontFiles=[], height=0.1, italic=False, name='text_6', opacity=1.0, ori=0, pos=array([ 0.,  0.]), rgb=array([ 0.,  0.,  0.]), text=newstr(...), units=u'norm', win=Window(...), wrapWidth=1)
3692.8079 	EXP 	Created text_7 = TextStim(alignHoriz='center', alignVert='center', antialias=True, autoLog=True, bold=False, color='black', colorSpace='named', contrast=1.0, depth=-2.0, flipHoriz=False, flipVert=False, font='Arial', fontFiles=[], height=0.1, italic=False, name='text_7', opacity=1.0, ori=0, pos=array([ 0.,  0.]), rgb=array([ 0.,  0.,  0.]), text='An experimenter will come by to assist you', units=u'norm', win=Window(...), wrapWidth=1)
3692.8956 	EXP 	text_8: autoDraw = True
3695.8128 	EXP 	text_8: autoDraw = False
3695.8295 	EXP 	text_9: autoDraw = True
3701.3645 	DATA 	Mouse: Left button down, pos=(397,1023)
3701.4978 	DATA 	Mouse:  Left button up, pos=(397,1023)
3701.8144 	EXP 	text_9: autoDraw = False
3701.8311 	EXP 	text_10: autoDraw = True
3704.1819 	DATA 	Keypress: space
3705.3822 	DATA 	Mouse: Left button down, pos=(1109,1047)
3705.4822 	DATA 	Mouse:  Left button up, pos=(1109,1047)
3706.9493 	DATA 	Mouse: Left button down, pos=(925,1052)
3707.0993 	DATA 	Mouse:  Left button up, pos=(925,1052)
3707.7662 	DATA 	Keypress: space
3707.8160 	EXP 	text_10: autoDraw = False
3707.8327 	EXP 	text_13: autoDraw = True
3709.3833 	DATA 	Keypress: space
3710.9337 	DATA 	Keypress: space
3713.8291 	EXP 	Imported images.xlsx as conditions, 1 conditions, 3 params
3713.8294 	EXP 	Created sequence: random, trialTypes=1, nReps=1, seed=None
3713.8297 	EXP 	New trial (rep=0, index=0): OrderedDict([('images', u'images/volleyball.jpg'), ('name', u'volley ball'), ('corrAns', u'z')])
3714.1677 	EXP 	text_13: autoDraw = False
3714.1677 	EXP 	text_8: autoDraw = False
3714.1677 	EXP 	text_9: autoDraw = False
3714.1677 	EXP 	text_10: autoDraw = False
3714.1677 	EXP 	text_13: autoDraw = False
3714.1677 	EXP 	image_2: image = u'images/volleyball.jpg'
3714.1677 	EXP 	text_12: text = u'volley ball'
3714.1677 	EXP 	image_2: autoDraw = True
3714.1677 	EXP 	text_12: autoDraw = True
3716.8350 	EXP 	image_2: autoDraw = False
3716.8350 	EXP 	text_12: autoDraw = False
3716.8350 	EXP 	text_14: autoDraw = True
3722.8366 	EXP 	text_14: autoDraw = False
3722.8366 	EXP 	text_15: autoDraw = True
3728.8382 	EXP 	text_15: autoDraw = False
3728.8382 	EXP 	text_16: autoDraw = True
3734.8231 	EXP 	text_16: autoDraw = False
3734.8397 	EXP 	text_17: autoDraw = True
3740.8285 	EXP 	Imported images.xlsx as conditions, 1 conditions, 3 params
3740.8288 	EXP 	Created sequence: random, trialTypes=1, nReps=1, seed=None
3740.8291 	EXP 	New trial (rep=0, index=0): OrderedDict([('images', u'images/puma.jpg'), ('name', u'puma'), ('corrAns', u'z')])
3741.1081 	EXP 	text_14: autoDraw = False
3741.1081 	EXP 	text_15: autoDraw = False
3741.1081 	EXP 	text_16: autoDraw = False
3741.1081 	EXP 	text_17: autoDraw = False
3741.1081 	EXP 	image_3: image = u'images/puma.jpg'
3741.1081 	EXP 	text_18: text = u'puma'
3741.1081 	EXP 	image_3: autoDraw = True
3741.1081 	EXP 	text_18: autoDraw = True
3743.8254 	EXP 	image_3: autoDraw = False
3743.8254 	EXP 	text_18: autoDraw = False
3743.8254 	EXP 	text_20: autoDraw = True
3744.6592 	DATA 	Keypress: z
3749.8270 	EXP 	text_20: autoDraw = False
3749.8270 	EXP 	text_22: autoDraw = True
3755.2786 	DATA 	Keypress: z
3755.8286 	EXP 	text_22: autoDraw = False
3755.8286 	EXP 	text_21: autoDraw = True
3755.9288 	DATA 	Keypress: x
3756.2622 	DATA 	Keypress: z
3757.7459 	DATA 	Keypress: x
3757.9960 	DATA 	Keypress: z
3758.6129 	DATA 	Keypress: x
3758.7962 	DATA 	Keypress: z
3759.5631 	DATA 	Keypress: x
3759.7298 	DATA 	Keypress: z
3760.1966 	DATA 	Keypress: x
3761.8135 	EXP 	text_21: autoDraw = False
3761.8302 	EXP 	text_23: autoDraw = True
3769.8156 	EXP 	text_23: autoDraw = False
3769.8323 	EXP 	text_24: autoDraw = True
3775.8054 	EXP 	Imported sounds.xlsx as conditions, 2 conditions, 1 params
3775.8057 	EXP 	Created sequence: random, trialTypes=2, nReps=1, seed=None
3775.8060 	EXP 	New trial (rep=0, index=0): OrderedDict([('sounds', u'sounds/animalfarm_english.wav')])
3776.8508 	EXP 	text_24: autoDraw = False
3776.8508 	EXP 	text_20: autoDraw = False
3776.8508 	EXP 	text_22: autoDraw = False
3776.8508 	EXP 	text_21: autoDraw = False
3776.8508 	EXP 	text_23: autoDraw = False
3776.8508 	EXP 	text_24: autoDraw = False
3776.8508 	EXP 	text_3: autoDraw = True
3785.8235 	EXP 	Imported images.xlsx as conditions, 240 conditions, 3 params
3785.8247 	EXP 	Created sequence: random, trialTypes=240, nReps=5, seed=None
3785.8250 	EXP 	New trial (rep=0, index=0): OrderedDict([('images', u'images/umbrella01.jpg'), ('name', u'umbrella'), ('corrAns', u'z')])
3786.1199 	EXP 	text_3: autoDraw = False
3786.1199 	EXP 	text_3: autoDraw = False
3786.1199 	EXP 	image: image = u'images/umbrella01.jpg'
3786.1199 	EXP 	image: size = array([ 300.,  300.])
3786.1199 	EXP 	text: text = u'umbrella'
3786.1199 	EXP 	image: autoDraw = True
3786.1199 	EXP 	text: autoDraw = True
3788.8539 	EXP 	image: autoDraw = False
3788.8539 	EXP 	text: autoDraw = False
3788.8539 	EXP 	text_2: text = 'Failed to respond'
3788.8539 	EXP 	text_2: autoDraw = True
3789.8212 	EXP 	New trial (rep=0, index=1): OrderedDict([('images', u'images/treadmill.jpg'), ('name', u'lily'), ('corrAns', u'x')])
3790.0876 	EXP 	text_2: autoDraw = False
3790.0876 	EXP 	image: image = u'images/treadmill.jpg'
3790.0876 	EXP 	image: size = array([ 300.,  300.])
3790.0876 	EXP 	text: text = u'lily'
3790.0876 	EXP 	image: autoDraw = True
3790.0876 	EXP 	text: autoDraw = True
3791.4381 	DATA 	Keypress: escape
3791.4772 	EXP 	window1: mouseVisible = True
