7.2565 	EXP 	Created window1 = Window(allowGUI=False, allowStencil=False, args=UNKNOWN, autoLog=True, bitsMode=UNKNOWN, blendMode='avg', color=array([1., 1., 1.]), colorSpace='rgb', fullscr=UNKNOWN, gamma=None, kwargs=UNKNOWN, lms=UNKNOWN, monitor=<psychopy.monitors.calibTools.Monitor object at 0x113031e90>, multiSample=False, name='window1', numSamples=2, pos=[-840, -525], screen=0, size=array([3360, 2100]), stereo=False, units=u'norm', useFBO=True, useRetina=True, viewOri=0.0, viewPos=None, viewScale=None, waitBlanking=True, winType=u'pyglet')
7.2566 	EXP 	window1: recordFrameIntervals = False
7.4568 	EXP 	window1: recordFrameIntervals = True
7.9900 	EXP 	window1: recordFrameIntervals = False
8.0659 	EXP 	Created text_8 = TextStim(alignHoriz='center', alignVert='center', antialias=True, autoLog=True, bold=False, color=u'black', colorSpace='named', contrast=1.0, depth=0.0, flipHoriz=False, flipVert=False, font=u'Arial', fontFiles=[], height=0.1, italic=False, name='text_8', opacity=1.0, ori=0, pos=array([0., 0.]), rgb=array([0., 0., 0.]), text='Welcome!', units=u'norm', win=Window(...), wrapWidth=1)
8.0983 	EXP 	Created text_9 = TextStim(alignHoriz='center', alignVert='center', antialias=True, autoLog=True, bold=False, color=u'black', colorSpace='named', contrast=1.0, depth=-1.0, flipHoriz=False, flipVert=False, font=u'Arial', fontFiles=[], height=0.1, italic=False, name='text_9', opacity=1.0, ori=0, pos=array([0., 0.]), rgb=array([0., 0., 0.]), text=newstr(...), units=u'norm', win=Window(...), wrapWidth=1)
8.1261 	EXP 	Created text_10 = TextStim(alignHoriz='center', alignVert='center', antialias=True, autoLog=True, bold=False, color=u'black', colorSpace='named', contrast=1.0, depth=-2.0, flipHoriz=False, flipVert=False, font=u'Arial', fontFiles=[], height=0.1, italic=False, name='text_10', opacity=1.0, ori=0, pos=array([0., 0.]), rgb=array([0., 0., 0.]), text=newstr(...), units=u'norm', win=Window(...), wrapWidth=1)
8.1277 	EXP 	Created image_2 = ImageStim(autoLog=True, color=array([1., 1., 1.]), colorSpace='rgb', contrast=1.0, depth=0.0, flipHoriz=False, flipVert=False, image='sin', interpolate=True, mask=None, maskParams=None, name='image_2', opacity=1.0, ori=0.0, pos=array([-200.,    0.]), size=array([300., 300.]), texRes=128, units='pix', win=Window(...))
8.1355 	EXP 	Created text_12 = TextStim(alignHoriz='center', alignVert='center', antialias=True, autoLog=True, bold=False, color=u'black', colorSpace='named', contrast=1.0, depth=-1.0, flipHoriz=False, flipVert=False, font=u'Arial', fontFiles=[], height=0.1, italic=False, name='text_12', opacity=1.0, ori=0, pos=array([0.2, 0. ]), rgb=array([0., 0., 0.]), text='default text', units=u'norm', win=Window(...), wrapWidth=1)
8.1596 	EXP 	Created text_3 = TextStim(alignHoriz='center', alignVert='center', antialias=True, autoLog=True, bold=False, color='black', colorSpace='named', contrast=1.0, depth=-1.0, flipHoriz=False, flipVert=False, font='Arial', fontFiles=[], height=0.1, italic=False, name='text_3', opacity=1.0, ori=0, pos=array([0., 0.]), rgb=array([0., 0., 0.]), text='The matching task will begin soon', units=u'norm', win=Window(...), wrapWidth=1)
8.1611 	EXP 	Created image = ImageStim(autoLog=True, color=array([1., 1., 1.]), colorSpace='rgb', contrast=1.0, depth=0.0, flipHoriz=False, flipVert=False, image='sin', interpolate=True, mask=None, maskParams=None, name='image', opacity=1.0, ori=0.0, pos=array([-200.,    0.]), size=array([1., 1.]), texRes=128, units='pix', win=Window(...))
8.1680 	EXP 	Created text = TextStim(alignHoriz='center', alignVert='center', antialias=True, autoLog=True, bold=False, color=u'black', colorSpace='named', contrast=1.0, depth=-1.0, flipHoriz=False, flipVert=False, font=u'Arial', fontFiles=[], height=0.1, italic=False, name='text', opacity=1.0, ori=0, pos=array([0.2, 0. ]), rgb=array([0., 0., 0.]), text='default text', units=u'norm', win=Window(...), wrapWidth=1)
8.1749 	EXP 	Created text_2 = TextStim(alignHoriz='center', alignVert='center', antialias=True, autoLog=True, bold=False, color=u'black', colorSpace='named', contrast=1.0, depth=0.0, flipHoriz=False, flipVert=False, font=u'Arial', fontFiles=[], height=0.1, italic=False, name='text_2', opacity=1.0, ori=0, pos=array([0., 0.]), rgb=array([0., 0., 0.]), text='default text', units=u'norm', win=Window(...), wrapWidth=1)
8.1872 	EXP 	Created text_4 = TextStim(alignHoriz='center', alignVert='center', antialias=True, autoLog=True, bold=False, color='black', colorSpace='named', contrast=1.0, depth=0.0, flipHoriz=False, flipVert=False, font='Arial', fontFiles=[], height=0.1, italic=False, name='text_4', opacity=1.0, ori=0, pos=array([0., 0.]), rgb=array([0., 0., 0.]), text='This round is now complete', units=u'norm', win=Window(...), wrapWidth=1)
8.2001 	EXP 	Created text_5 = TextStim(alignHoriz='center', alignVert='center', antialias=True, autoLog=True, bold=False, color=u'black', colorSpace='named', contrast=1.0, depth=0.0, flipHoriz=False, flipVert=False, font=u'Arial', fontFiles=[], height=0.1, italic=False, name='text_5', opacity=1.0, ori=0, pos=array([0., 0.]), rgb=array([0., 0., 0.]), text='Thank you for participating!', units=u'norm', win=Window(...), wrapWidth=1)
8.2253 	EXP 	Created text_6 = TextStim(alignHoriz='center', alignVert='center', antialias=True, autoLog=True, bold=False, color=u'black', colorSpace='named', contrast=1.0, depth=-1.0, flipHoriz=False, flipVert=False, font=u'Arial', fontFiles=[], height=0.1, italic=False, name='text_6', opacity=1.0, ori=0, pos=array([0., 0.]), rgb=array([0., 0., 0.]), text=newstr(...), units=u'norm', win=Window(...), wrapWidth=1)
8.2441 	EXP 	Created text_7 = TextStim(alignHoriz='center', alignVert='center', antialias=True, autoLog=True, bold=False, color=u'black', colorSpace='named', contrast=1.0, depth=-2.0, flipHoriz=False, flipVert=False, font=u'Arial', fontFiles=[], height=0.1, italic=False, name='text_7', opacity=1.0, ori=0, pos=array([0., 0.]), rgb=array([0., 0., 0.]), text='An experimenter will come by to assist you', units=u'norm', win=Window(...), wrapWidth=1)
8.2734 	EXP 	text_8: autoDraw = True
11.2553 	EXP 	text_8: autoDraw = False
11.2730 	EXP 	text_9: autoDraw = True
19.2554 	EXP 	text_9: autoDraw = False
19.2729 	EXP 	text_10: autoDraw = True
27.2654 	EXP 	Imported images.xlsx as conditions, 1 conditions, 3 params
27.2659 	EXP 	Created sequence: random, trialTypes=1, nReps=1, seed=None
27.2662 	EXP 	New trial (rep=0, index=0): OrderedDict([(u'images', u'images/volleyball.jpg'), (u'name', u'volley ball'), (u'corrAns', u'z')])
27.5706 	EXP 	text_10: autoDraw = False
27.5706 	EXP 	text_8: autoDraw = False
27.5706 	EXP 	text_9: autoDraw = False
27.5706 	EXP 	text_10: autoDraw = False
27.5706 	EXP 	image_2: image = u'images/volleyball.jpg'
27.5706 	EXP 	text_12: text = u'volley ball'
27.5706 	EXP 	image_2: autoDraw = True
27.5706 	EXP 	text_12: autoDraw = True
30.2602 	EXP 	Imported sounds.xlsx as conditions, 2 conditions, 1 params
30.2605 	EXP 	Created sequence: random, trialTypes=2, nReps=1, seed=None
30.2608 	EXP 	New trial (rep=0, index=0): OrderedDict([(u'sounds', u'sounds/animalfarm_chinese.wav')])
30.3707 	EXP 	Set  sound=sounds/animalfarm_chinese.wav
30.3707 	EXP 	Sound  started
30.3901 	EXP 	image_2: autoDraw = False
30.3901 	EXP 	text_12: autoDraw = False
30.3901 	EXP 	text_3: autoDraw = True
31.4245 	DATA 	Keypress: escape
31.7058 	EXP 	window1: mouseVisible = True
