10.8587 	EXP 	Created window1 = Window(allowGUI=False, allowStencil=False, args=UNKNOWN, autoLog=True, bitsMode=UNKNOWN, blendMode='avg', color=array([1., 1., 1.]), colorSpace='rgb', fullscr=UNKNOWN, gamma=None, kwargs=UNKNOWN, lms=UNKNOWN, monitor=<psychopy.monitors.calibTools.Monitor object at 0x112ba8c90>, multiSample=False, name='window1', numSamples=2, pos=[-840, -525], screen=0, size=array([3360, 2100]), stereo=False, units=u'norm', useFBO=True, useRetina=True, viewOri=0.0, viewPos=None, viewScale=None, waitBlanking=True, winType=u'pyglet')
10.8587 	EXP 	window1: recordFrameIntervals = False
11.0622 	EXP 	window1: recordFrameIntervals = True
11.2457 	EXP 	window1: recordFrameIntervals = False
11.2477 	EXP 	Created image = ImageStim(autoLog=True, color=array([1., 1., 1.]), colorSpace='rgb', contrast=1.0, depth=0.0, flipHoriz=False, flipVert=False, image='sin', interpolate=True, mask=None, maskParams=None, name='image', opacity=1.0, ori=0.0, pos=array([-100.,    0.]), size=array([1., 1.]), texRes=128, units='pix', win=Window(...))
11.3476 	EXP 	Created text = TextStim(alignHoriz='center', alignVert='center', antialias=True, autoLog=True, bold=False, color=u'black', colorSpace='named', contrast=1.0, depth=-1.0, flipHoriz=False, flipVert=False, font=u'Arial', fontFiles=[], height=0.1, italic=False, name='text', opacity=1.0, ori=0, pos=array([0.2, 0. ]), rgb=array([0., 0., 0.]), text='default text', units=u'norm', win=Window(...), wrapWidth=1)
11.3546 	EXP 	Created text_2 = TextStim(alignHoriz='center', alignVert='center', antialias=True, autoLog=True, bold=False, color='black', colorSpace='named', contrast=1.0, depth=0.0, flipHoriz=False, flipVert=False, font='Arial', fontFiles=[], height=0.1, italic=False, name='text_2', opacity=1.0, ori=0, pos=array([0., 0.]), rgb=array([0., 0., 0.]), text='default text', units=u'norm', win=Window(...), wrapWidth=1)
11.3612 	EXP 	Imported images.xlsx as conditions, 3 conditions, 3 params
11.3616 	EXP 	Created sequence: random, trialTypes=3, nReps=5, seed=None
11.3619 	EXP 	New trial (rep=0, index=0): OrderedDict([(u'images', u'images/apple01.jpg'), (u'name', u'apple'), (u'corrAns', u'z')])
11.6942 	EXP 	image: image = u'images/apple01.jpg'
11.6942 	EXP 	image: size = array([300., 300.])
11.6942 	EXP 	text: text = u'apple'
11.6942 	EXP 	image: autoDraw = True
11.6942 	EXP 	text: autoDraw = True
12.4332 	DATA 	Keypress: 1
13.3765 	EXP 	image: autoDraw = False
13.3765 	EXP 	text: autoDraw = False
13.3765 	EXP 	text_2: text = 'doh!'
13.3765 	EXP 	text_2: autoDraw = True
14.3625 	EXP 	New trial (rep=0, index=1): OrderedDict([(u'images', u'images/bagel01.jpg'), (u'name', u'bagel'), (u'corrAns', u'z')])
14.5771 	EXP 	text_2: autoDraw = False
14.5771 	EXP 	image: image = u'images/bagel01.jpg'
14.5771 	EXP 	image: size = array([300., 300.])
14.5771 	EXP 	text: text = u'bagel'
14.5771 	EXP 	image: autoDraw = True
14.5771 	EXP 	text: autoDraw = True
15.0949 	DATA 	Keypress: x
15.1291 	EXP 	image: autoDraw = False
15.1291 	EXP 	text: autoDraw = False
15.1291 	EXP 	text_2: text = 'Failed to respond'
15.1291 	EXP 	text_2: autoDraw = True
16.0978 	EXP 	New trial (rep=0, index=2): OrderedDict([(u'images', u'images/antelope.jpg'), (u'name', u'antelope'), (u'corrAns', u'z')])
16.2603 	EXP 	text_2: autoDraw = False
16.2603 	EXP 	text_2: autoDraw = False
16.2603 	EXP 	image: image = u'images/antelope.jpg'
16.2603 	EXP 	image: size = array([300., 300.])
16.2603 	EXP 	text: text = u'antelope'
16.2603 	EXP 	image: autoDraw = True
16.2603 	EXP 	text: autoDraw = True
16.7280 	DATA 	Keypress: x
16.7495 	EXP 	image: autoDraw = False
16.7495 	EXP 	text: autoDraw = False
16.7495 	EXP 	text_2: text = 'Wrong.'
16.7495 	EXP 	text_2: autoDraw = True
17.7294 	EXP 	New trial (rep=1, index=0): OrderedDict([(u'images', u'images/apple01.jpg'), (u'name', u'apple'), (u'corrAns', u'z')])
17.9450 	EXP 	text_2: autoDraw = False
17.9450 	EXP 	text_2: autoDraw = False
17.9450 	EXP 	image: image = u'images/apple01.jpg'
17.9450 	EXP 	image: size = array([300., 300.])
17.9450 	EXP 	text: text = u'apple'
17.9450 	EXP 	image: autoDraw = True
17.9450 	EXP 	text: autoDraw = True
18.3124 	DATA 	Keypress: x
18.3283 	EXP 	image: autoDraw = False
18.3283 	EXP 	text: autoDraw = False
18.3283 	EXP 	text_2: text = 'Wrong.'
18.3283 	EXP 	text_2: autoDraw = True
19.3125 	EXP 	New trial (rep=1, index=1): OrderedDict([(u'images', u'images/bagel01.jpg'), (u'name', u'bagel'), (u'corrAns', u'z')])
19.5270 	EXP 	text_2: autoDraw = False
19.5270 	EXP 	text_2: autoDraw = False
19.5270 	EXP 	image: image = u'images/bagel01.jpg'
19.5270 	EXP 	image: size = array([300., 300.])
19.5270 	EXP 	text: text = u'bagel'
19.5270 	EXP 	image: autoDraw = True
19.5270 	EXP 	text: autoDraw = True
19.8803 	DATA 	Keypress: x
19.8933 	EXP 	image: autoDraw = False
19.8933 	EXP 	text: autoDraw = False
19.8933 	EXP 	text_2: text = 'Wrong.'
19.8933 	EXP 	text_2: autoDraw = True
20.8794 	EXP 	New trial (rep=1, index=2): OrderedDict([(u'images', u'images/antelope.jpg'), (u'name', u'antelope'), (u'corrAns', u'z')])
21.0388 	EXP 	text_2: autoDraw = False
21.0388 	EXP 	text_2: autoDraw = False
21.0388 	EXP 	image: image = u'images/antelope.jpg'
21.0388 	EXP 	image: size = array([300., 300.])
21.0388 	EXP 	text: text = u'antelope'
21.0388 	EXP 	image: autoDraw = True
21.0388 	EXP 	text: autoDraw = True
21.4951 	DATA 	Keypress: z
21.5114 	EXP 	image: autoDraw = False
21.5114 	EXP 	text: autoDraw = False
21.5114 	EXP 	text_2: text = 'Wrong.'
21.5114 	EXP 	text_2: autoDraw = True
22.4965 	EXP 	New trial (rep=2, index=0): OrderedDict([(u'images', u'images/antelope.jpg'), (u'name', u'antelope'), (u'corrAns', u'z')])
22.6563 	EXP 	text_2: autoDraw = False
22.6563 	EXP 	text_2: autoDraw = False
22.6563 	EXP 	image: image = u'images/antelope.jpg'
22.6563 	EXP 	image: size = array([300., 300.])
22.6563 	EXP 	text: text = u'antelope'
22.6563 	EXP 	image: autoDraw = True
22.6563 	EXP 	text: autoDraw = True
22.9811 	DATA 	Keypress: z
23.0170 	EXP 	image: autoDraw = False
23.0170 	EXP 	text: autoDraw = False
23.0170 	EXP 	text_2: text = 'Correct!'
23.0170 	EXP 	text_2: autoDraw = True
23.9959 	EXP 	New trial (rep=2, index=1): OrderedDict([(u'images', u'images/apple01.jpg'), (u'name', u'apple'), (u'corrAns', u'z')])
24.2102 	EXP 	text_2: autoDraw = False
24.2102 	EXP 	text_2: autoDraw = False
24.2102 	EXP 	image: image = u'images/apple01.jpg'
24.2102 	EXP 	image: size = array([300., 300.])
24.2102 	EXP 	text: text = u'apple'
24.2102 	EXP 	image: autoDraw = True
24.2102 	EXP 	text: autoDraw = True
24.6133 	DATA 	Keypress: z
24.6263 	EXP 	image: autoDraw = False
24.6263 	EXP 	text: autoDraw = False
24.6263 	EXP 	text_2: text = 'Correct!'
24.6263 	EXP 	text_2: autoDraw = True
25.6126 	EXP 	New trial (rep=2, index=2): OrderedDict([(u'images', u'images/bagel01.jpg'), (u'name', u'bagel'), (u'corrAns', u'z')])
25.8048 	DATA 	Keypress: escape
25.8437 	EXP 	text_2: autoDraw = False
25.8437 	EXP 	text_2: autoDraw = False
25.8437 	EXP 	image: image = u'images/bagel01.jpg'
25.8437 	EXP 	image: size = array([300., 300.])
25.8437 	EXP 	text: text = u'bagel'
25.8437 	EXP 	image: autoDraw = True
25.8437 	EXP 	text: autoDraw = True
27.0785 	DATA 	Keypress: escape
27.3542 	EXP 	window1: mouseVisible = True
