5.8473 	WARNING 	User requested fullscreen with size [1024  768], but screen is actually [1680, 1050]. Using actual size
6.6348 	EXP 	Created window1 = Window(allowGUI=False, allowStencil=False, args=UNKNOWN, autoLog=True, bitsMode=UNKNOWN, blendMode='avg', color=array([0., 0., 0.]), colorSpace='rgb', fullscr=UNKNOWN, gamma=None, kwargs=UNKNOWN, lms=UNKNOWN, monitor=<psychopy.monitors.calibTools.Monitor object at 0x12d3db978>, multiSample=False, name='window1', numSamples=2, pos=[-840.0, -525.0], screen=0, size=array([3360, 2100]), stereo=False, units='norm', useFBO=True, useRetina=True, viewOri=0.0, viewPos=None, viewScale=None, waitBlanking=True, winType='pyglet')
6.6349 	EXP 	window1: recordFrameIntervals = False
6.8197 	EXP 	window1: recordFrameIntervals = True
7.3717 	EXP 	window1: recordFrameIntervals = False
7.3739 	EXP 	Created image = ImageStim(__class__=<class 'psychopy.visual.image.ImageStim'>, autoLog=True, color=array([1., 1., 1.]), colorSpace='rgb', contrast=1.0, depth=0.0, flipHoriz=False, flipVert=False, image='sin', interpolate=True, mask=None, maskParams=None, name='image', opacity=1.0, ori=0.0, pos=array([0.4, 0.4]), size=array([1., 1.]), texRes=128, units='pix', win=Window(...))
7.4438 	EXP 	Created text = TextStim(__class__=<class 'psychopy.visual.text.TextStim'>, alignHoriz='center', alignVert='center', antialias=True, autoLog=True, bold=False, color='white', colorSpace='named', contrast=1.0, depth=-1.0, flipHoriz=False, flipVert=False, font='Arial', fontFiles=[], height=0.1, italic=False, name='text', opacity=1.0, ori=0, pos=array([0.5, 0.5]), rgb=array([255., 255., 255.]), text='default text', units='norm', win=Window(...), wrapWidth=1)
7.4521 	EXP 	Imported images.xlsx as conditions, 13 conditions, 3 params
7.4524 	EXP 	Created sequence: random, trialTypes=13, nReps=5, seed=None
7.4527 	EXP 	New trial (rep=0, index=0): OrderedDict([('images', 'images/apple01.jpg'), ('name', 'apple'), ('corrAns', 'z')])
7.7376 	EXP 	image: size = array([300., 300.])
7.7376 	EXP 	image: image = 'images/apple01.jpg'
7.7376 	EXP 	text: text = 'apple'
7.7376 	EXP 	image: autoDraw = True
7.7376 	EXP 	text: autoDraw = True
9.4521 	EXP 	New trial (rep=0, index=1): OrderedDict([('images', 'images/alligator.jpg'), ('name', 'deer'), ('corrAns', 'x')])
9.6194 	EXP 	image: autoDraw = False
9.6194 	EXP 	text: autoDraw = False
9.6194 	EXP 	image: size = array([300., 300.])
9.6194 	EXP 	image: image = 'images/alligator.jpg'
9.6194 	EXP 	text: text = 'deer'
9.6194 	EXP 	image: autoDraw = True
9.6194 	EXP 	text: autoDraw = True
11.4534 	EXP 	New trial (rep=0, index=2): OrderedDict([('images', 'images/avocado02.jpg'), ('name', 'avocado'), ('corrAns', 'z')])
11.6488 	EXP 	image: autoDraw = False
11.6488 	EXP 	text: autoDraw = False
11.6488 	EXP 	image: size = array([300., 300.])
11.6488 	EXP 	image: image = 'images/avocado02.jpg'
11.6488 	EXP 	text: text = 'avocado'
11.6488 	EXP 	image: autoDraw = True
11.6488 	EXP 	text: autoDraw = True
12.5216 	DATA 	Keypress: escape
12.7931 	EXP 	window1: mouseVisible = True
