8.4807 	WARNING 	User requested fullscreen with size [1024  768], but screen is actually [1680, 1050]. Using actual size
9.6046 	EXP 	Created window1 = Window(allowGUI=False, allowStencil=False, args=UNKNOWN, autoLog=True, bitsMode=UNKNOWN, blendMode='avg', color=array([0., 0., 0.]), colorSpace='rgb', fullscr=UNKNOWN, gamma=None, kwargs=UNKNOWN, lms=UNKNOWN, monitor=<psychopy.monitors.calibTools.Monitor object at 0x12edde400>, multiSample=False, name='window1', numSamples=2, pos=[-840.0, -525.0], screen=0, size=array([3360, 2100]), stereo=False, units='norm', useFBO=True, useRetina=True, viewOri=0.0, viewPos=None, viewScale=None, waitBlanking=True, winType='pyglet')
9.6047 	EXP 	window1: recordFrameIntervals = False
9.7722 	EXP 	window1: recordFrameIntervals = True
9.9545 	EXP 	window1: recordFrameIntervals = False
9.9616 	EXP 	Created image = ImageStim(__class__=<class 'psychopy.visual.image.ImageStim'>, autoLog=True, color=array([1., 1., 1.]), colorSpace='rgb', contrast=1.0, depth=0.0, flipHoriz=False, flipVert=False, image='sin', interpolate=True, mask=None, maskParams=None, name='image', opacity=1.0, ori=0.0, pos=array([0., 0.]), size=array([0.5, 0.5]), texRes=128, units='norm', win=Window(...))
9.9701 	EXP 	Imported images.xlsx as conditions, 13 conditions, 1 params
9.9705 	EXP 	Created sequence: random, trialTypes=13, nReps=5, seed=None
9.9707 	EXP 	New trial (rep=0, index=0): OrderedDict([('images', 'images/almond.jpg')])
10.2682 	EXP 	image: image = 'images/almond.jpg'
10.2682 	EXP 	image: autoDraw = True
10.9701 	EXP 	New trial (rep=0, index=1): OrderedDict([('images', 'images/apple01.jpg')])
11.1841 	EXP 	image: autoDraw = False
11.1841 	EXP 	image: image = 'images/apple01.jpg'
11.1841 	EXP 	image: autoDraw = True
11.9692 	EXP 	New trial (rep=0, index=2): OrderedDict([('images', 'images/acorn.jpg')])
12.1510 	EXP 	image: autoDraw = False
12.1510 	EXP 	image: image = 'images/acorn.jpg'
12.1510 	EXP 	image: autoDraw = True
12.9699 	EXP 	New trial (rep=0, index=3): OrderedDict([('images', 'images/antelope.jpg')])
13.1314 	EXP 	image: autoDraw = False
13.1314 	EXP 	image: image = 'images/antelope.jpg'
13.1314 	EXP 	image: autoDraw = True
13.9694 	EXP 	New trial (rep=0, index=4): OrderedDict([('images', 'images/antlers.jpg')])
14.1321 	EXP 	image: autoDraw = False
14.1321 	EXP 	image: image = 'images/antlers.jpg'
14.1321 	EXP 	image: autoDraw = True
14.9678 	EXP 	New trial (rep=0, index=5): OrderedDict([('images', 'images/banana04a.jpg')])
15.1323 	EXP 	image: autoDraw = False
15.1323 	EXP 	image: image = 'images/banana04a.jpg'
15.1323 	EXP 	image: autoDraw = True
15.5462 	DATA 	Keypress: escape
15.8207 	EXP 	window1: mouseVisible = True
