8.7628 	WARNING 	User requested fullscreen with size [1024  768], but screen is actually [1680, 1050]. Using actual size
9.6330 	EXP 	Created window1 = Window(allowGUI=False, allowStencil=False, args=UNKNOWN, autoLog=True, bitsMode=UNKNOWN, blendMode='avg', color=array([0., 0., 0.]), colorSpace='rgb', fullscr=UNKNOWN, gamma=None, kwargs=UNKNOWN, lms=UNKNOWN, monitor=<psychopy.monitors.calibTools.Monitor object at 0x12d438908>, multiSample=False, name='window1', numSamples=2, pos=[-840.0, -525.0], screen=0, size=array([3360, 2100]), stereo=False, units='norm', useFBO=True, useRetina=True, viewOri=0.0, viewPos=None, viewScale=None, waitBlanking=True, winType='pyglet')
9.6330 	EXP 	window1: recordFrameIntervals = False
9.8330 	EXP 	window1: recordFrameIntervals = True
10.0161 	EXP 	window1: recordFrameIntervals = False
10.0184 	EXP 	Created image = ImageStim(__class__=<class 'psychopy.visual.image.ImageStim'>, autoLog=True, color=array([1., 1., 1.]), colorSpace='rgb', contrast=1.0, depth=0.0, flipHoriz=False, flipVert=False, image='sin', interpolate=True, mask=None, maskParams=None, name='image', opacity=1.0, ori=0.0, pos=array([0., 0.]), size=array([1., 1.]), texRes=128, units='pix', win=Window(...))
10.0281 	EXP 	Imported images.xlsx as conditions, 13 conditions, 1 params
10.0285 	EXP 	Created sequence: random, trialTypes=13, nReps=5, seed=None
10.0288 	EXP 	New trial (rep=0, index=0): OrderedDict([('images', 'images/alligator.jpg')])
10.2974 	EXP 	image: size = array([300., 300.])
10.2974 	EXP 	image: image = 'images/alligator.jpg'
10.2974 	EXP 	image: autoDraw = True
11.0316 	EXP 	New trial (rep=0, index=1): OrderedDict([('images', 'images/bagel01.jpg')])
11.2475 	EXP 	image: autoDraw = False
11.2475 	EXP 	image: size = array([300., 300.])
11.2475 	EXP 	image: image = 'images/bagel01.jpg'
11.2475 	EXP 	image: autoDraw = True
12.0306 	EXP 	New trial (rep=0, index=2): OrderedDict([('images', 'images/banjo.jpg')])
12.1807 	EXP 	image: autoDraw = False
12.1807 	EXP 	image: size = array([300., 300.])
12.1807 	EXP 	image: image = 'images/banjo.jpg'
12.1807 	EXP 	image: autoDraw = True
13.0322 	EXP 	New trial (rep=0, index=3): OrderedDict([('images', 'images/antelope.jpg')])
13.1926 	EXP 	image: autoDraw = False
13.1926 	EXP 	image: size = array([300., 300.])
13.1926 	EXP 	image: image = 'images/antelope.jpg'
13.1926 	EXP 	image: autoDraw = True
14.0307 	EXP 	New trial (rep=0, index=4): OrderedDict([('images', 'images/apple01.jpg')])
14.2424 	EXP 	image: autoDraw = False
14.2424 	EXP 	image: size = array([300., 300.])
14.2424 	EXP 	image: image = 'images/apple01.jpg'
14.2424 	EXP 	image: autoDraw = True
15.0297 	EXP 	New trial (rep=0, index=5): OrderedDict([('images', 'images/antlers.jpg')])
15.1823 	EXP 	image: autoDraw = False
15.1823 	EXP 	image: size = array([300., 300.])
15.1823 	EXP 	image: image = 'images/antlers.jpg'
15.1823 	EXP 	image: autoDraw = True
16.0319 	EXP 	New trial (rep=0, index=6): OrderedDict([('images', 'images/avocado02.jpg')])
16.2003 	DATA 	Keypress: escape
16.4768 	EXP 	window1: mouseVisible = True
