8.4404 	EXP 	Created window1 = Window(allowGUI=False, allowStencil=False, args=UNKNOWN, autoLog=True, bitsMode=UNKNOWN, blendMode='avg', color=array([1., 1., 1.]), colorSpace='rgb', fullscr=UNKNOWN, gamma=None, kwargs=UNKNOWN, lms=UNKNOWN, monitor=<psychopy.monitors.calibTools.Monitor object at 0x1130ccc90>, multiSample=False, name='window1', numSamples=2, pos=[-840, -525], screen=0, size=array([3360, 2100]), stereo=False, units=u'norm', useFBO=True, useRetina=True, viewOri=0.0, viewPos=None, viewScale=None, waitBlanking=True, winType=u'pyglet')
8.4404 	EXP 	window1: recordFrameIntervals = False
8.6405 	EXP 	window1: recordFrameIntervals = True
8.8245 	EXP 	window1: recordFrameIntervals = False
8.8267 	EXP 	Created image = ImageStim(autoLog=True, color=array([1., 1., 1.]), colorSpace='rgb', contrast=1.0, depth=0.0, flipHoriz=False, flipVert=False, image='sin', interpolate=True, mask=None, maskParams=None, name='image', opacity=1.0, ori=0.0, pos=array([-100.,    0.]), size=array([1., 1.]), texRes=128, units='pix', win=Window(...))
8.9068 	EXP 	Created text = TextStim(alignHoriz='center', alignVert='center', antialias=True, autoLog=True, bold=False, color='black', colorSpace='named', contrast=1.0, depth=-1.0, flipHoriz=False, flipVert=False, font='Arial', fontFiles=[], height=0.1, italic=False, name='text', opacity=1.0, ori=0, pos=array([0.2, 0. ]), rgb=array([0., 0., 0.]), text='default text', units=u'norm', win=Window(...), wrapWidth=1)
8.9147 	EXP 	Created text_2 = TextStim(alignHoriz='center', alignVert='center', antialias=True, autoLog=True, bold=False, color='black', colorSpace='named', contrast=1.0, depth=0.0, flipHoriz=False, flipVert=False, font='Arial', fontFiles=[], height=0.1, italic=False, name='text_2', opacity=1.0, ori=0, pos=array([0., 0.]), rgb=array([0., 0., 0.]), text='default text', units=u'norm', win=Window(...), wrapWidth=1)
8.9218 	EXP 	Imported images.xlsx as conditions, 13 conditions, 3 params
8.9221 	EXP 	Created sequence: random, trialTypes=13, nReps=5, seed=None
8.9224 	EXP 	New trial (rep=0, index=0): OrderedDict([(u'images', u'images/antelope.jpg'), (u'name', u'antelope'), (u'corrAns', u'z')])
9.1709 	EXP 	image: image = u'images/antelope.jpg'
9.1709 	EXP 	image: size = array([300., 300.])
9.1709 	EXP 	text: text = u'antelope'
9.1709 	EXP 	image: autoDraw = True
9.1709 	EXP 	text: autoDraw = True
9.6139 	DATA 	Keypress: z
9.6408 	EXP 	image: autoDraw = False
9.6408 	EXP 	text: autoDraw = False
9.6408 	EXP 	text_2: text = 'doh!'
9.6408 	EXP 	text_2: autoDraw = True
10.6081 	EXP 	New trial (rep=0, index=1): OrderedDict([(u'images', u'images/acorn.jpg'), (u'name', u'tree'), (u'corrAns', u'x')])
10.7879 	EXP 	text_2: autoDraw = False
10.7879 	EXP 	text_2: autoDraw = False
10.7879 	EXP 	image: image = u'images/acorn.jpg'
10.7879 	EXP 	image: size = array([300., 300.])
10.7879 	EXP 	text: text = u'tree'
10.7879 	EXP 	image: autoDraw = True
10.7879 	EXP 	text: autoDraw = True
11.7398 	DATA 	Keypress: z
11.7618 	EXP 	image: autoDraw = False
11.7618 	EXP 	text: autoDraw = False
11.7618 	EXP 	text_2: text = 'Correct!'
11.7618 	EXP 	text_2: autoDraw = True
12.7414 	EXP 	New trial (rep=0, index=2): OrderedDict([(u'images', u'images/alligator.jpg'), (u'name', u'deer'), (u'corrAns', u'x')])
12.9046 	EXP 	text_2: autoDraw = False
12.9046 	EXP 	text_2: autoDraw = False
12.9046 	EXP 	image: image = u'images/alligator.jpg'
12.9046 	EXP 	image: size = array([300., 300.])
12.9046 	EXP 	text: text = u'deer'
12.9046 	EXP 	image: autoDraw = True
12.9046 	EXP 	text: autoDraw = True
14.1067 	DATA 	Keypress: z
14.1406 	EXP 	image: autoDraw = False
14.1406 	EXP 	text: autoDraw = False
14.1406 	EXP 	text_2: text = 'Wrong.'
14.1406 	EXP 	text_2: autoDraw = True
15.1072 	EXP 	New trial (rep=0, index=3): OrderedDict([(u'images', u'images/avocado02.jpg'), (u'name', u'avocado'), (u'corrAns', u'z')])
15.3052 	EXP 	text_2: autoDraw = False
15.3052 	EXP 	text_2: autoDraw = False
15.3052 	EXP 	image: image = u'images/avocado02.jpg'
15.3052 	EXP 	image: size = array([300., 300.])
15.3052 	EXP 	text: text = u'avocado'
15.3052 	EXP 	image: autoDraw = True
15.3052 	EXP 	text: autoDraw = True
16.0901 	DATA 	Keypress: z
16.1059 	EXP 	image: autoDraw = False
16.1059 	EXP 	text: autoDraw = False
16.1059 	EXP 	text_2: text = 'Wrong.'
16.1059 	EXP 	text_2: autoDraw = True
17.0913 	EXP 	New trial (rep=0, index=4): OrderedDict([(u'images', u'images/almond.jpg'), (u'name', u'apple'), (u'corrAns', u'x')])
17.2835 	EXP 	text_2: autoDraw = False
17.2835 	EXP 	text_2: autoDraw = False
17.2835 	EXP 	image: image = u'images/almond.jpg'
17.2835 	EXP 	image: size = array([300., 300.])
17.2835 	EXP 	text: text = u'apple'
17.2835 	EXP 	image: autoDraw = True
17.2835 	EXP 	text: autoDraw = True
18.1573 	DATA 	Keypress: x
18.1788 	EXP 	image: autoDraw = False
18.1788 	EXP 	text: autoDraw = False
18.1788 	EXP 	text_2: text = 'Correct!'
18.1788 	EXP 	text_2: autoDraw = True
19.1580 	EXP 	New trial (rep=0, index=5): OrderedDict([(u'images', u'images/antlers.jpg'), (u'name', u'antlers'), (u'corrAns', u'z')])
19.3224 	EXP 	text_2: autoDraw = False
19.3224 	EXP 	text_2: autoDraw = False
19.3224 	EXP 	image: image = u'images/antlers.jpg'
19.3224 	EXP 	image: size = array([300., 300.])
19.3224 	EXP 	text: text = u'antlers'
19.3224 	EXP 	image: autoDraw = True
19.3224 	EXP 	text: autoDraw = True
19.9920 	DATA 	Keypress: x
20.0060 	EXP 	image: autoDraw = False
20.0060 	EXP 	text: autoDraw = False
20.0060 	EXP 	text_2: text = 'Correct!'
20.0060 	EXP 	text_2: autoDraw = True
20.9918 	EXP 	New trial (rep=0, index=6): OrderedDict([(u'images', u'images/banjo.jpg'), (u'name', u'banjo'), (u'corrAns', u'z')])
21.1560 	EXP 	text_2: autoDraw = False
21.1560 	EXP 	text_2: autoDraw = False
21.1560 	EXP 	image: image = u'images/banjo.jpg'
21.1560 	EXP 	image: size = array([300., 300.])
21.1560 	EXP 	text: text = u'banjo'
21.1560 	EXP 	image: autoDraw = True
21.1560 	EXP 	text: autoDraw = True
22.0236 	DATA 	Keypress: x
22.0451 	EXP 	image: autoDraw = False
22.0451 	EXP 	text: autoDraw = False
22.0451 	EXP 	text_2: text = 'Wrong.'
22.0451 	EXP 	text_2: autoDraw = True
23.0256 	EXP 	New trial (rep=0, index=7): OrderedDict([(u'images', u'images/barn.jpg'), (u'name', u'shoe'), (u'corrAns', u'x')])
23.2667 	EXP 	text_2: autoDraw = False
23.2667 	EXP 	text_2: autoDraw = False
23.2667 	EXP 	image: image = u'images/barn.jpg'
23.2667 	EXP 	image: size = array([300., 300.])
23.2667 	EXP 	text: text = u'shoe'
23.2667 	EXP 	image: autoDraw = True
23.2667 	EXP 	text: autoDraw = True
24.3081 	DATA 	Keypress: x
24.3213 	EXP 	image: autoDraw = False
24.3213 	EXP 	text: autoDraw = False
24.3213 	EXP 	text_2: text = 'Wrong.'
24.3213 	EXP 	text_2: autoDraw = True
25.3086 	EXP 	New trial (rep=0, index=8): OrderedDict([(u'images', u'images/bacon.jpg'), (u'name', u'bacon'), (u'corrAns', u'z')])
25.4721 	EXP 	text_2: autoDraw = False
25.4721 	EXP 	text_2: autoDraw = False
25.4721 	EXP 	image: image = u'images/bacon.jpg'
25.4721 	EXP 	image: size = array([300., 300.])
25.4721 	EXP 	text: text = u'bacon'
25.4721 	EXP 	image: autoDraw = True
25.4721 	EXP 	text: autoDraw = True
26.3087 	DATA 	Keypress: x
26.3412 	EXP 	image: autoDraw = False
26.3412 	EXP 	text: autoDraw = False
26.3412 	EXP 	text_2: text = 'Correct!'
26.3412 	EXP 	text_2: autoDraw = True
27.3087 	EXP 	New trial (rep=0, index=9): OrderedDict([(u'images', u'images/armadillo.jpg'), (u'name', u'armadillo'), (u'corrAns', u'z')])
27.4890 	EXP 	text_2: autoDraw = False
27.4890 	EXP 	text_2: autoDraw = False
27.4890 	EXP 	image: image = u'images/armadillo.jpg'
27.4890 	EXP 	image: size = array([300., 300.])
27.4890 	EXP 	text: text = u'armadillo'
27.4890 	EXP 	image: autoDraw = True
27.4890 	EXP 	text: autoDraw = True
28.1742 	DATA 	Keypress: x
28.2107 	EXP 	image: autoDraw = False
28.2107 	EXP 	text: autoDraw = False
28.2107 	EXP 	text_2: text = 'Wrong.'
28.2107 	EXP 	text_2: autoDraw = True
29.1911 	EXP 	New trial (rep=0, index=10): OrderedDict([(u'images', u'images/banana04a.jpg'), (u'name', u'banana'), (u'corrAns', u'z')])
29.3289 	DATA 	Keypress: escape
29.3676 	EXP 	text_2: autoDraw = False
29.3676 	EXP 	text_2: autoDraw = False
29.3676 	EXP 	image: image = u'images/banana04a.jpg'
29.3676 	EXP 	image: size = array([300., 300.])
29.3676 	EXP 	text: text = u'banana'
29.3676 	EXP 	image: autoDraw = True
29.3676 	EXP 	text: autoDraw = True
31.1580 	DATA 	Keypress: escape
31.4343 	EXP 	window1: mouseVisible = True
