12.0503 	EXP 	Created window1 = Window(allowGUI=False, allowStencil=False, args=UNKNOWN, autoLog=True, bitsMode=UNKNOWN, blendMode='avg', color=array([1., 1., 1.]), colorSpace='rgb', fullscr=UNKNOWN, gamma=None, kwargs=UNKNOWN, lms=UNKNOWN, monitor=<psychopy.monitors.calibTools.Monitor object at 0x113004c90>, multiSample=False, name='window1', numSamples=2, pos=[-840, -525], screen=0, size=array([3360, 2100]), stereo=False, units=u'norm', useFBO=True, useRetina=True, viewOri=0.0, viewPos=None, viewScale=None, waitBlanking=True, winType=u'pyglet')
12.0503 	EXP 	window1: recordFrameIntervals = False
12.2152 	EXP 	window1: recordFrameIntervals = True
12.4028 	EXP 	window1: recordFrameIntervals = False
12.4047 	EXP 	Created image = ImageStim(autoLog=True, color=array([1., 1., 1.]), colorSpace='rgb', contrast=1.0, depth=0.0, flipHoriz=False, flipVert=False, image='sin', interpolate=True, mask=None, maskParams=None, name='image', opacity=1.0, ori=0.0, pos=array([-100.,    0.]), size=array([1., 1.]), texRes=128, units='pix', win=Window(...))
12.5267 	EXP 	Created text = TextStim(alignHoriz='center', alignVert='center', antialias=True, autoLog=True, bold=False, color='black', colorSpace='named', contrast=1.0, depth=-1.0, flipHoriz=False, flipVert=False, font='Arial', fontFiles=[], height=0.1, italic=False, name='text', opacity=1.0, ori=0, pos=array([0.2, 0. ]), rgb=array([0., 0., 0.]), text='default text', units=u'norm', win=Window(...), wrapWidth=1)
12.5346 	EXP 	Created text_2 = TextStim(alignHoriz='center', alignVert='center', antialias=True, autoLog=True, bold=False, color='black', colorSpace='named', contrast=1.0, depth=0.0, flipHoriz=False, flipVert=False, font='Arial', fontFiles=[], height=0.1, italic=False, name='text_2', opacity=1.0, ori=0, pos=array([0., 0.]), rgb=array([0., 0., 0.]), text='default text', units=u'norm', win=Window(...), wrapWidth=1)
12.5452 	EXP 	Imported images.xlsx as conditions, 13 conditions, 3 params
12.5458 	EXP 	Created sequence: random, trialTypes=13, nReps=5, seed=None
12.5462 	EXP 	New trial (rep=0, index=0): OrderedDict([(u'images', u'images/antelope.jpg'), (u'name', u'antelope'), (u'corrAns', u'z')])
12.8287 	EXP 	image: image = u'images/antelope.jpg'
12.8287 	EXP 	image: size = array([300., 300.])
12.8287 	EXP 	text: text = u'antelope'
12.8287 	EXP 	image: autoDraw = True
12.8287 	EXP 	text: autoDraw = True
13.4476 	DATA 	Keypress: z
13.4821 	EXP 	image: autoDraw = False
13.4821 	EXP 	text: autoDraw = False
13.4821 	EXP 	text_2: text = 'Correct!'
13.4821 	EXP 	text_2: autoDraw = True
14.4530 	EXP 	New trial (rep=0, index=1): OrderedDict([(u'images', u'images/barn.jpg'), (u'name', u'shoe'), (u'corrAns', u'x')])
14.7109 	EXP 	text_2: autoDraw = False
14.7109 	EXP 	text_2: autoDraw = False
14.7109 	EXP 	image: image = u'images/barn.jpg'
14.7109 	EXP 	image: size = array([300., 300.])
14.7109 	EXP 	text: text = u'shoe'
14.7109 	EXP 	image: autoDraw = True
14.7109 	EXP 	text: autoDraw = True
15.1333 	DATA 	Keypress: x
15.1480 	EXP 	image: autoDraw = False
15.1480 	EXP 	text: autoDraw = False
15.1480 	EXP 	text_2: text = 'Correct!'
15.1480 	EXP 	text_2: autoDraw = True
16.1361 	EXP 	New trial (rep=0, index=2): OrderedDict([(u'images', u'images/bacon.jpg'), (u'name', u'bacon'), (u'corrAns', u'z')])
16.3206 	EXP 	text_2: autoDraw = False
16.3206 	EXP 	text_2: autoDraw = False
16.3206 	EXP 	image: image = u'images/bacon.jpg'
16.3206 	EXP 	image: size = array([300., 300.])
16.3206 	EXP 	text: text = u'bacon'
16.3206 	EXP 	image: autoDraw = True
16.3206 	EXP 	text: autoDraw = True
16.9603 	DATA 	Keypress: z
16.9922 	EXP 	image: autoDraw = False
16.9922 	EXP 	text: autoDraw = False
16.9922 	EXP 	text_2: text = 'Correct!'
16.9922 	EXP 	text_2: autoDraw = True
17.9661 	EXP 	New trial (rep=0, index=3): OrderedDict([(u'images', u'images/bagel01.jpg'), (u'name', u'bagel'), (u'corrAns', u'z')])
18.2105 	EXP 	text_2: autoDraw = False
18.2105 	EXP 	text_2: autoDraw = False
18.2105 	EXP 	image: image = u'images/bagel01.jpg'
18.2105 	EXP 	image: size = array([300., 300.])
18.2105 	EXP 	text: text = u'bagel'
18.2105 	EXP 	image: autoDraw = True
18.2105 	EXP 	text: autoDraw = True
18.9017 	DATA 	Keypress: z
18.9172 	EXP 	image: autoDraw = False
18.9172 	EXP 	text: autoDraw = False
18.9172 	EXP 	text_2: text = 'Correct!'
18.9172 	EXP 	text_2: autoDraw = True
19.8993 	EXP 	New trial (rep=0, index=4): OrderedDict([(u'images', u'images/armadillo.jpg'), (u'name', u'armadillo'), (u'corrAns', u'z')])
20.0927 	EXP 	text_2: autoDraw = False
20.0927 	EXP 	text_2: autoDraw = False
20.0927 	EXP 	image: image = u'images/armadillo.jpg'
20.0927 	EXP 	image: size = array([300., 300.])
20.0927 	EXP 	text: text = u'armadillo'
20.0927 	EXP 	image: autoDraw = True
20.0927 	EXP 	text: autoDraw = True
20.4845 	DATA 	Keypress: z
20.5001 	EXP 	image: autoDraw = False
20.5001 	EXP 	text: autoDraw = False
20.5001 	EXP 	text_2: text = 'Correct!'
20.5001 	EXP 	text_2: autoDraw = True
21.4870 	EXP 	New trial (rep=0, index=5): OrderedDict([(u'images', u'images/banjo.jpg'), (u'name', u'banjo'), (u'corrAns', u'z')])
21.6580 	EXP 	text_2: autoDraw = False
21.6580 	EXP 	text_2: autoDraw = False
21.6580 	EXP 	image: image = u'images/banjo.jpg'
21.6580 	EXP 	image: size = array([300., 300.])
21.6580 	EXP 	text: text = u'banjo'
21.6580 	EXP 	image: autoDraw = True
21.6580 	EXP 	text: autoDraw = True
22.4833 	DATA 	Keypress: z
22.4968 	EXP 	image: autoDraw = False
22.4968 	EXP 	text: autoDraw = False
22.4968 	EXP 	text_2: text = 'Correct!'
22.4968 	EXP 	text_2: autoDraw = True
23.4736 	EXP 	New trial (rep=0, index=6): OrderedDict([(u'images', u'images/apple01.jpg'), (u'name', u'apple'), (u'corrAns', u'z')])
23.6956 	EXP 	text_2: autoDraw = False
23.6956 	EXP 	text_2: autoDraw = False
23.6956 	EXP 	image: image = u'images/apple01.jpg'
23.6956 	EXP 	image: size = array([300., 300.])
23.6956 	EXP 	text: text = u'apple'
23.6956 	EXP 	image: autoDraw = True
23.6956 	EXP 	text: autoDraw = True
24.4058 	DATA 	Keypress: x
24.4335 	EXP 	image: autoDraw = False
24.4335 	EXP 	text: autoDraw = False
24.4335 	EXP 	text_2: text = 'Wrong.'
24.4335 	EXP 	text_2: autoDraw = True
25.4124 	EXP 	New trial (rep=0, index=7): OrderedDict([(u'images', u'images/antlers.jpg'), (u'name', u'antlers'), (u'corrAns', u'z')])
25.5991 	EXP 	text_2: autoDraw = False
25.5991 	EXP 	text_2: autoDraw = False
25.5991 	EXP 	image: image = u'images/antlers.jpg'
25.5991 	EXP 	image: size = array([300., 300.])
25.5991 	EXP 	text: text = u'antlers'
25.5991 	EXP 	image: autoDraw = True
25.5991 	EXP 	text: autoDraw = True
26.2712 	DATA 	Keypress: x
26.3020 	EXP 	image: autoDraw = False
26.3020 	EXP 	text: autoDraw = False
26.3020 	EXP 	text_2: text = 'Wrong.'
26.3020 	EXP 	text_2: autoDraw = True
27.2629 	EXP 	New trial (rep=0, index=8): OrderedDict([(u'images', u'images/acorn.jpg'), (u'name', u'tree'), (u'corrAns', u'x')])
27.5003 	EXP 	text_2: autoDraw = False
27.5003 	EXP 	text_2: autoDraw = False
27.5003 	EXP 	image: image = u'images/acorn.jpg'
27.5003 	EXP 	image: size = array([300., 300.])
27.5003 	EXP 	text: text = u'tree'
27.5003 	EXP 	image: autoDraw = True
27.5003 	EXP 	text: autoDraw = True
29.2965 	EXP 	image: autoDraw = False
29.2965 	EXP 	text: autoDraw = False
29.2965 	EXP 	image: autoDraw = False
29.2965 	EXP 	text: autoDraw = False
29.2965 	EXP 	text_2: text = 'Failed to respond'
29.2965 	EXP 	text_2: autoDraw = True
30.2304 	DATA 	Keypress: escape
30.5473 	EXP 	window1: mouseVisible = True
