5.9290 	WARNING 	User requested fullscreen with size [1024  768], but screen is actually [1680, 1050]. Using actual size
6.7233 	EXP 	Created window1 = Window(allowGUI=False, allowStencil=False, args=UNKNOWN, autoLog=True, bitsMode=UNKNOWN, blendMode='avg', color=array([0., 0., 0.]), colorSpace='rgb', fullscr=UNKNOWN, gamma=None, kwargs=UNKNOWN, lms=UNKNOWN, monitor=<psychopy.monitors.calibTools.Monitor object at 0x128e9c978>, multiSample=False, name='window1', numSamples=2, pos=[-840.0, -525.0], screen=0, size=array([3360, 2100]), stereo=False, units='norm', useFBO=True, useRetina=True, viewOri=0.0, viewPos=None, viewScale=None, waitBlanking=True, winType='pyglet')
6.7233 	EXP 	window1: recordFrameIntervals = False
6.9266 	EXP 	window1: recordFrameIntervals = True
7.1110 	EXP 	window1: recordFrameIntervals = False
7.1130 	EXP 	Created image = ImageStim(__class__=<class 'psychopy.visual.image.ImageStim'>, autoLog=True, color=array([1., 1., 1.]), colorSpace='rgb', contrast=1.0, depth=0.0, flipHoriz=False, flipVert=False, image='sin', interpolate=True, mask=None, maskParams=None, name='image', opacity=1.0, ori=0.0, pos=array([300., 300.]), size=array([1., 1.]), texRes=128, units='pix', win=Window(...))
7.1870 	EXP 	Created text = TextStim(__class__=<class 'psychopy.visual.text.TextStim'>, alignHoriz='center', alignVert='center', antialias=True, autoLog=True, bold=False, color='white', colorSpace='named', contrast=1.0, depth=-1.0, flipHoriz=False, flipVert=False, font='Arial', fontFiles=[], height=0.1, italic=False, name='text', opacity=1.0, ori=0, pos=array([0.3, 0. ]), rgb=array([255., 255., 255.]), text='default text', units='norm', win=Window(...), wrapWidth=1)
7.1952 	EXP 	Imported images.xlsx as conditions, 13 conditions, 3 params
7.1956 	EXP 	Created sequence: random, trialTypes=13, nReps=5, seed=None
7.1959 	EXP 	New trial (rep=0, index=0): OrderedDict([('images', 'images/banana04a.jpg'), ('name', 'banana'), ('corrAns', 'z')])
7.4547 	EXP 	image: size = array([-30.,   0.])
7.4547 	EXP 	image: image = 'images/banana04a.jpg'
7.4547 	EXP 	text: text = 'banana'
7.4547 	EXP 	image: autoDraw = True
7.4547 	EXP 	text: autoDraw = True
8.4811 	DATA 	Keypress: escape
8.7519 	EXP 	window1: mouseVisible = True
5.8921 	WARNING 	User requested fullscreen with size [1024  768], but screen is actually [1680, 1050]. Using actual size
6.7448 	EXP 	Created window1 = Window(allowGUI=False, allowStencil=False, args=UNKNOWN, autoLog=True, bitsMode=UNKNOWN, blendMode='avg', color=array([0., 0., 0.]), colorSpace='rgb', fullscr=UNKNOWN, gamma=None, kwargs=UNKNOWN, lms=UNKNOWN, monitor=<psychopy.monitors.calibTools.Monitor object at 0x12d2e8908>, multiSample=False, name='window1', numSamples=2, pos=[-840.0, -525.0], screen=0, size=array([3360, 2100]), stereo=False, units='norm', useFBO=True, useRetina=True, viewOri=0.0, viewPos=None, viewScale=None, waitBlanking=True, winType='pyglet')
6.7448 	EXP 	window1: recordFrameIntervals = False
6.9482 	EXP 	window1: recordFrameIntervals = True
7.1486 	EXP 	window1: recordFrameIntervals = False
7.1517 	EXP 	Created image = ImageStim(__class__=<class 'psychopy.visual.image.ImageStim'>, autoLog=True, color=array([1., 1., 1.]), colorSpace='rgb', contrast=1.0, depth=0.0, flipHoriz=False, flipVert=False, image='sin', interpolate=True, mask=None, maskParams=None, name='image', opacity=1.0, ori=0.0, pos=array([-300.,    0.]), size=array([1., 1.]), texRes=128, units='pix', win=Window(...))
7.2473 	EXP 	Created text = TextStim(__class__=<class 'psychopy.visual.text.TextStim'>, alignHoriz='center', alignVert='center', antialias=True, autoLog=True, bold=False, color='white', colorSpace='named', contrast=1.0, depth=-1.0, flipHoriz=False, flipVert=False, font='Arial', fontFiles=[], height=0.1, italic=False, name='text', opacity=1.0, ori=0, pos=array([0.3, 0. ]), rgb=array([255., 255., 255.]), text='default text', units='norm', win=Window(...), wrapWidth=1)
7.2546 	EXP 	Imported images.xlsx as conditions, 13 conditions, 3 params
7.2549 	EXP 	Created sequence: random, trialTypes=13, nReps=5, seed=None
7.2552 	EXP 	New trial (rep=0, index=0): OrderedDict([('images', 'images/avocado02.jpg'), ('name', 'avocado'), ('corrAns', 'z')])
7.5294 	EXP 	image: size = array([300., 300.])
7.5294 	EXP 	image: image = 'images/avocado02.jpg'
7.5294 	EXP 	text: text = 'avocado'
7.5294 	EXP 	image: autoDraw = True
7.5294 	EXP 	text: autoDraw = True
9.2457 	EXP 	New trial (rep=0, index=1): OrderedDict([('images', 'images/armadillo.jpg'), ('name', 'armadillo'), ('corrAns', 'z')])
9.4293 	EXP 	image: autoDraw = False
9.4293 	EXP 	text: autoDraw = False
9.4293 	EXP 	image: autoDraw = False
9.4293 	EXP 	text: autoDraw = False
9.4293 	EXP 	image: size = array([300., 300.])
9.4293 	EXP 	image: image = 'images/armadillo.jpg'
9.4293 	EXP 	text: text = 'armadillo'
9.4293 	EXP 	image: autoDraw = True
9.4293 	EXP 	text: autoDraw = True
11.2454 	EXP 	New trial (rep=0, index=2): OrderedDict([('images', 'images/bacon.jpg'), ('name', 'bacon'), ('corrAns', 'z')])
11.4080 	EXP 	image: autoDraw = False
11.4080 	EXP 	text: autoDraw = False
11.4080 	EXP 	image: autoDraw = False
11.4080 	EXP 	text: autoDraw = False
11.4080 	EXP 	image: size = array([300., 300.])
11.4080 	EXP 	image: image = 'images/bacon.jpg'
11.4080 	EXP 	text: text = 'bacon'
11.4080 	EXP 	image: autoDraw = True
11.4080 	EXP 	text: autoDraw = True
12.7491 	DATA 	Keypress: escape
13.0209 	EXP 	window1: mouseVisible = True
