9.0361 	EXP 	Created window1 = Window(allowGUI=False, allowStencil=False, args=UNKNOWN, autoLog=True, bitsMode=UNKNOWN, blendMode='avg', color=array([1., 1., 1.]), colorSpace='rgb', fullscr=UNKNOWN, gamma=None, kwargs=UNKNOWN, lms=UNKNOWN, monitor=<psychopy.monitors.calibTools.Monitor object at 0x112cb4c90>, multiSample=False, name='window1', numSamples=2, pos=[-840, -525], screen=0, size=array([3360, 2100]), stereo=False, units=u'norm', useFBO=True, useRetina=True, viewOri=0.0, viewPos=None, viewScale=None, waitBlanking=True, winType=u'pyglet')
9.0361 	EXP 	window1: recordFrameIntervals = False
9.1998 	EXP 	window1: recordFrameIntervals = True
9.3842 	EXP 	window1: recordFrameIntervals = False
9.3860 	EXP 	Created image = ImageStim(autoLog=True, color=array([1., 1., 1.]), colorSpace='rgb', contrast=1.0, depth=0.0, flipHoriz=False, flipVert=False, image='sin', interpolate=True, mask=None, maskParams=None, name='image', opacity=1.0, ori=0.0, pos=array([-100.,    0.]), size=array([1., 1.]), texRes=128, units='pix', win=Window(...))
9.4850 	EXP 	Created text = TextStim(alignHoriz='center', alignVert='center', antialias=True, autoLog=True, bold=False, color=u'black', colorSpace='named', contrast=1.0, depth=-1.0, flipHoriz=False, flipVert=False, font=u'Arial', fontFiles=[], height=0.1, italic=False, name='text', opacity=1.0, ori=0, pos=array([0.2, 0. ]), rgb=array([0., 0., 0.]), text='default text', units=u'norm', win=Window(...), wrapWidth=1)
9.4917 	EXP 	Created text_2 = TextStim(alignHoriz='center', alignVert='center', antialias=True, autoLog=True, bold=False, color=u'black', colorSpace='named', contrast=1.0, depth=0.0, flipHoriz=False, flipVert=False, font=u'Arial', fontFiles=[], height=0.1, italic=False, name='text_2', opacity=1.0, ori=0, pos=array([0., 0.]), rgb=array([0., 0., 0.]), text='default text', units=u'norm', win=Window(...), wrapWidth=1)
9.4976 	EXP 	Imported images.xlsx as conditions, 3 conditions, 3 params
9.4979 	EXP 	Created sequence: random, trialTypes=3, nReps=5, seed=None
9.4984 	EXP 	New trial (rep=0, index=0): OrderedDict([(u'images', u'images/antelope.jpg'), (u'name', u'antelope'), (u'corrAns', u'z')])
9.7652 	EXP 	image: image = u'images/antelope.jpg'
9.7652 	EXP 	image: size = array([300., 300.])
9.7652 	EXP 	text: text = u'antelope'
9.7652 	EXP 	image: autoDraw = True
9.7652 	EXP 	text: autoDraw = True
10.1710 	DATA 	Keypress: z
10.1999 	EXP 	image: autoDraw = False
10.1999 	EXP 	text: autoDraw = False
10.1999 	EXP 	text_2: text = 'Correct!'
10.1999 	EXP 	text_2: autoDraw = True
11.1679 	EXP 	New trial (rep=0, index=1): OrderedDict([(u'images', u'images/bagel01.jpg'), (u'name', u'bagel'), (u'corrAns', u'z')])
11.3812 	EXP 	text_2: autoDraw = False
11.3812 	EXP 	text_2: autoDraw = False
11.3812 	EXP 	image: image = u'images/bagel01.jpg'
11.3812 	EXP 	image: size = array([300., 300.])
11.3812 	EXP 	text: text = u'bagel'
11.3812 	EXP 	image: autoDraw = True
11.3812 	EXP 	text: autoDraw = True
11.6503 	DATA 	Keypress: z
11.6651 	EXP 	image: autoDraw = False
11.6651 	EXP 	text: autoDraw = False
11.6651 	EXP 	text_2: text = 'Correct!'
11.6651 	EXP 	text_2: autoDraw = True
12.6510 	EXP 	New trial (rep=0, index=2): OrderedDict([(u'images', u'images/apple01.jpg'), (u'name', u'apple'), (u'corrAns', u'z')])
12.8650 	EXP 	text_2: autoDraw = False
12.8650 	EXP 	text_2: autoDraw = False
12.8650 	EXP 	image: image = u'images/apple01.jpg'
12.8650 	EXP 	image: size = array([300., 300.])
12.8650 	EXP 	text: text = u'apple'
12.8650 	EXP 	image: autoDraw = True
12.8650 	EXP 	text: autoDraw = True
13.1006 	DATA 	Keypress: x
13.1346 	EXP 	image: autoDraw = False
13.1346 	EXP 	text: autoDraw = False
13.1346 	EXP 	text_2: text = 'Wrong.'
13.1346 	EXP 	text_2: autoDraw = True
14.1011 	EXP 	New trial (rep=1, index=0): OrderedDict([(u'images', u'images/bagel01.jpg'), (u'name', u'bagel'), (u'corrAns', u'z')])
14.3149 	EXP 	text_2: autoDraw = False
14.3149 	EXP 	text_2: autoDraw = False
14.3149 	EXP 	image: image = u'images/bagel01.jpg'
14.3149 	EXP 	image: size = array([300., 300.])
14.3149 	EXP 	text: text = u'bagel'
14.3149 	EXP 	image: autoDraw = True
14.3149 	EXP 	text: autoDraw = True
14.5669 	DATA 	Keypress: z
14.5876 	EXP 	image: autoDraw = False
14.5876 	EXP 	text: autoDraw = False
14.5876 	EXP 	text_2: text = 'Correct!'
14.5876 	EXP 	text_2: autoDraw = True
15.5646 	EXP 	New trial (rep=1, index=1): OrderedDict([(u'images', u'images/apple01.jpg'), (u'name', u'apple'), (u'corrAns', u'z')])
15.7807 	EXP 	text_2: autoDraw = False
15.7807 	EXP 	text_2: autoDraw = False
15.7807 	EXP 	image: image = u'images/apple01.jpg'
15.7807 	EXP 	image: size = array([300., 300.])
15.7807 	EXP 	text: text = u'apple'
15.7807 	EXP 	image: autoDraw = True
15.7807 	EXP 	text: autoDraw = True
15.9999 	DATA 	Keypress: z
16.0153 	EXP 	image: autoDraw = False
16.0153 	EXP 	text: autoDraw = False
16.0153 	EXP 	text_2: text = 'Correct!'
16.0153 	EXP 	text_2: autoDraw = True
17.0009 	EXP 	New trial (rep=1, index=2): OrderedDict([(u'images', u'images/antelope.jpg'), (u'name', u'antelope'), (u'corrAns', u'z')])
17.1602 	EXP 	text_2: autoDraw = False
17.1602 	EXP 	text_2: autoDraw = False
17.1602 	EXP 	image: image = u'images/antelope.jpg'
17.1602 	EXP 	image: size = array([300., 300.])
17.1602 	EXP 	text: text = u'antelope'
17.1602 	EXP 	image: autoDraw = True
17.1602 	EXP 	text: autoDraw = True
17.3493 	DATA 	Keypress: x
17.3808 	EXP 	image: autoDraw = False
17.3808 	EXP 	text: autoDraw = False
17.3808 	EXP 	text_2: text = 'Wrong.'
17.3808 	EXP 	text_2: autoDraw = True
18.3674 	EXP 	New trial (rep=2, index=0): OrderedDict([(u'images', u'images/antelope.jpg'), (u'name', u'antelope'), (u'corrAns', u'z')])
18.5159 	EXP 	text_2: autoDraw = False
18.5159 	EXP 	text_2: autoDraw = False
18.5159 	EXP 	image: image = u'images/antelope.jpg'
18.5159 	EXP 	image: size = array([300., 300.])
18.5159 	EXP 	text: text = u'antelope'
18.5159 	EXP 	image: autoDraw = True
18.5159 	EXP 	text: autoDraw = True
18.7161 	DATA 	Keypress: z
18.7366 	EXP 	image: autoDraw = False
18.7366 	EXP 	text: autoDraw = False
18.7366 	EXP 	text_2: text = 'Correct!'
18.7366 	EXP 	text_2: autoDraw = True
19.7174 	EXP 	New trial (rep=2, index=1): OrderedDict([(u'images', u'images/bagel01.jpg'), (u'name', u'bagel'), (u'corrAns', u'z')])
19.9314 	EXP 	text_2: autoDraw = False
19.9314 	EXP 	text_2: autoDraw = False
19.9314 	EXP 	image: image = u'images/bagel01.jpg'
19.9314 	EXP 	image: size = array([300., 300.])
19.9314 	EXP 	text: text = u'bagel'
19.9314 	EXP 	image: autoDraw = True
19.9314 	EXP 	text: autoDraw = True
20.1338 	DATA 	Keypress: x
20.1540 	EXP 	image: autoDraw = False
20.1540 	EXP 	text: autoDraw = False
20.1540 	EXP 	text_2: text = 'Wrong.'
20.1540 	EXP 	text_2: autoDraw = True
21.1188 	DATA 	Keypress: escape
21.3943 	EXP 	window1: mouseVisible = True
