6.3500 	WARNING 	User requested fullscreen with size [1024  768], but screen is actually [1680, 1050]. Using actual size
7.1462 	EXP 	Created window1 = Window(allowGUI=False, allowStencil=False, args=UNKNOWN, autoLog=True, bitsMode=UNKNOWN, blendMode='avg', color=array([0., 0., 0.]), colorSpace='rgb', fullscr=UNKNOWN, gamma=None, kwargs=UNKNOWN, lms=UNKNOWN, monitor=<psychopy.monitors.calibTools.Monitor object at 0x12efb5470>, multiSample=False, name='window1', numSamples=2, pos=[-840.0, -525.0], screen=0, size=array([3360, 2100]), stereo=False, units='norm', useFBO=True, useRetina=True, viewOri=0.0, viewPos=None, viewScale=None, waitBlanking=True, winType='pyglet')
7.1462 	EXP 	window1: recordFrameIntervals = False
7.3478 	EXP 	window1: recordFrameIntervals = True
7.5622 	EXP 	window1: recordFrameIntervals = False
7.5641 	EXP 	Created image = ImageStim(__class__=<class 'psychopy.visual.image.ImageStim'>, autoLog=True, color=array([1., 1., 1.]), colorSpace='rgb', contrast=1.0, depth=0.0, flipHoriz=False, flipVert=False, image='sin', interpolate=True, mask=None, maskParams=None, name='image', opacity=1.0, ori=0.0, pos=array([300., 300.]), size=array([1., 1.]), texRes=128, units='pix', win=Window(...))
7.6359 	EXP 	Created text = TextStim(__class__=<class 'psychopy.visual.text.TextStim'>, alignHoriz='center', alignVert='center', antialias=True, autoLog=True, bold=False, color='white', colorSpace='named', contrast=1.0, depth=-1.0, flipHoriz=False, flipVert=False, font='Arial', fontFiles=[], height=0.1, italic=False, name='text', opacity=1.0, ori=0, pos=array([0.5, 0.5]), rgb=array([255., 255., 255.]), text='default text', units='norm', win=Window(...), wrapWidth=1)
7.6447 	EXP 	Imported images.xlsx as conditions, 13 conditions, 3 params
7.6452 	EXP 	Created sequence: random, trialTypes=13, nReps=5, seed=None
7.6456 	EXP 	New trial (rep=0, index=0): OrderedDict([('images', 'images/bacon.jpg'), ('name', 'bacon'), ('corrAns', 'z')])
7.9202 	EXP 	image: size = array([300., 300.])
7.9202 	EXP 	image: image = 'images/bacon.jpg'
7.9202 	EXP 	text: text = 'bacon'
7.9202 	EXP 	image: autoDraw = True
7.9202 	EXP 	text: autoDraw = True
9.1619 	DATA 	Keypress: escape
9.4347 	EXP 	window1: mouseVisible = True
6.0054 	WARNING 	User requested fullscreen with size [1024  768], but screen is actually [1680, 1050]. Using actual size
6.7980 	EXP 	Created window1 = Window(allowGUI=False, allowStencil=False, args=UNKNOWN, autoLog=True, bitsMode=UNKNOWN, blendMode='avg', color=array([0., 0., 0.]), colorSpace='rgb', fullscr=UNKNOWN, gamma=None, kwargs=UNKNOWN, lms=UNKNOWN, monitor=<psychopy.monitors.calibTools.Monitor object at 0x128e6f9b0>, multiSample=False, name='window1', numSamples=2, pos=[-840.0, -525.0], screen=0, size=array([3360, 2100]), stereo=False, units='norm', useFBO=True, useRetina=True, viewOri=0.0, viewPos=None, viewScale=None, waitBlanking=True, winType='pyglet')
6.7980 	EXP 	window1: recordFrameIntervals = False
6.9998 	EXP 	window1: recordFrameIntervals = True
7.1984 	EXP 	window1: recordFrameIntervals = False
7.2008 	EXP 	Created image = ImageStim(__class__=<class 'psychopy.visual.image.ImageStim'>, autoLog=True, color=array([1., 1., 1.]), colorSpace='rgb', contrast=1.0, depth=0.0, flipHoriz=False, flipVert=False, image='sin', interpolate=True, mask=None, maskParams=None, name='image', opacity=1.0, ori=0.0, pos=array([300., 300.]), size=array([1., 1.]), texRes=128, units='pix', win=Window(...))
7.2720 	EXP 	Created text = TextStim(__class__=<class 'psychopy.visual.text.TextStim'>, alignHoriz='center', alignVert='center', antialias=True, autoLog=True, bold=False, color='white', colorSpace='named', contrast=1.0, depth=-1.0, flipHoriz=False, flipVert=False, font='Arial', fontFiles=[], height=0.1, italic=False, name='text', opacity=1.0, ori=0, pos=array([0.3, 0. ]), rgb=array([255., 255., 255.]), text='default text', units='norm', win=Window(...), wrapWidth=1)
7.2795 	EXP 	Imported images.xlsx as conditions, 13 conditions, 3 params
7.2799 	EXP 	Created sequence: random, trialTypes=13, nReps=5, seed=None
7.2802 	EXP 	New trial (rep=0, index=0): OrderedDict([('images', 'images/banjo.jpg'), ('name', 'banjo'), ('corrAns', 'z')])
7.5289 	EXP 	image: size = array([-300.,    0.])
7.5289 	EXP 	image: image = 'images/banjo.jpg'
7.5289 	EXP 	text: text = 'banjo'
7.5289 	EXP 	image: autoDraw = True
7.5289 	EXP 	text: autoDraw = True
9.2816 	EXP 	New trial (rep=0, index=1): OrderedDict([('images', 'images/almond.jpg'), ('name', 'apple'), ('corrAns', 'x')])
9.4750 	EXP 	image: autoDraw = False
9.4750 	EXP 	text: autoDraw = False
9.4750 	EXP 	image: size = array([-300.,    0.])
9.4750 	EXP 	image: image = 'images/almond.jpg'
9.4750 	EXP 	text: text = 'apple'
9.4750 	EXP 	image: autoDraw = True
9.4750 	EXP 	text: autoDraw = True
11.0847 	DATA 	Keypress: escape
11.3575 	EXP 	window1: mouseVisible = True
