5.9218 	WARNING 	User requested fullscreen with size [1024  768], but screen is actually [1680, 1050]. Using actual size
6.7160 	EXP 	Created window1 = Window(allowGUI=False, allowStencil=False, args=UNKNOWN, autoLog=True, bitsMode=UNKNOWN, blendMode='avg', color=array([0., 0., 0.]), colorSpace='rgb', fullscr=UNKNOWN, gamma=None, kwargs=UNKNOWN, lms=UNKNOWN, monitor=<psychopy.monitors.calibTools.Monitor object at 0x128a4d978>, multiSample=False, name='window1', numSamples=2, pos=[-840.0, -525.0], screen=0, size=array([3360, 2100]), stereo=False, units='norm', useFBO=True, useRetina=True, viewOri=0.0, viewPos=None, viewScale=None, waitBlanking=True, winType='pyglet')
6.7160 	EXP 	window1: recordFrameIntervals = False
6.9156 	EXP 	window1: recordFrameIntervals = True
7.4000 	EXP 	window1: recordFrameIntervals = False
7.4021 	EXP 	Created image = ImageStim(__class__=<class 'psychopy.visual.image.ImageStim'>, autoLog=True, color=array([1., 1., 1.]), colorSpace='rgb', contrast=1.0, depth=0.0, flipHoriz=False, flipVert=False, image='sin', interpolate=True, mask=None, maskParams=None, name='image', opacity=1.0, ori=0.0, pos=array([-100.,    0.]), size=array([1., 1.]), texRes=128, units='pix', win=Window(...))
7.4768 	EXP 	Created text = TextStim(__class__=<class 'psychopy.visual.text.TextStim'>, alignHoriz='center', alignVert='center', antialias=True, autoLog=True, bold=False, color='white', colorSpace='named', contrast=1.0, depth=-1.0, flipHoriz=False, flipVert=False, font='Arial', fontFiles=[], height=0.1, italic=False, name='text', opacity=1.0, ori=0, pos=array([0.1, 0. ]), rgb=array([255., 255., 255.]), text='default text', units='norm', win=Window(...), wrapWidth=1)
7.4851 	EXP 	Imported images.xlsx as conditions, 13 conditions, 3 params
7.4855 	EXP 	Created sequence: random, trialTypes=13, nReps=5, seed=None
7.4858 	EXP 	New trial (rep=0, index=0): OrderedDict([('images', 'images/armadillo.jpg'), ('name', 'armadillo'), ('corrAns', 'z')])
7.7640 	EXP 	image: size = array([300., 300.])
7.7640 	EXP 	image: image = 'images/armadillo.jpg'
7.7640 	EXP 	text: text = 'armadillo'
7.7640 	EXP 	image: autoDraw = True
7.7640 	EXP 	text: autoDraw = True
8.9497 	DATA 	Keypress: escape
9.2222 	EXP 	window1: mouseVisible = True
5.4532 	WARNING 	User requested fullscreen with size [1024  768], but screen is actually [1680, 1050]. Using actual size
6.2642 	EXP 	Created window1 = Window(allowGUI=False, allowStencil=False, args=UNKNOWN, autoLog=True, bitsMode=UNKNOWN, blendMode='avg', color=array([0., 0., 0.]), colorSpace='rgb', fullscr=UNKNOWN, gamma=None, kwargs=UNKNOWN, lms=UNKNOWN, monitor=<psychopy.monitors.calibTools.Monitor object at 0x12d2e5908>, multiSample=False, name='window1', numSamples=2, pos=[-840.0, -525.0], screen=0, size=array([3360, 2100]), stereo=False, units='norm', useFBO=True, useRetina=True, viewOri=0.0, viewPos=None, viewScale=None, waitBlanking=True, winType='pyglet')
6.2642 	EXP 	window1: recordFrameIntervals = False
6.4621 	EXP 	window1: recordFrameIntervals = True
6.7980 	EXP 	window1: recordFrameIntervals = False
6.8002 	EXP 	Created image = ImageStim(__class__=<class 'psychopy.visual.image.ImageStim'>, autoLog=True, color=array([1., 1., 1.]), colorSpace='rgb', contrast=1.0, depth=0.0, flipHoriz=False, flipVert=False, image='sin', interpolate=True, mask=None, maskParams=None, name='image', opacity=1.0, ori=0.0, pos=array([-200.,    0.]), size=array([1., 1.]), texRes=128, units='pix', win=Window(...))
6.8718 	EXP 	Created text = TextStim(__class__=<class 'psychopy.visual.text.TextStim'>, alignHoriz='center', alignVert='center', antialias=True, autoLog=True, bold=False, color='white', colorSpace='named', contrast=1.0, depth=-1.0, flipHoriz=False, flipVert=False, font='Arial', fontFiles=[], height=0.1, italic=False, name='text', opacity=1.0, ori=0, pos=array([0.2, 0. ]), rgb=array([255., 255., 255.]), text='default text', units='norm', win=Window(...), wrapWidth=1)
6.8791 	EXP 	Imported images.xlsx as conditions, 13 conditions, 3 params
6.8795 	EXP 	Created sequence: random, trialTypes=13, nReps=5, seed=None
6.8798 	EXP 	New trial (rep=0, index=0): OrderedDict([('images', 'images/acorn.jpg'), ('name', 'tree'), ('corrAns', 'x')])
7.1616 	EXP 	image: size = array([300., 300.])
7.1616 	EXP 	image: image = 'images/acorn.jpg'
7.1616 	EXP 	text: text = 'tree'
7.1616 	EXP 	image: autoDraw = True
7.1616 	EXP 	text: autoDraw = True
8.8786 	EXP 	New trial (rep=0, index=1): OrderedDict([('images', 'images/armadillo.jpg'), ('name', 'armadillo'), ('corrAns', 'z')])
9.0620 	EXP 	image: autoDraw = False
9.0620 	EXP 	text: autoDraw = False
9.0620 	EXP 	image: size = array([300., 300.])
9.0620 	EXP 	image: image = 'images/armadillo.jpg'
9.0620 	EXP 	text: text = 'armadillo'
9.0620 	EXP 	image: autoDraw = True
9.0620 	EXP 	text: autoDraw = True
10.8792 	EXP 	New trial (rep=0, index=2): OrderedDict([('images', 'images/antlers.jpg'), ('name', 'antlers'), ('corrAns', 'z')])
11.0454 	EXP 	image: autoDraw = False
11.0454 	EXP 	text: autoDraw = False
11.0454 	EXP 	image: size = array([300., 300.])
11.0454 	EXP 	image: image = 'images/antlers.jpg'
11.0454 	EXP 	text: text = 'antlers'
11.0454 	EXP 	image: autoDraw = True
11.0454 	EXP 	text: autoDraw = True
12.8795 	EXP 	New trial (rep=0, index=3): OrderedDict([('images', 'images/avocado02.jpg'), ('name', 'avocado'), ('corrAns', 'z')])
13.0744 	EXP 	image: autoDraw = False
13.0744 	EXP 	text: autoDraw = False
13.0744 	EXP 	image: size = array([300., 300.])
13.0744 	EXP 	image: image = 'images/avocado02.jpg'
13.0744 	EXP 	text: text = 'avocado'
13.0744 	EXP 	image: autoDraw = True
13.0744 	EXP 	text: autoDraw = True
14.8812 	EXP 	New trial (rep=0, index=4): OrderedDict([('images', 'images/apple01.jpg'), ('name', 'apple'), ('corrAns', 'z')])
15.0958 	EXP 	image: autoDraw = False
15.0958 	EXP 	text: autoDraw = False
15.0958 	EXP 	image: size = array([300., 300.])
15.0958 	EXP 	image: image = 'images/apple01.jpg'
15.0958 	EXP 	text: text = 'apple'
15.0958 	EXP 	image: autoDraw = True
15.0958 	EXP 	text: autoDraw = True
16.8794 	EXP 	New trial (rep=0, index=5): OrderedDict([('images', 'images/bagel01.jpg'), ('name', 'bagel'), ('corrAns', 'z')])
17.0953 	EXP 	image: autoDraw = False
17.0953 	EXP 	text: autoDraw = False
17.0953 	EXP 	image: size = array([300., 300.])
17.0953 	EXP 	image: image = 'images/bagel01.jpg'
17.0953 	EXP 	text: text = 'bagel'
17.0953 	EXP 	image: autoDraw = True
17.0953 	EXP 	text: autoDraw = True
18.8800 	EXP 	New trial (rep=0, index=6): OrderedDict([('images', 'images/almond.jpg'), ('name', 'apple'), ('corrAns', 'x')])
19.0790 	EXP 	image: autoDraw = False
19.0790 	EXP 	text: autoDraw = False
19.0790 	EXP 	image: size = array([300., 300.])
19.0790 	EXP 	image: image = 'images/almond.jpg'
19.0790 	EXP 	text: text = 'apple'
19.0790 	EXP 	image: autoDraw = True
19.0790 	EXP 	text: autoDraw = True
20.8794 	EXP 	New trial (rep=0, index=7): OrderedDict([('images', 'images/antelope.jpg'), ('name', 'antelope'), ('corrAns', 'z')])
21.0466 	EXP 	image: autoDraw = False
21.0466 	EXP 	text: autoDraw = False
21.0466 	EXP 	image: size = array([300., 300.])
21.0466 	EXP 	image: image = 'images/antelope.jpg'
21.0466 	EXP 	text: text = 'antelope'
21.0466 	EXP 	image: autoDraw = True
21.0466 	EXP 	text: autoDraw = True
22.3728 	DATA 	Keypress: escape
22.6771 	EXP 	window1: mouseVisible = True
