8.9522 	EXP 	Created window1 = Window(allowGUI=False, allowStencil=False, args=UNKNOWN, autoLog=True, bitsMode=UNKNOWN, blendMode='avg', color=array([1., 1., 1.]), colorSpace='rgb', fullscr=UNKNOWN, gamma=None, kwargs=UNKNOWN, lms=UNKNOWN, monitor=<psychopy.monitors.calibTools.Monitor object at 0x1135f8cd0>, multiSample=False, name='window1', numSamples=2, pos=[-840, -525], screen=0, size=array([3360, 2100]), stereo=False, units=u'norm', useFBO=True, useRetina=True, viewOri=0.0, viewPos=None, viewScale=None, waitBlanking=True, winType=u'pyglet')
8.9522 	EXP 	window1: recordFrameIntervals = False
9.1517 	EXP 	window1: recordFrameIntervals = True
9.3363 	EXP 	window1: recordFrameIntervals = False
9.3388 	EXP 	Created image = ImageStim(autoLog=True, color=array([1., 1., 1.]), colorSpace='rgb', contrast=1.0, depth=0.0, flipHoriz=False, flipVert=False, image='sin', interpolate=True, mask=None, maskParams=None, name='image', opacity=1.0, ori=0.0, pos=array([-100.,    0.]), size=array([1., 1.]), texRes=128, units='pix', win=Window(...))
9.4499 	EXP 	Created text = TextStim(alignHoriz='center', alignVert='center', antialias=True, autoLog=True, bold=False, color='black', colorSpace='named', contrast=1.0, depth=-1.0, flipHoriz=False, flipVert=False, font='Arial', fontFiles=[], height=0.1, italic=False, name='text', opacity=1.0, ori=0, pos=array([0.2, 0. ]), rgb=array([0., 0., 0.]), text='default text', units=u'norm', win=Window(...), wrapWidth=1)
9.4570 	EXP 	Created text_2 = TextStim(alignHoriz='center', alignVert='center', antialias=True, autoLog=True, bold=False, color='black', colorSpace='named', contrast=1.0, depth=0.0, flipHoriz=False, flipVert=False, font='Arial', fontFiles=[], height=0.1, italic=False, name='text_2', opacity=1.0, ori=0, pos=array([0., 0.]), rgb=array([0., 0., 0.]), text='default text', units=u'norm', win=Window(...), wrapWidth=1)
9.4636 	EXP 	Imported images.xlsx as conditions, 13 conditions, 3 params
9.4640 	EXP 	Created sequence: random, trialTypes=13, nReps=5, seed=None
9.4643 	EXP 	New trial (rep=0, index=0): OrderedDict([(u'images', u'images/acorn.jpg'), (u'name', u'tree'), (u'corrAns', u'x')])
9.7497 	EXP 	image: image = u'images/acorn.jpg'
9.7497 	EXP 	image: size = array([300., 300.])
9.7497 	EXP 	text: text = u'tree'
9.7497 	EXP 	image: autoDraw = True
9.7497 	EXP 	text: autoDraw = True
10.4391 	DATA 	Keypress: z
10.4699 	EXP 	image: autoDraw = False
10.4699 	EXP 	text: autoDraw = False
10.4699 	EXP 	text_2: text = 'doh!'
10.4699 	EXP 	text_2: autoDraw = True
11.4357 	EXP 	New trial (rep=0, index=1): OrderedDict([(u'images', u'images/apple01.jpg'), (u'name', u'apple'), (u'corrAns', u'z')])
11.6502 	EXP 	text_2: autoDraw = False
11.6502 	EXP 	text_2: autoDraw = False
11.6502 	EXP 	image: image = u'images/apple01.jpg'
11.6502 	EXP 	image: size = array([300., 300.])
11.6502 	EXP 	text: text = u'apple'
11.6502 	EXP 	image: autoDraw = True
11.6502 	EXP 	text: autoDraw = True
12.6850 	DATA 	Keypress: z
12.7185 	EXP 	image: autoDraw = False
12.7185 	EXP 	text: autoDraw = False
12.7185 	EXP 	text_2: text = 'Oops! That was wrong'
12.7185 	EXP 	text_2: autoDraw = True
13.6857 	EXP 	New trial (rep=0, index=2): OrderedDict([(u'images', u'images/antlers.jpg'), (u'name', u'antlers'), (u'corrAns', u'z')])
13.8492 	EXP 	text_2: autoDraw = False
13.8492 	EXP 	text_2: autoDraw = False
13.8492 	EXP 	image: image = u'images/antlers.jpg'
13.8492 	EXP 	image: size = array([300., 300.])
13.8492 	EXP 	text: text = u'antlers'
13.8492 	EXP 	image: autoDraw = True
13.8492 	EXP 	text: autoDraw = True
14.6179 	DATA 	Keypress: z
14.6523 	EXP 	image: autoDraw = False
14.6523 	EXP 	text: autoDraw = False
14.6523 	EXP 	text_2: text = 'Correct! RT=1.068'
14.6523 	EXP 	text_2: autoDraw = True
15.6219 	EXP 	New trial (rep=0, index=3): OrderedDict([(u'images', u'images/barn.jpg'), (u'name', u'shoe'), (u'corrAns', u'x')])
15.8662 	EXP 	text_2: autoDraw = False
15.8662 	EXP 	text_2: autoDraw = False
15.8662 	EXP 	image: image = u'images/barn.jpg'
15.8662 	EXP 	image: size = array([300., 300.])
15.8662 	EXP 	text: text = u'shoe'
15.8662 	EXP 	image: autoDraw = True
15.8662 	EXP 	text: autoDraw = True
16.5350 	DATA 	Keypress: x
16.5682 	EXP 	image: autoDraw = False
16.5682 	EXP 	text: autoDraw = False
16.5682 	EXP 	text_2: text = 'Correct! RT=0.804'
16.5682 	EXP 	text_2: autoDraw = True
17.5361 	EXP 	New trial (rep=0, index=4): OrderedDict([(u'images', u'images/bacon.jpg'), (u'name', u'bacon'), (u'corrAns', u'z')])
17.6841 	EXP 	text_2: autoDraw = False
17.6841 	EXP 	text_2: autoDraw = False
17.6841 	EXP 	image: image = u'images/bacon.jpg'
17.6841 	EXP 	image: size = array([300., 300.])
17.6841 	EXP 	text: text = u'bacon'
17.6841 	EXP 	image: autoDraw = True
17.6841 	EXP 	text: autoDraw = True
18.7018 	DATA 	Keypress: x
18.7364 	EXP 	image: autoDraw = False
18.7364 	EXP 	text: autoDraw = False
18.7364 	EXP 	text_2: text = 'Correct! RT=0.703'
18.7364 	EXP 	text_2: autoDraw = True
19.7036 	EXP 	New trial (rep=0, index=5): OrderedDict([(u'images', u'images/antelope.jpg'), (u'name', u'antelope'), (u'corrAns', u'z')])
19.8667 	EXP 	text_2: autoDraw = False
19.8667 	EXP 	text_2: autoDraw = False
19.8667 	EXP 	image: image = u'images/antelope.jpg'
19.8667 	EXP 	image: size = array([300., 300.])
19.8667 	EXP 	text: text = u'antelope'
19.8667 	EXP 	image: autoDraw = True
19.8667 	EXP 	text: autoDraw = True
21.2023 	DATA 	Keypress: x
21.2349 	EXP 	image: autoDraw = False
21.2349 	EXP 	text: autoDraw = False
21.2349 	EXP 	text_2: text = 'Oops! That was wrong'
21.2349 	EXP 	text_2: autoDraw = True
22.2033 	EXP 	New trial (rep=0, index=6): OrderedDict([(u'images', u'images/bagel01.jpg'), (u'name', u'bagel'), (u'corrAns', u'z')])
22.4329 	EXP 	text_2: autoDraw = False
22.4329 	EXP 	text_2: autoDraw = False
22.4329 	EXP 	image: image = u'images/bagel01.jpg'
22.4329 	EXP 	image: size = array([300., 300.])
22.4329 	EXP 	text: text = u'bagel'
22.4329 	EXP 	image: autoDraw = True
22.4329 	EXP 	text: autoDraw = True
24.1364 	DATA 	Keypress: z
24.1501 	EXP 	image: autoDraw = False
24.1501 	EXP 	text: autoDraw = False
24.1501 	EXP 	text_2: text = 'Oops! That was wrong'
24.1501 	EXP 	text_2: autoDraw = True
25.1341 	EXP 	New trial (rep=0, index=7): OrderedDict([(u'images', u'images/almond.jpg'), (u'name', u'apple'), (u'corrAns', u'x')])
25.3331 	EXP 	text_2: autoDraw = False
25.3331 	EXP 	text_2: autoDraw = False
25.3331 	EXP 	image: image = u'images/almond.jpg'
25.3331 	EXP 	image: size = array([300., 300.])
25.3331 	EXP 	text: text = u'apple'
25.3331 	EXP 	image: autoDraw = True
25.3331 	EXP 	text: autoDraw = True
26.5695 	DATA 	Keypress: x
26.6028 	EXP 	image: autoDraw = False
26.6028 	EXP 	text: autoDraw = False
26.6028 	EXP 	text_2: text = 'Correct! RT=1.739'
26.6028 	EXP 	text_2: autoDraw = True
27.5670 	EXP 	New trial (rep=0, index=8): OrderedDict([(u'images', u'images/armadillo.jpg'), (u'name', u'armadillo'), (u'corrAns', u'z')])
27.7451 	EXP 	text_2: autoDraw = False
27.7451 	EXP 	text_2: autoDraw = False
27.7451 	EXP 	image: image = u'images/armadillo.jpg'
27.7451 	EXP 	image: size = array([300., 300.])
27.7451 	EXP 	text: text = u'armadillo'
27.7451 	EXP 	image: autoDraw = True
27.7451 	EXP 	text: autoDraw = True
28.7355 	DATA 	Keypress: x
28.7695 	EXP 	image: autoDraw = False
28.7695 	EXP 	text: autoDraw = False
28.7695 	EXP 	text_2: text = 'Correct! RT=1.277'
28.7695 	EXP 	text_2: autoDraw = True
29.7344 	EXP 	New trial (rep=0, index=9): OrderedDict([(u'images', u'images/banana04a.jpg'), (u'name', u'banana'), (u'corrAns', u'z')])
29.9006 	EXP 	text_2: autoDraw = False
29.9006 	EXP 	text_2: autoDraw = False
29.9006 	EXP 	image: image = u'images/banana04a.jpg'
29.9006 	EXP 	image: size = array([300., 300.])
29.9006 	EXP 	text: text = u'banana'
29.9006 	EXP 	image: autoDraw = True
29.9006 	EXP 	text: autoDraw = True
30.7184 	DATA 	Keypress: escape
30.9930 	EXP 	window1: mouseVisible = True
