8.5133 	EXP 	Created window1 = Window(allowGUI=False, allowStencil=False, args=UNKNOWN, autoLog=True, bitsMode=UNKNOWN, blendMode='avg', color=array([255., 255., 255.]), colorSpace='rgb', fullscr=UNKNOWN, gamma=None, kwargs=UNKNOWN, lms=UNKNOWN, monitor=<psychopy.monitors.calibTools.Monitor object at 0x12d1b5978>, multiSample=False, name='window1', numSamples=2, pos=[-840.0, -525.0], screen=0, size=array([3360, 2100]), stereo=False, units='norm', useFBO=True, useRetina=True, viewOri=0.0, viewPos=None, viewScale=None, waitBlanking=True, winType='pyglet')
8.5133 	EXP 	window1: recordFrameIntervals = False
8.6815 	EXP 	window1: recordFrameIntervals = True
8.8648 	EXP 	window1: recordFrameIntervals = False
8.8676 	EXP 	Created image = ImageStim(__class__=<class 'psychopy.visual.image.ImageStim'>, autoLog=True, color=array([1., 1., 1.]), colorSpace='rgb', contrast=1.0, depth=0.0, flipHoriz=False, flipVert=False, image='sin', interpolate=True, mask=None, maskParams=None, name='image', opacity=1.0, ori=0.0, pos=array([-200.,    0.]), size=array([1., 1.]), texRes=128, units='pix', win=Window(...))
8.9546 	EXP 	Created text = TextStim(__class__=<class 'psychopy.visual.text.TextStim'>, alignHoriz='center', alignVert='center', antialias=True, autoLog=True, bold=False, color='white', colorSpace='named', contrast=1.0, depth=-1.0, flipHoriz=False, flipVert=False, font='Arial', fontFiles=[], height=0.1, italic=False, name='text', opacity=1.0, ori=0, pos=array([0.2, 0. ]), rgb=array([255., 255., 255.]), text='default text', units='norm', win=Window(...), wrapWidth=1)
8.9635 	EXP 	Imported images.xlsx as conditions, 13 conditions, 3 params
8.9638 	EXP 	Created sequence: random, trialTypes=13, nReps=5, seed=None
8.9641 	EXP 	New trial (rep=0, index=0): OrderedDict([('images', 'images/bagel01.jpg'), ('name', 'bagel'), ('corrAns', 'z')])
9.2803 	EXP 	image: size = array([300., 300.])
9.2803 	EXP 	image: image = 'images/bagel01.jpg'
9.2803 	EXP 	text: text = 'bagel'
9.2803 	EXP 	image: autoDraw = True
9.2803 	EXP 	text: autoDraw = True
9.9156 	DATA 	Keypress: escape
10.1873 	EXP 	window1: mouseVisible = True
7.8100 	EXP 	Created window1 = Window(allowGUI=False, allowStencil=False, args=UNKNOWN, autoLog=True, bitsMode=UNKNOWN, blendMode='avg', color=array([1., 1., 1.]), colorSpace='rgb', fullscr=UNKNOWN, gamma=None, kwargs=UNKNOWN, lms=UNKNOWN, monitor=<psychopy.monitors.calibTools.Monitor object at 0x12939b978>, multiSample=False, name='window1', numSamples=2, pos=[-840.0, -525.0], screen=0, size=array([3360, 2100]), stereo=False, units='norm', useFBO=True, useRetina=True, viewOri=0.0, viewPos=None, viewScale=None, waitBlanking=True, winType='pyglet')
7.8100 	EXP 	window1: recordFrameIntervals = False
7.9758 	EXP 	window1: recordFrameIntervals = True
8.1595 	EXP 	window1: recordFrameIntervals = False
8.1619 	EXP 	Created image = ImageStim(__class__=<class 'psychopy.visual.image.ImageStim'>, autoLog=True, color=array([1., 1., 1.]), colorSpace='rgb', contrast=1.0, depth=0.0, flipHoriz=False, flipVert=False, image='sin', interpolate=True, mask=None, maskParams=None, name='image', opacity=1.0, ori=0.0, pos=array([-200.,    0.]), size=array([1., 1.]), texRes=128, units='pix', win=Window(...))
8.2543 	EXP 	Created text = TextStim(__class__=<class 'psychopy.visual.text.TextStim'>, alignHoriz='center', alignVert='center', antialias=True, autoLog=True, bold=False, color='white', colorSpace='named', contrast=1.0, depth=-1.0, flipHoriz=False, flipVert=False, font='Arial', fontFiles=[], height=0.1, italic=False, name='text', opacity=1.0, ori=0, pos=array([0.2, 0. ]), rgb=array([255., 255., 255.]), text='default text', units='norm', win=Window(...), wrapWidth=1)
8.2620 	EXP 	Imported images.xlsx as conditions, 13 conditions, 3 params
8.2624 	EXP 	Created sequence: random, trialTypes=13, nReps=5, seed=None
8.2626 	EXP 	New trial (rep=0, index=0): OrderedDict([('images', 'images/alligator.jpg'), ('name', 'deer'), ('corrAns', 'x')])
8.5365 	EXP 	image: size = array([300., 300.])
8.5365 	EXP 	image: image = 'images/alligator.jpg'
8.5365 	EXP 	text: text = 'deer'
8.5365 	EXP 	image: autoDraw = True
8.5365 	EXP 	text: autoDraw = True
9.8094 	DATA 	Keypress: escape
10.0856 	EXP 	window1: mouseVisible = True
