8.4567 	EXP 	Created window1 = Window(allowGUI=False, allowStencil=False, args=UNKNOWN, autoLog=True, bitsMode=UNKNOWN, blendMode='avg', color=array([1., 1., 1.]), colorSpace='rgb', fullscr=UNKNOWN, gamma=None, kwargs=UNKNOWN, lms=UNKNOWN, monitor=<psychopy.monitors.calibTools.Monitor object at 0x112eecc90>, multiSample=False, name='window1', numSamples=2, pos=[-840, -525], screen=0, size=array([3360, 2100]), stereo=False, units=u'norm', useFBO=True, useRetina=True, viewOri=0.0, viewPos=None, viewScale=None, waitBlanking=True, winType=u'pyglet')
8.4567 	EXP 	window1: recordFrameIntervals = False
8.6574 	EXP 	window1: recordFrameIntervals = True
8.8391 	EXP 	window1: recordFrameIntervals = False
8.8408 	EXP 	Created image = ImageStim(autoLog=True, color=array([1., 1., 1.]), colorSpace='rgb', contrast=1.0, depth=0.0, flipHoriz=False, flipVert=False, image='sin', interpolate=True, mask=None, maskParams=None, name='image', opacity=1.0, ori=0.0, pos=array([-100.,    0.]), size=array([1., 1.]), texRes=128, units='pix', win=Window(...))
8.9224 	EXP 	Created text = TextStim(alignHoriz='center', alignVert='center', antialias=True, autoLog=True, bold=False, color='black', colorSpace='named', contrast=1.0, depth=-1.0, flipHoriz=False, flipVert=False, font='Arial', fontFiles=[], height=0.1, italic=False, name='text', opacity=1.0, ori=0, pos=array([0.2, 0. ]), rgb=array([0., 0., 0.]), text='default text', units=u'norm', win=Window(...), wrapWidth=1)
8.9307 	EXP 	Created text_2 = TextStim(alignHoriz='center', alignVert='center', antialias=True, autoLog=True, bold=False, color='black', colorSpace='named', contrast=1.0, depth=0.0, flipHoriz=False, flipVert=False, font='Arial', fontFiles=[], height=0.1, italic=False, name='text_2', opacity=1.0, ori=0, pos=array([0., 0.]), rgb=array([0., 0., 0.]), text='default text', units=u'norm', win=Window(...), wrapWidth=1)
8.9391 	EXP 	Imported images.xlsx as conditions, 13 conditions, 3 params
8.9395 	EXP 	Created sequence: random, trialTypes=13, nReps=5, seed=None
8.9399 	EXP 	New trial (rep=0, index=0): OrderedDict([(u'images', u'images/banjo.jpg'), (u'name', u'banjo'), (u'corrAns', u'z')])
9.1818 	EXP 	image: image = u'images/banjo.jpg'
9.1818 	EXP 	image: size = array([300., 300.])
9.1818 	EXP 	text: text = u'banjo'
9.1818 	EXP 	image: autoDraw = True
9.1818 	EXP 	text: autoDraw = True
9.8270 	DATA 	Keypress: z
10.0954 	EXP 	window1: mouseVisible = True
9.8359 	EXP 	Created window1 = Window(allowGUI=False, allowStencil=False, args=UNKNOWN, autoLog=True, bitsMode=UNKNOWN, blendMode='avg', color=array([1., 1., 1.]), colorSpace='rgb', fullscr=UNKNOWN, gamma=None, kwargs=UNKNOWN, lms=UNKNOWN, monitor=<psychopy.monitors.calibTools.Monitor object at 0x112f03c90>, multiSample=False, name='window1', numSamples=2, pos=[-840, -525], screen=0, size=array([3360, 2100]), stereo=False, units=u'norm', useFBO=True, useRetina=True, viewOri=0.0, viewPos=None, viewScale=None, waitBlanking=True, winType=u'pyglet')
9.8360 	EXP 	window1: recordFrameIntervals = False
10.0357 	EXP 	window1: recordFrameIntervals = True
10.2192 	EXP 	window1: recordFrameIntervals = False
10.2216 	EXP 	Created image = ImageStim(autoLog=True, color=array([1., 1., 1.]), colorSpace='rgb', contrast=1.0, depth=0.0, flipHoriz=False, flipVert=False, image='sin', interpolate=True, mask=None, maskParams=None, name='image', opacity=1.0, ori=0.0, pos=array([-100.,    0.]), size=array([1., 1.]), texRes=128, units='pix', win=Window(...))
10.3031 	EXP 	Created text = TextStim(alignHoriz='center', alignVert='center', antialias=True, autoLog=True, bold=False, color='black', colorSpace='named', contrast=1.0, depth=-1.0, flipHoriz=False, flipVert=False, font='Arial', fontFiles=[], height=0.1, italic=False, name='text', opacity=1.0, ori=0, pos=array([0.2, 0. ]), rgb=array([0., 0., 0.]), text='default text', units=u'norm', win=Window(...), wrapWidth=1)
10.3102 	EXP 	Created text_2 = TextStim(alignHoriz='center', alignVert='center', antialias=True, autoLog=True, bold=False, color='black', colorSpace='named', contrast=1.0, depth=0.0, flipHoriz=False, flipVert=False, font='Arial', fontFiles=[], height=0.1, italic=False, name='text_2', opacity=1.0, ori=0, pos=array([0., 0.]), rgb=array([0., 0., 0.]), text='default text', units=u'norm', win=Window(...), wrapWidth=1)
10.3168 	EXP 	Imported images.xlsx as conditions, 13 conditions, 3 params
10.3172 	EXP 	Created sequence: random, trialTypes=13, nReps=5, seed=None
10.3175 	EXP 	New trial (rep=0, index=0): OrderedDict([(u'images', u'images/antlers.jpg'), (u'name', u'antlers'), (u'corrAns', u'z')])
10.5665 	EXP 	image: image = u'images/antlers.jpg'
10.5665 	EXP 	image: size = array([300., 300.])
10.5665 	EXP 	text: text = u'antlers'
10.5665 	EXP 	image: autoDraw = True
10.5665 	EXP 	text: autoDraw = True
11.1575 	DATA 	Keypress: z
11.4279 	EXP 	window1: mouseVisible = True
