10.4375 	EXP 	Created window1 = Window(allowGUI=False, allowStencil=False, args=UNKNOWN, autoLog=True, bitsMode=UNKNOWN, blendMode='avg', color=array([1., 1., 1.]), colorSpace='rgb', fullscr=UNKNOWN, gamma=None, kwargs=UNKNOWN, lms=UNKNOWN, monitor=<psychopy.monitors.calibTools.Monitor object at 0x1139baf50>, multiSample=False, name='window1', numSamples=2, pos=[-840, -525], screen=0, size=array([3360, 2100]), stereo=False, units=u'norm', useFBO=True, useRetina=True, viewOri=0.0, viewPos=None, viewScale=None, waitBlanking=True, winType=u'pyglet')
10.4376 	EXP 	window1: recordFrameIntervals = False
10.6007 	EXP 	window1: recordFrameIntervals = True
10.7874 	EXP 	window1: recordFrameIntervals = False
10.9172 	EXP 	Created text_8 = TextStim(alignHoriz='center', alignVert='center', antialias=True, autoLog=True, bold=False, color='black', colorSpace='named', contrast=1.0, depth=0.0, flipHoriz=False, flipVert=False, font='Arial', fontFiles=[], height=0.1, italic=False, name='text_8', opacity=1.0, ori=0, pos=array([0., 0.]), rgb=array([0., 0., 0.]), text='Welcome!', units=u'norm', win=Window(...), wrapWidth=1)
10.9484 	EXP 	Created text_9 = TextStim(alignHoriz='center', alignVert='center', antialias=True, autoLog=True, bold=False, color='black', colorSpace='named', contrast=1.0, depth=-1.0, flipHoriz=False, flipVert=False, font='Arial', fontFiles=[], height=0.1, italic=False, name='text_9', opacity=1.0, ori=0, pos=array([0., 0.]), rgb=array([0., 0., 0.]), text=newstr(...), units=u'norm', win=Window(...), wrapWidth=1)
10.9765 	EXP 	Created text_10 = TextStim(alignHoriz='center', alignVert='center', antialias=True, autoLog=True, bold=False, color='black', colorSpace='named', contrast=1.0, depth=-2.0, flipHoriz=False, flipVert=False, font='Arial', fontFiles=[], height=0.1, italic=False, name='text_10', opacity=1.0, ori=0, pos=array([0., 0.]), rgb=array([0., 0., 0.]), text=newstr(...), units=u'norm', win=Window(...), wrapWidth=1)
10.9898 	EXP 	Created text_13 = TextStim(alignHoriz='center', alignVert='center', antialias=True, autoLog=True, bold=False, color='black', colorSpace='named', contrast=1.0, depth=-3.0, flipHoriz=False, flipVert=False, font='Arial', fontFiles=[], height=0.1, italic=False, name='text_13', opacity=1.0, ori=0, pos=array([0., 0.]), rgb=array([0., 0., 0.]), text='Each pair will look like this.', units=u'norm', win=Window(...), wrapWidth=1)
10.9914 	EXP 	Created image_2 = ImageStim(autoLog=True, color=array([1., 1., 1.]), colorSpace='rgb', contrast=1.0, depth=0.0, flipHoriz=False, flipVert=False, image='sin', interpolate=True, mask=None, maskParams=None, name='image_2', opacity=1.0, ori=0.0, pos=array([-200.,    0.]), size=array([300., 300.]), texRes=128, units='pix', win=Window(...))
11.0062 	EXP 	Created text_12 = TextStim(alignHoriz='center', alignVert='center', antialias=True, autoLog=True, bold=False, color='black', colorSpace='named', contrast=1.0, depth=-1.0, flipHoriz=False, flipVert=False, font='Arial', fontFiles=[], height=0.1, italic=False, name='text_12', opacity=1.0, ori=0, pos=array([0.2, 0. ]), rgb=array([0., 0., 0.]), text='default text', units=u'norm', win=Window(...), wrapWidth=1)
11.0277 	EXP 	Created text_14 = TextStim(alignHoriz='center', alignVert='center', antialias=True, autoLog=True, bold=False, color='black', colorSpace='named', contrast=1.0, depth=0.0, flipHoriz=False, flipVert=False, font='Arial', fontFiles=[], height=0.1, italic=False, name='text_14', opacity=1.0, ori=0, pos=array([0., 0.]), rgb=array([0., 0., 0.]), text=newstr(...), units=u'norm', win=Window(...), wrapWidth=1)
11.0471 	EXP 	Created text_15 = TextStim(alignHoriz='center', alignVert='center', antialias=True, autoLog=True, bold=False, color='green', colorSpace='named', contrast=1.0, depth=-1.0, flipHoriz=False, flipVert=False, font='Arial', fontFiles=[], height=0.1, italic=False, name='text_15', opacity=1.0, ori=0, pos=array([0., 0.]), rgb=array([  0., 128.,   0.]), text=newstr(...), units=u'norm', win=Window(...), wrapWidth=1)
11.0664 	EXP 	Created text_16 = TextStim(alignHoriz='center', alignVert='center', antialias=True, autoLog=True, bold=False, color='red', colorSpace='named', contrast=1.0, depth=-2.0, flipHoriz=False, flipVert=False, font='Arial', fontFiles=[], height=0.1, italic=False, name='text_16', opacity=1.0, ori=0, pos=array([0., 0.]), rgb=array([255.,   0.,   0.]), text=newstr(...), units=u'norm', win=Window(...), wrapWidth=1)
11.0789 	EXP 	Created text_17 = TextStim(alignHoriz='center', alignVert='center', antialias=True, autoLog=True, bold=False, color='black', colorSpace='named', contrast=1.0, depth=-3.0, flipHoriz=False, flipVert=False, font='Arial', fontFiles=[], height=0.1, italic=False, name='text_17', opacity=1.0, ori=0, pos=array([0., 0.]), rgb=array([0., 0., 0.]), text="Let's do a practice round.", units=u'norm', win=Window(...), wrapWidth=1)
11.0802 	EXP 	Created image_3 = ImageStim(autoLog=True, color=array([1., 1., 1.]), colorSpace='rgb', contrast=1.0, depth=0.0, flipHoriz=False, flipVert=False, image='sin', interpolate=True, mask=None, maskParams=None, name='image_3', opacity=1.0, ori=0.0, pos=array([-200.,    0.]), size=array([300., 300.]), texRes=128, units='pix', win=Window(...))
11.0877 	EXP 	Created text_18 = TextStim(alignHoriz='center', alignVert='center', antialias=True, autoLog=True, bold=False, color='black', colorSpace='named', contrast=1.0, depth=-1.0, flipHoriz=False, flipVert=False, font='Arial', fontFiles=[], height=0.1, italic=False, name='text_18', opacity=1.0, ori=0, pos=array([0.2, 0. ]), rgb=array([0., 0., 0.]), text='default text', units=u'norm', win=Window(...), wrapWidth=1)
11.0955 	EXP 	Created text_20 = TextStim(alignHoriz='center', alignVert='center', antialias=True, autoLog=True, bold=False, color='black', colorSpace='named', contrast=1.0, depth=0.0, flipHoriz=False, flipVert=False, font='Arial', fontFiles=[], height=0.1, italic=False, name='text_20', opacity=1.0, ori=0, pos=array([0., 0.]), rgb=array([0., 0., 0.]), text='Great job!', units=u'norm', win=Window(...), wrapWidth=1)
11.1200 	EXP 	Created text_22 = TextStim(alignHoriz='center', alignVert='center', antialias=True, autoLog=True, bold=False, color='black', colorSpace='named', contrast=1.0, depth=-1.0, flipHoriz=False, flipVert=False, font='Arial', fontFiles=[], height=0.1, italic=False, name='text_22', opacity=1.0, ori=0, pos=array([0., 0.]), rgb=array([0., 0., 0.]), text=newstr(...), units=u'norm', win=Window(...), wrapWidth=1)
11.1466 	EXP 	Created text_21 = TextStim(alignHoriz='center', alignVert='center', antialias=True, autoLog=True, bold=False, color='black', colorSpace='named', contrast=1.0, depth=-2.0, flipHoriz=False, flipVert=False, font='Arial', fontFiles=[], height=0.1, italic=False, name='text_21', opacity=1.0, ori=0, pos=array([0., 0.]), rgb=array([0., 0., 0.]), text=newstr(...), units=u'norm', win=Window(...), wrapWidth=1)
11.1794 	EXP 	Created text_23 = TextStim(alignHoriz='center', alignVert='center', antialias=True, autoLog=True, bold=False, color='black', colorSpace='named', contrast=1.0, depth=-3.0, flipHoriz=False, flipVert=False, font='Arial', fontFiles=[], height=0.1, italic=False, name='text_23', opacity=1.0, ori=0, pos=array([0., 0.]), rgb=array([0., 0., 0.]), text=newstr(...), units=u'norm', win=Window(...), wrapWidth=1)
11.1905 	EXP 	Created text_24 = TextStim(alignHoriz='center', alignVert='center', antialias=True, autoLog=True, bold=False, color='black', colorSpace='named', contrast=1.0, depth=-4.0, flipHoriz=False, flipVert=False, font='Arial', fontFiles=[], height=0.1, italic=False, name='text_24', opacity=1.0, ori=0, pos=array([0., 0.]), rgb=array([0., 0., 0.]), text="Okay! Let's get going.", units=u'norm', win=Window(...), wrapWidth=1)
11.2045 	EXP 	Created text_3 = TextStim(alignHoriz='center', alignVert='center', antialias=True, autoLog=True, bold=False, color='black', colorSpace='named', contrast=1.0, depth=-1.0, flipHoriz=False, flipVert=False, font='Arial', fontFiles=[], height=0.1, italic=False, name='text_3', opacity=1.0, ori=0, pos=array([0., 0.]), rgb=array([0., 0., 0.]), text='The matching task will begin soon', units=u'norm', win=Window(...), wrapWidth=1)
11.2059 	EXP 	Created image = ImageStim(autoLog=True, color=array([1., 1., 1.]), colorSpace='rgb', contrast=1.0, depth=0.0, flipHoriz=False, flipVert=False, image='sin', interpolate=True, mask=None, maskParams=None, name='image', opacity=1.0, ori=0.0, pos=array([-200.,    0.]), size=array([1., 1.]), texRes=128, units='pix', win=Window(...))
11.2136 	EXP 	Created text = TextStim(alignHoriz='center', alignVert='center', antialias=True, autoLog=True, bold=False, color='black', colorSpace='named', contrast=1.0, depth=-1.0, flipHoriz=False, flipVert=False, font='Arial', fontFiles=[], height=0.1, italic=False, name='text', opacity=1.0, ori=0, pos=array([0.2, 0. ]), rgb=array([0., 0., 0.]), text='default text', units=u'norm', win=Window(...), wrapWidth=1)
11.2202 	EXP 	Created text_2 = TextStim(alignHoriz='center', alignVert='center', antialias=True, autoLog=True, bold=False, color='black', colorSpace='named', contrast=1.0, depth=0.0, flipHoriz=False, flipVert=False, font='Arial', fontFiles=[], height=0.1, italic=False, name='text_2', opacity=1.0, ori=0, pos=array([0., 0.]), rgb=array([0., 0., 0.]), text='default text', units=u'norm', win=Window(...), wrapWidth=1)
11.2315 	EXP 	Created text_4 = TextStim(alignHoriz='center', alignVert='center', antialias=True, autoLog=True, bold=False, color='black', colorSpace='named', contrast=1.0, depth=0.0, flipHoriz=False, flipVert=False, font='Arial', fontFiles=[], height=0.1, italic=False, name='text_4', opacity=1.0, ori=0, pos=array([0., 0.]), rgb=array([0., 0., 0.]), text='This round is now complete', units=u'norm', win=Window(...), wrapWidth=1)
11.2436 	EXP 	Created text_5 = TextStim(alignHoriz='center', alignVert='center', antialias=True, autoLog=True, bold=False, color='black', colorSpace='named', contrast=1.0, depth=0.0, flipHoriz=False, flipVert=False, font='Arial', fontFiles=[], height=0.1, italic=False, name='text_5', opacity=1.0, ori=0, pos=array([0., 0.]), rgb=array([0., 0., 0.]), text='Thank you for participating!', units=u'norm', win=Window(...), wrapWidth=1)
11.2668 	EXP 	Created text_6 = TextStim(alignHoriz='center', alignVert='center', antialias=True, autoLog=True, bold=False, color='black', colorSpace='named', contrast=1.0, depth=-1.0, flipHoriz=False, flipVert=False, font='Arial', fontFiles=[], height=0.1, italic=False, name='text_6', opacity=1.0, ori=0, pos=array([0., 0.]), rgb=array([0., 0., 0.]), text=newstr(...), units=u'norm', win=Window(...), wrapWidth=1)
11.2842 	EXP 	Created text_7 = TextStim(alignHoriz='center', alignVert='center', antialias=True, autoLog=True, bold=False, color='black', colorSpace='named', contrast=1.0, depth=-2.0, flipHoriz=False, flipVert=False, font='Arial', fontFiles=[], height=0.1, italic=False, name='text_7', opacity=1.0, ori=0, pos=array([0., 0.]), rgb=array([0., 0., 0.]), text='An experimenter will come by to assist you', units=u'norm', win=Window(...), wrapWidth=1)
11.3121 	EXP 	text_8: autoDraw = True
14.3027 	EXP 	text_8: autoDraw = False
14.3027 	EXP 	text_9: autoDraw = True
20.3036 	EXP 	text_9: autoDraw = False
20.3036 	EXP 	text_10: autoDraw = True
26.3039 	EXP 	text_10: autoDraw = False
26.3039 	EXP 	text_13: autoDraw = True
32.3232 	EXP 	Imported images.xlsx as conditions, 1 conditions, 3 params
32.3236 	EXP 	Created sequence: random, trialTypes=1, nReps=1, seed=None
32.3239 	EXP 	New trial (rep=0, index=0): OrderedDict([(u'images', u'images/volleyball.jpg'), (u'name', u'volley ball'), (u'corrAns', u'z')])
32.6680 	EXP 	text_8: autoDraw = False
32.6680 	EXP 	text_9: autoDraw = False
32.6680 	EXP 	text_10: autoDraw = False
32.6680 	EXP 	text_13: autoDraw = False
32.6680 	EXP 	image_2: image = u'images/volleyball.jpg'
32.6680 	EXP 	text_12: text = u'volley ball'
32.6680 	EXP 	image_2: autoDraw = True
32.6680 	EXP 	text_12: autoDraw = True
35.3174 	EXP 	image_2: autoDraw = False
35.3174 	EXP 	text_12: autoDraw = False
35.3174 	EXP 	text_14: autoDraw = True
41.3205 	EXP 	text_14: autoDraw = False
41.3205 	EXP 	text_15: autoDraw = True
47.3200 	EXP 	text_15: autoDraw = False
47.3200 	EXP 	text_16: autoDraw = True
53.3207 	EXP 	text_16: autoDraw = False
53.3207 	EXP 	text_17: autoDraw = True
59.3111 	EXP 	Imported images.xlsx as conditions, 1 conditions, 3 params
59.3114 	EXP 	Created sequence: random, trialTypes=1, nReps=1, seed=None
59.3117 	EXP 	New trial (rep=0, index=0): OrderedDict([(u'images', u'images/puma.jpg'), (u'name', u'puma'), (u'corrAns', u'z')])
59.5012 	EXP 	text_14: autoDraw = False
59.5012 	EXP 	text_15: autoDraw = False
59.5012 	EXP 	text_16: autoDraw = False
59.5012 	EXP 	text_17: autoDraw = False
59.5012 	EXP 	image_3: image = u'images/puma.jpg'
59.5012 	EXP 	text_18: text = u'puma'
59.5012 	EXP 	image_3: autoDraw = True
59.5012 	EXP 	text_18: autoDraw = True
59.9790 	DATA 	Keypress: z
60.0022 	EXP 	image_3: autoDraw = False
60.0022 	EXP 	text_18: autoDraw = False
60.0022 	EXP 	text_20: autoDraw = True
66.0027 	EXP 	text_20: autoDraw = False
66.0027 	EXP 	text_22: autoDraw = True
72.0034 	EXP 	text_22: autoDraw = False
72.0034 	EXP 	text_21: autoDraw = True
78.0037 	EXP 	text_21: autoDraw = False
78.0037 	EXP 	text_23: autoDraw = True
86.0008 	EXP 	text_23: autoDraw = False
86.0177 	EXP 	text_24: autoDraw = True
92.0001 	EXP 	Imported sounds.xlsx as conditions, 2 conditions, 1 params
92.0016 	EXP 	Created sequence: random, trialTypes=2, nReps=1, seed=None
92.0021 	EXP 	New trial (rep=0, index=0): OrderedDict([(u'sounds', u'sounds/greatgatsby_chinese.wav')])
92.1318 	EXP 	Set  sound=sounds/greatgatsby_chinese.wav
92.1319 	EXP 	Sound  started
92.1519 	EXP 	text_24: autoDraw = False
92.1519 	EXP 	text_20: autoDraw = False
92.1519 	EXP 	text_22: autoDraw = False
92.1519 	EXP 	text_21: autoDraw = False
92.1519 	EXP 	text_23: autoDraw = False
92.1519 	EXP 	text_24: autoDraw = False
92.1519 	EXP 	text_3: autoDraw = True
102.0361 	EXP 	Imported images.xlsx as conditions, 240 conditions, 3 params
102.0371 	EXP 	Created sequence: random, trialTypes=240, nReps=5, seed=None
102.0374 	EXP 	New trial (rep=0, index=0): OrderedDict([(u'images', u'images/floorlamp.jpg'), (u'name', u'floor lamp'), (u'corrAns', u'z')])
102.2004 	EXP 	text_3: autoDraw = False
102.2004 	EXP 	text_3: autoDraw = False
102.2004 	EXP 	image: image = u'images/floorlamp.jpg'
102.2004 	EXP 	image: size = array([300., 300.])
102.2004 	EXP 	text: text = u'floor lamp'
102.2004 	EXP 	image: autoDraw = True
102.2004 	EXP 	text: autoDraw = True
105.1866 	EXP 	image: autoDraw = False
105.1866 	EXP 	text: autoDraw = False
105.1866 	EXP 	image: autoDraw = False
105.1866 	EXP 	text: autoDraw = False
105.1866 	EXP 	text_2: text = 'Failed to respond'
105.1866 	EXP 	text_2: autoDraw = True
106.1547 	EXP 	New trial (rep=0, index=1): OrderedDict([(u'images', u'images/apple06.jpg'), (u'name', u'apple'), (u'corrAns', u'z')])
106.3855 	EXP 	text_2: autoDraw = False
106.3855 	EXP 	text_2: autoDraw = False
106.3855 	EXP 	image: image = u'images/apple06.jpg'
106.3855 	EXP 	image: size = array([300., 300.])
106.3855 	EXP 	text: text = u'apple'
106.3855 	EXP 	image: autoDraw = True
106.3855 	EXP 	text: autoDraw = True
108.4528 	DATA 	Keypress: z
108.4870 	EXP 	image: autoDraw = False
108.4870 	EXP 	text: autoDraw = False
108.4870 	EXP 	text_2: text = 'Correct!'
108.4870 	EXP 	text_2: autoDraw = True
109.4542 	EXP 	New trial (rep=0, index=2): OrderedDict([(u'images', u'images/headphones02b.jpg'), (u'name', u'headphones'), (u'corrAns', u'z')])
109.6520 	EXP 	text_2: autoDraw = False
109.6520 	EXP 	text_2: autoDraw = False
109.6520 	EXP 	image: image = u'images/headphones02b.jpg'
109.6520 	EXP 	image: size = array([300., 300.])
109.6520 	EXP 	text: text = u'headphones'
109.6520 	EXP 	image: autoDraw = True
109.6520 	EXP 	text: autoDraw = True
110.3526 	DATA 	Keypress: x
110.3740 	EXP 	image: autoDraw = False
110.3740 	EXP 	text: autoDraw = False
110.3740 	EXP 	text_2: text = 'Wrong.'
110.3740 	EXP 	text_2: autoDraw = True
111.3537 	EXP 	New trial (rep=0, index=3): OrderedDict([(u'images', u'images/atm.jpg'), (u'name', u'atm'), (u'corrAns', u'z')])
111.5959 	EXP 	text_2: autoDraw = False
111.5959 	EXP 	text_2: autoDraw = False
111.5959 	EXP 	image: image = u'images/atm.jpg'
111.5959 	EXP 	image: size = array([300., 300.])
111.5959 	EXP 	text: text = u'atm'
111.5959 	EXP 	image: autoDraw = True
111.5959 	EXP 	text: autoDraw = True
112.5377 	DATA 	Keypress: z
112.5690 	EXP 	image: autoDraw = False
112.5690 	EXP 	text: autoDraw = False
112.5690 	EXP 	text_2: text = 'Correct!'
112.5690 	EXP 	text_2: autoDraw = True
113.5372 	EXP 	New trial (rep=0, index=4): OrderedDict([(u'images', u'images/lightbulb03b.jpg'), (u'name', u'treadmill'), (u'corrAns', u'x')])
113.7165 	EXP 	text_2: autoDraw = False
113.7165 	EXP 	text_2: autoDraw = False
113.7165 	EXP 	image: image = u'images/lightbulb03b.jpg'
113.7165 	EXP 	image: size = array([300., 300.])
113.7165 	EXP 	text: text = u'treadmill'
113.7165 	EXP 	image: autoDraw = True
113.7165 	EXP 	text: autoDraw = True
114.2860 	DATA 	Keypress: escape
114.5624 	EXP 	window1: mouseVisible = True
