9.3790 	EXP 	Created window1 = Window(allowGUI=False, allowStencil=False, args=UNKNOWN, autoLog=True, bitsMode=UNKNOWN, blendMode='avg', color=array([1., 1., 1.]), colorSpace='rgb', fullscr=UNKNOWN, gamma=None, kwargs=UNKNOWN, lms=UNKNOWN, monitor=<psychopy.monitors.calibTools.Monitor object at 0x112db1cd0>, multiSample=False, name='window1', numSamples=2, pos=[-840, -525], screen=0, size=array([3360, 2100]), stereo=False, units=u'norm', useFBO=True, useRetina=True, viewOri=0.0, viewPos=None, viewScale=None, waitBlanking=True, winType=u'pyglet')
9.3790 	EXP 	window1: recordFrameIntervals = False
9.5427 	EXP 	window1: recordFrameIntervals = True
9.7282 	EXP 	window1: recordFrameIntervals = False
9.7299 	EXP 	Created image = ImageStim(autoLog=True, color=array([1., 1., 1.]), colorSpace='rgb', contrast=1.0, depth=0.0, flipHoriz=False, flipVert=False, image='sin', interpolate=True, mask=None, maskParams=None, name='image', opacity=1.0, ori=0.0, pos=array([-100.,    0.]), size=array([1., 1.]), texRes=128, units='pix', win=Window(...))
9.8487 	EXP 	Created text = TextStim(alignHoriz='center', alignVert='center', antialias=True, autoLog=True, bold=False, color='black', colorSpace='named', contrast=1.0, depth=-1.0, flipHoriz=False, flipVert=False, font='Arial', fontFiles=[], height=0.1, italic=False, name='text', opacity=1.0, ori=0, pos=array([0.2, 0. ]), rgb=array([0., 0., 0.]), text='default text', units=u'norm', win=Window(...), wrapWidth=1)
9.8556 	EXP 	Created text_2 = TextStim(alignHoriz='center', alignVert='center', antialias=True, autoLog=True, bold=False, color='black', colorSpace='named', contrast=1.0, depth=0.0, flipHoriz=False, flipVert=False, font='Arial', fontFiles=[], height=0.1, italic=False, name='text_2', opacity=1.0, ori=0, pos=array([0., 0.]), rgb=array([0., 0., 0.]), text='default text', units=u'norm', win=Window(...), wrapWidth=1)
9.8637 	EXP 	Imported images.xlsx as conditions, 13 conditions, 3 params
9.8641 	EXP 	Created sequence: random, trialTypes=13, nReps=5, seed=None
9.8644 	EXP 	New trial (rep=0, index=0): OrderedDict([(u'images', u'images/banjo.jpg'), (u'name', u'banjo'), (u'corrAns', u'z')])
10.1368 	EXP 	image: image = u'images/banjo.jpg'
10.1368 	EXP 	image: size = array([300., 300.])
10.1368 	EXP 	text: text = u'banjo'
10.1368 	EXP 	image: autoDraw = True
10.1368 	EXP 	text: autoDraw = True
11.8797 	EXP 	image: autoDraw = False
11.8797 	EXP 	text: autoDraw = False
11.8797 	EXP 	text_2: text = 'doh!'
11.8797 	EXP 	text_2: autoDraw = True
12.8617 	EXP 	New trial (rep=0, index=1): OrderedDict([(u'images', u'images/banana04a.jpg'), (u'name', u'banana'), (u'corrAns', u'z')])
13.0257 	EXP 	text_2: autoDraw = False
13.0257 	EXP 	image: image = u'images/banana04a.jpg'
13.0257 	EXP 	image: size = array([300., 300.])
13.0257 	EXP 	text: text = u'banana'
13.0257 	EXP 	image: autoDraw = True
13.0257 	EXP 	text: autoDraw = True
13.8032 	DATA 	Keypress: s
14.8954 	EXP 	image: autoDraw = False
14.8954 	EXP 	text: autoDraw = False
14.8954 	EXP 	text_2: text = 'Failed to respond'
14.8954 	EXP 	text_2: autoDraw = True
15.8630 	EXP 	New trial (rep=0, index=2): OrderedDict([(u'images', u'images/antelope.jpg'), (u'name', u'antelope'), (u'corrAns', u'z')])
16.0262 	EXP 	text_2: autoDraw = False
16.0262 	EXP 	image: image = u'images/antelope.jpg'
16.0262 	EXP 	image: size = array([300., 300.])
16.0262 	EXP 	text: text = u'antelope'
16.0262 	EXP 	image: autoDraw = True
16.0262 	EXP 	text: autoDraw = True
16.7605 	DATA 	Keypress: x
17.0272 	EXP 	window1: mouseVisible = True
