7.7606 	WARNING 	User requested fullscreen with size [1024  768], but screen is actually [1680, 1050]. Using actual size
8.8618 	EXP 	Created window1 = Window(allowGUI=False, allowStencil=False, args=UNKNOWN, autoLog=True, bitsMode=UNKNOWN, blendMode='avg', color=array([0., 0., 0.]), colorSpace='rgb', fullscr=UNKNOWN, gamma=None, kwargs=UNKNOWN, lms=UNKNOWN, monitor=<psychopy.monitors.calibTools.Monitor object at 0x12ee5e400>, multiSample=False, name='window1', numSamples=2, pos=[-840.0, -525.0], screen=0, size=array([3360, 2100]), stereo=False, units='norm', useFBO=True, useRetina=True, viewOri=0.0, viewPos=None, viewScale=None, waitBlanking=True, winType='pyglet')
8.8618 	EXP 	window1: recordFrameIntervals = False
9.0290 	EXP 	window1: recordFrameIntervals = True
9.2118 	EXP 	window1: recordFrameIntervals = False
9.2136 	EXP 	Created image = ImageStim(__class__=<class 'psychopy.visual.image.ImageStim'>, autoLog=True, color=array([1., 1., 1.]), colorSpace='rgb', contrast=1.0, depth=0.0, flipHoriz=False, flipVert=False, image='sin', interpolate=True, mask=None, maskParams=None, name='image', opacity=1.0, ori=0.0, pos=array([0., 0.]), size=array([1., 1.]), texRes=128, units='pix', win=Window(...))
9.3170 	EXP 	Created text = TextStim(__class__=<class 'psychopy.visual.text.TextStim'>, alignHoriz='center', alignVert='center', antialias=True, autoLog=True, bold=False, color='white', colorSpace='named', contrast=1.0, depth=-1.0, flipHoriz=False, flipVert=False, font='Arial', fontFiles=[], height=0.1, italic=False, name='text', opacity=1.0, ori=0, pos=array([0.5, 0.5]), rgb=array([255., 255., 255.]), text='default text', units='norm', win=Window(...), wrapWidth=1)
9.3284 	EXP 	Imported images.xlsx as conditions, 13 conditions, 3 params
9.3288 	EXP 	Created sequence: random, trialTypes=13, nReps=5, seed=None
9.3291 	EXP 	New trial (rep=0, index=0): OrderedDict([('images', 'images/almond.jpg'), ('name', 'apple'), ('corrAns', 'x')])
9.6092 	EXP 	image: size = array([300., 300.])
9.6092 	EXP 	image: image = 'images/almond.jpg'
9.6092 	EXP 	text: text = 'apple'
9.6092 	EXP 	image: autoDraw = True
9.6092 	EXP 	text: autoDraw = True
11.3264 	EXP 	New trial (rep=0, index=1): OrderedDict([('images', 'images/banjo.jpg'), ('name', 'banjo'), ('corrAns', 'z')])
11.4773 	EXP 	image: autoDraw = False
11.4773 	EXP 	text: autoDraw = False
11.4773 	EXP 	image: size = array([300., 300.])
11.4773 	EXP 	image: image = 'images/banjo.jpg'
11.4773 	EXP 	text: text = 'banjo'
11.4773 	EXP 	image: autoDraw = True
11.4773 	EXP 	text: autoDraw = True
13.3264 	EXP 	New trial (rep=0, index=2): OrderedDict([('images', 'images/acorn.jpg'), ('name', 'tree'), ('corrAns', 'x')])
13.5100 	EXP 	image: autoDraw = False
13.5100 	EXP 	text: autoDraw = False
13.5100 	EXP 	image: size = array([300., 300.])
13.5100 	EXP 	image: image = 'images/acorn.jpg'
13.5100 	EXP 	text: text = 'tree'
13.5100 	EXP 	image: autoDraw = True
13.5100 	EXP 	text: autoDraw = True
15.3270 	EXP 	New trial (rep=0, index=3): OrderedDict([('images', 'images/armadillo.jpg'), ('name', 'armadillo'), ('corrAns', 'z')])
15.5100 	EXP 	image: autoDraw = False
15.5100 	EXP 	text: autoDraw = False
15.5100 	EXP 	image: size = array([300., 300.])
15.5100 	EXP 	image: image = 'images/armadillo.jpg'
15.5100 	EXP 	text: text = 'armadillo'
15.5100 	EXP 	image: autoDraw = True
15.5100 	EXP 	text: autoDraw = True
17.3268 	EXP 	New trial (rep=0, index=4): OrderedDict([('images', 'images/apple01.jpg'), ('name', 'apple'), ('corrAns', 'z')])
17.5428 	EXP 	image: autoDraw = False
17.5428 	EXP 	text: autoDraw = False
17.5428 	EXP 	image: size = array([300., 300.])
17.5428 	EXP 	image: image = 'images/apple01.jpg'
17.5428 	EXP 	text: text = 'apple'
17.5428 	EXP 	image: autoDraw = True
17.5428 	EXP 	text: autoDraw = True
19.0799 	DATA 	Keypress: escape
19.3516 	EXP 	window1: mouseVisible = True
5.6840 	WARNING 	User requested fullscreen with size [1024  768], but screen is actually [1680, 1050]. Using actual size
6.4858 	EXP 	Created window1 = Window(allowGUI=False, allowStencil=False, args=UNKNOWN, autoLog=True, bitsMode=UNKNOWN, blendMode='avg', color=array([0., 0., 0.]), colorSpace='rgb', fullscr=UNKNOWN, gamma=None, kwargs=UNKNOWN, lms=UNKNOWN, monitor=<psychopy.monitors.calibTools.Monitor object at 0x128fa3978>, multiSample=False, name='window1', numSamples=2, pos=[-840.0, -525.0], screen=0, size=array([3360, 2100]), stereo=False, units='norm', useFBO=True, useRetina=True, viewOri=0.0, viewPos=None, viewScale=None, waitBlanking=True, winType='pyglet')
6.4859 	EXP 	window1: recordFrameIntervals = False
6.6855 	EXP 	window1: recordFrameIntervals = True
6.8855 	WARNING 	t of last frame was 20.07ms (=1/49)
7.0530 	EXP 	window1: recordFrameIntervals = False
7.0551 	EXP 	Created image = ImageStim(__class__=<class 'psychopy.visual.image.ImageStim'>, autoLog=True, color=array([1., 1., 1.]), colorSpace='rgb', contrast=1.0, depth=0.0, flipHoriz=False, flipVert=False, image='sin', interpolate=True, mask=None, maskParams=None, name='image', opacity=1.0, ori=0.0, pos=array([0.3, 0.3]), size=array([1., 1.]), texRes=128, units='pix', win=Window(...))
7.1274 	EXP 	Created text = TextStim(__class__=<class 'psychopy.visual.text.TextStim'>, alignHoriz='center', alignVert='center', antialias=True, autoLog=True, bold=False, color='white', colorSpace='named', contrast=1.0, depth=-1.0, flipHoriz=False, flipVert=False, font='Arial', fontFiles=[], height=0.1, italic=False, name='text', opacity=1.0, ori=0, pos=array([0.5, 0.5]), rgb=array([255., 255., 255.]), text='default text', units='norm', win=Window(...), wrapWidth=1)
7.1354 	EXP 	Imported images.xlsx as conditions, 13 conditions, 3 params
7.1357 	EXP 	Created sequence: random, trialTypes=13, nReps=5, seed=None
7.1360 	EXP 	New trial (rep=0, index=0): OrderedDict([('images', 'images/alligator.jpg'), ('name', 'deer'), ('corrAns', 'x')])
7.3989 	EXP 	image: size = array([300., 300.])
7.3989 	EXP 	image: image = 'images/alligator.jpg'
7.3989 	EXP 	text: text = 'deer'
7.3989 	EXP 	image: autoDraw = True
7.3989 	EXP 	text: autoDraw = True
9.1328 	EXP 	New trial (rep=0, index=1): OrderedDict([('images', 'images/antlers.jpg'), ('name', 'antlers'), ('corrAns', 'z')])
9.2958 	EXP 	image: autoDraw = False
9.2958 	EXP 	text: autoDraw = False
9.2958 	EXP 	image: size = array([300., 300.])
9.2958 	EXP 	image: image = 'images/antlers.jpg'
9.2958 	EXP 	text: text = 'antlers'
9.2958 	EXP 	image: autoDraw = True
9.2958 	EXP 	text: autoDraw = True
11.1324 	EXP 	New trial (rep=0, index=2): OrderedDict([('images', 'images/banana04a.jpg'), ('name', 'banana'), ('corrAns', 'z')])
11.2993 	EXP 	image: autoDraw = False
11.2993 	EXP 	text: autoDraw = False
11.2993 	EXP 	image: size = array([300., 300.])
11.2993 	EXP 	image: image = 'images/banana04a.jpg'
11.2993 	EXP 	text: text = 'banana'
11.2993 	EXP 	image: autoDraw = True
11.2993 	EXP 	text: autoDraw = True
12.0531 	DATA 	Keypress: escape
12.3243 	EXP 	window1: mouseVisible = True
