11.3153 	WARNING 	User requested fullscreen with size [1024  768], but screen is actually [1680, 1050]. Using actual size
12.7722 	EXP 	Created window1 = Window(allowGUI=False, allowStencil=False, args=UNKNOWN, autoLog=True, bitsMode=UNKNOWN, blendMode='avg', color=array([0., 0., 0.]), colorSpace='rgb', fullscr=UNKNOWN, gamma=None, kwargs=UNKNOWN, lms=UNKNOWN, monitor=<psychopy.monitors.calibTools.Monitor object at 0x129058908>, multiSample=False, name='window1', numSamples=2, pos=[-840.0, -525.0], screen=0, size=array([3360, 2100]), stereo=False, units='norm', useFBO=True, useRetina=True, viewOri=0.0, viewPos=None, viewScale=None, waitBlanking=True, winType='pyglet')
12.7723 	EXP 	window1: recordFrameIntervals = False
12.9382 	EXP 	window1: recordFrameIntervals = True
13.1211 	EXP 	window1: recordFrameIntervals = False
13.1306 	EXP 	Created image = ImageStim(__class__=<class 'psychopy.visual.image.ImageStim'>, autoLog=True, color=array([1., 1., 1.]), colorSpace='rgb', contrast=1.0, depth=0.0, flipHoriz=False, flipVert=False, image='sin', interpolate=True, mask=None, maskParams=None, name='image', opacity=1.0, ori=0.0, pos=array([0., 0.]), size=array([0.5, 0.5]), texRes=128, units='norm', win=Window(...))
13.1389 	EXP 	Imported images.xlsx as conditions, 7 conditions, 1 params
13.1393 	EXP 	Created sequence: random, trialTypes=7, nReps=5, seed=None
13.1397 	EXP 	New trial (rep=0, index=0): OrderedDict([('images', 'images/banana04a.png')])
13.4181 	EXP 	window1: mouseVisible = True
7.2952 	WARNING 	User requested fullscreen with size [1024  768], but screen is actually [1680, 1050]. Using actual size
8.4341 	EXP 	Created window1 = Window(allowGUI=False, allowStencil=False, args=UNKNOWN, autoLog=True, bitsMode=UNKNOWN, blendMode='avg', color=array([0., 0., 0.]), colorSpace='rgb', fullscr=UNKNOWN, gamma=None, kwargs=UNKNOWN, lms=UNKNOWN, monitor=<psychopy.monitors.calibTools.Monitor object at 0x128e4e908>, multiSample=False, name='window1', numSamples=2, pos=[-840.0, -525.0], screen=0, size=array([3360, 2100]), stereo=False, units='norm', useFBO=True, useRetina=True, viewOri=0.0, viewPos=None, viewScale=None, waitBlanking=True, winType='pyglet')
8.4341 	EXP 	window1: recordFrameIntervals = False
8.6007 	EXP 	window1: recordFrameIntervals = True
8.7860 	EXP 	window1: recordFrameIntervals = False
8.7889 	EXP 	Created image = ImageStim(__class__=<class 'psychopy.visual.image.ImageStim'>, autoLog=True, color=array([1., 1., 1.]), colorSpace='rgb', contrast=1.0, depth=0.0, flipHoriz=False, flipVert=False, image='sin', interpolate=True, mask=None, maskParams=None, name='image', opacity=1.0, ori=0.0, pos=array([0., 0.]), size=array([1., 1.]), texRes=128, units='norm', win=Window(...))
8.7962 	EXP 	Imported images.xlsx as conditions, 7 conditions, 1 params
8.7966 	EXP 	Created sequence: random, trialTypes=7, nReps=5, seed=None
8.7968 	EXP 	New trial (rep=0, index=0): OrderedDict([('images', 'images/breadknife.png')])
9.0704 	EXP 	window1: mouseVisible = True
